<?xml version="1.0" encoding="UTF-8"?>
<coverage generated="1774391092729" clover="3.2.0">
  <project timestamp="1774391092729" name="All files">
    <metrics statements="503" coveredstatements="493" conditionals="390" coveredconditionals="341" methods="228" coveredmethods="201" elements="1121" coveredelements="1035" complexity="0" loc="503" ncloc="503" packages="3" files="11" classes="11"/>
    <package name="src">
      <metrics statements="230" coveredstatements="224" conditionals="128" coveredconditionals="98" methods="108" coveredmethods="90"/>
      <file name="App.tsx" path="/Users/darshanaswathappa/Desktop/env-manager/src/App.tsx">
        <metrics statements="228" coveredstatements="222" conditionals="126" coveredconditionals="96" methods="107" coveredmethods="89"/>
        <line num="23" count="1" type="stmt"/>
        <line num="24" count="1" type="stmt"/>
        <line num="25" count="1" type="stmt"/>
        <line num="27" count="1" type="stmt"/>
        <line num="35" count="35" type="stmt"/>
        <line num="36" count="35" type="stmt"/>
        <line num="37" count="35" type="cond" truecount="2" falsecount="0"/>
        <line num="38" count="1" type="stmt"/>
        <line num="40" count="0" type="stmt"/>
        <line num="45" count="35" type="stmt"/>
        <line num="50" count="46" type="cond" truecount="2" falsecount="0"/>
        <line num="51" count="46" type="stmt"/>
        <line num="52" count="292" type="stmt"/>
        <line num="53" count="276" type="cond" truecount="2" falsecount="0"/>
        <line num="55" count="222" type="cond" truecount="2" falsecount="0"/>
        <line num="60" count="70" type="stmt"/>
        <line num="61" count="70" type="stmt"/>
        <line num="62" count="70" type="cond" truecount="2" falsecount="0"/>
        <line num="63" count="44" type="stmt"/>
        <line num="65" count="46" type="stmt"/>
        <line num="70" count="18" type="cond" truecount="1" falsecount="1"/>
        <line num="80" count="2" type="stmt"/>
        <line num="86" count="70" type="stmt"/>
        <line num="88" count="28" type="stmt"/>
        <line num="89" count="372" type="stmt"/>
        <line num="91" count="89" type="stmt"/>
        <line num="94" count="70" type="stmt"/>
        <line num="98" count="136" type="stmt"/>
        <line num="99" count="136" type="stmt"/>
        <line num="100" count="136" type="stmt"/>
        <line num="101" count="35" type="cond" truecount="2" falsecount="0"/>
        <line num="103" count="136" type="stmt"/>
        <line num="104" count="136" type="stmt"/>
        <line num="105" count="136" type="stmt"/>
        <line num="106" count="136" type="stmt"/>
        <line num="107" count="136" type="stmt"/>
        <line num="108" count="136" type="stmt"/>
        <line num="109" count="136" type="stmt"/>
        <line num="110" count="136" type="stmt"/>
        <line num="111" count="136" type="stmt"/>
        <line num="114" count="136" type="stmt"/>
        <line num="115" count="70" type="stmt"/>
        <line num="119" count="136" type="stmt"/>
        <line num="120" count="35" type="stmt"/>
        <line num="124" count="136" type="stmt"/>
        <line num="125" count="35" type="cond" truecount="2" falsecount="0"/>
        <line num="126" count="1" type="stmt"/>
        <line num="129" count="1" type="cond" truecount="1" falsecount="1"/>
        <line num="130" count="1" type="stmt"/>
        <line num="131" count="1" type="stmt"/>
        <line num="132" count="1" type="stmt"/>
        <line num="134" count="1" type="stmt"/>
        <line num="135" count="6" type="stmt"/>
        <line num="137" count="6" type="stmt"/>
        <line num="144" count="1" type="stmt"/>
        <line num="145" count="1" type="stmt"/>
        <line num="146" count="1" type="stmt"/>
        <line num="148" count="1" type="stmt"/>
        <line num="149" count="1" type="stmt"/>
        <line num="150" count="1" type="stmt"/>
        <line num="151" count="1" type="cond" truecount="1" falsecount="1"/>
        <line num="156" count="136" type="stmt"/>
        <line num="157" count="35" type="stmt"/>
        <line num="159" count="35" type="stmt"/>
        <line num="160" count="23" type="cond" truecount="1" falsecount="1"/>
        <line num="161" count="23" type="stmt"/>
        <line num="162" count="23" type="stmt"/>
        <line num="163" count="23" type="stmt"/>
        <line num="164" count="138" type="stmt"/>
        <line num="165" count="138" type="cond" truecount="2" falsecount="0"/>
        <line num="167" count="23" type="cond" truecount="1" falsecount="1"/>
        <line num="168" count="23" type="cond" truecount="1" falsecount="1"/>
        <line num="169" count="23" type="stmt"/>
        <line num="170" count="27" type="cond" truecount="2" falsecount="0"/>
        <line num="177" count="35" type="stmt"/>
        <line num="178" count="35" type="stmt"/>
        <line num="183" count="136" type="stmt"/>
        <line num="184" count="43" type="stmt"/>
        <line num="185" count="43" type="stmt"/>
        <line num="186" count="43" type="stmt"/>
        <line num="187" count="43" type="stmt"/>
        <line num="188" count="43" type="cond" truecount="2" falsecount="0"/>
        <line num="189" count="15" type="stmt"/>
        <line num="190" count="15" type="stmt"/>
        <line num="192" count="28" type="stmt"/>
        <line num="194" count="1" type="stmt"/>
        <line num="199" count="136" type="stmt"/>
        <line num="200" count="6" type="stmt"/>
        <line num="201" count="6" type="stmt"/>
        <line num="206" count="5" type="cond" truecount="2" falsecount="0"/>
        <line num="207" count="4" type="stmt"/>
        <line num="208" count="4" type="stmt"/>
        <line num="209" count="4" type="cond" truecount="1" falsecount="1"/>
        <line num="211" count="6" type="stmt"/>
        <line num="212" count="4" type="stmt"/>
        <line num="213" count="27" type="stmt"/>
        <line num="214" count="24" type="cond" truecount="2" falsecount="0"/>
        <line num="216" count="4" type="cond" truecount="1" falsecount="1"/>
        <line num="217" count="6" type="stmt"/>
        <line num="229" count="6" type="stmt"/>
        <line num="237" count="4" type="stmt"/>
        <line num="238" count="24" type="cond" truecount="2" falsecount="0"/>
        <line num="239" count="5" type="stmt"/>
        <line num="242" count="4" type="stmt"/>
        <line num="243" count="4" type="stmt"/>
        <line num="245" count="1" type="stmt"/>
        <line num="249" count="136" type="stmt"/>
        <line num="251" count="4" type="stmt"/>
        <line num="252" count="4" type="stmt"/>
        <line num="257" count="3" type="cond" truecount="2" falsecount="0"/>
        <line num="258" count="2" type="stmt"/>
        <line num="259" count="2" type="stmt"/>
        <line num="260" count="2" type="cond" truecount="1" falsecount="1"/>
        <line num="261" count="4" type="stmt"/>
        <line num="263" count="4" type="stmt"/>
        <line num="264" count="2" type="stmt"/>
        <line num="265" count="12" type="stmt"/>
        <line num="266" count="12" type="cond" truecount="2" falsecount="0"/>
        <line num="268" count="2" type="cond" truecount="1" falsecount="1"/>
        <line num="269" count="4" type="stmt"/>
        <line num="280" count="4" type="stmt"/>
        <line num="288" count="2" type="stmt"/>
        <line num="289" count="12" type="cond" truecount="2" falsecount="0"/>
        <line num="290" count="1" type="stmt"/>
        <line num="293" count="2" type="stmt"/>
        <line num="294" count="2" type="stmt"/>
        <line num="296" count="1" type="stmt"/>
        <line num="302" count="136" type="stmt"/>
        <line num="303" count="2" type="stmt"/>
        <line num="306" count="136" type="stmt"/>
        <line num="307" count="1" type="stmt"/>
        <line num="308" count="1" type="stmt"/>
        <line num="309" count="1" type="stmt"/>
        <line num="310" count="1" type="stmt"/>
        <line num="311" count="1" type="cond" truecount="1" falsecount="1"/>
        <line num="312" count="1" type="cond" truecount="2" falsecount="0"/>
        <line num="314" count="1" type="stmt"/>
        <line num="319" count="136" type="stmt"/>
        <line num="321" count="1" type="cond" truecount="1" falsecount="1"/>
        <line num="322" count="1" type="stmt"/>
        <line num="323" count="1" type="stmt"/>
        <line num="324" count="1" type="cond" truecount="1" falsecount="1"/>
        <line num="325" count="1" type="stmt"/>
        <line num="326" count="1" type="cond" truecount="1" falsecount="1"/>
        <line num="328" count="1" type="stmt"/>
        <line num="332" count="6" type="cond" truecount="2" falsecount="0"/>
        <line num="341" count="136" type="stmt"/>
        <line num="342" count="1" type="cond" truecount="1" falsecount="1"/>
        <line num="343" count="1" type="stmt"/>
        <line num="350" count="1" type="stmt"/>
        <line num="351" count="1" type="stmt"/>
        <line num="352" count="1" type="cond" truecount="1" falsecount="1"/>
        <line num="353" count="1" type="stmt"/>
        <line num="354" count="1" type="stmt"/>
        <line num="358" count="6" type="cond" truecount="2" falsecount="0"/>
        <line num="363" count="1" type="stmt"/>
        <line num="366" count="136" type="stmt"/>
        <line num="368" count="1" type="cond" truecount="1" falsecount="1"/>
        <line num="369" count="1" type="stmt"/>
        <line num="370" count="1" type="stmt"/>
        <line num="371" count="1" type="cond" truecount="1" falsecount="1"/>
        <line num="372" count="1" type="stmt"/>
        <line num="373" count="1" type="stmt"/>
        <line num="377" count="6" type="cond" truecount="2" falsecount="0"/>
        <line num="381" count="1" type="stmt"/>
        <line num="382" count="1" type="cond" truecount="1" falsecount="1"/>
        <line num="383" count="1" type="stmt"/>
        <line num="385" count="1" type="stmt"/>
        <line num="387" count="1" type="cond" truecount="1" falsecount="1"/>
        <line num="392" count="136" type="stmt"/>
        <line num="394" count="1" type="cond" truecount="1" falsecount="1"/>
        <line num="395" count="1" type="stmt"/>
        <line num="396" count="1" type="stmt"/>
        <line num="397" count="1" type="cond" truecount="1" falsecount="1"/>
        <line num="398" count="1" type="stmt"/>
        <line num="399" count="1" type="cond" truecount="1" falsecount="1"/>
        <line num="401" count="1" type="stmt"/>
        <line num="405" count="6" type="cond" truecount="2" falsecount="0"/>
        <line num="414" count="136" type="stmt"/>
        <line num="415" count="1" type="stmt"/>
        <line num="416" count="1" type="cond" truecount="3" falsecount="1"/>
        <line num="418" count="1" type="stmt"/>
        <line num="419" count="1" type="stmt"/>
        <line num="421" count="1" type="stmt"/>
        <line num="423" count="1" type="stmt"/>
        <line num="424" count="1" type="stmt"/>
        <line num="425" count="1" type="cond" truecount="1" falsecount="1"/>
        <line num="430" count="6" type="cond" truecount="2" falsecount="0"/>
        <line num="436" count="1" type="cond" truecount="1" falsecount="1"/>
        <line num="437" count="1" type="stmt"/>
        <line num="442" count="1" type="stmt"/>
        <line num="443" count="1" type="stmt"/>
        <line num="444" count="1" type="stmt"/>
        <line num="448" count="136" type="stmt"/>
        <line num="449" count="0" type="stmt"/>
        <line num="450" count="0" type="stmt"/>
        <line num="453" count="136" type="stmt"/>
        <line num="454" count="2" type="stmt"/>
        <line num="455" count="1" type="stmt"/>
        <line num="456" count="1" type="stmt"/>
        <line num="457" count="1" type="stmt"/>
        <line num="461" count="136" type="stmt"/>
        <line num="462" count="2" type="stmt"/>
        <line num="463" count="2" type="cond" truecount="1" falsecount="1"/>
        <line num="464" count="2" type="stmt"/>
        <line num="465" count="2" type="stmt"/>
        <line num="466" count="2" type="stmt"/>
        <line num="467" count="1" type="stmt"/>
        <line num="468" count="1" type="stmt"/>
        <line num="470" count="1" type="stmt"/>
        <line num="471" count="1" type="stmt"/>
        <line num="472" count="1" type="stmt"/>
        <line num="477" count="136" type="cond" truecount="2" falsecount="0"/>
        <line num="479" count="136" type="cond" truecount="2" falsecount="0"/>
        <line num="480" count="136" type="stmt"/>
        <line num="483" count="136" type="cond" truecount="1" falsecount="1"/>
        <line num="484" count="0" type="stmt"/>
        <line num="487" count="135" type="stmt"/>
        <line num="496" count="3" type="stmt"/>
        <line num="497" count="3" type="stmt"/>
        <line num="549" count="1" type="stmt"/>
        <line num="558" count="1" type="stmt"/>
        <line num="561" count="1" type="stmt"/>
        <line num="575" count="1" type="stmt"/>
        <line num="583" count="3" type="stmt"/>
        <line num="586" count="1" type="stmt"/>
        <line num="598" count="0" type="stmt"/>
        <line num="599" count="0" type="stmt"/>
      </file>
      <file name="types.ts" path="/Users/darshanaswathappa/Desktop/env-manager/src/types.ts">
        <metrics statements="2" coveredstatements="2" conditionals="2" coveredconditionals="2" methods="1" coveredmethods="1"/>
        <line num="16" count="4" type="stmt"/>
        <line num="19" count="1020" type="cond" truecount="2" falsecount="0"/>
      </file>
    </package>
    <package name="src.components">
      <metrics statements="202" coveredstatements="200" conditionals="229" coveredconditionals="211" methods="85" coveredmethods="78"/>
      <file name="EnvironmentToggle.tsx" path="/Users/darshanaswathappa/Desktop/env-manager/src/components/EnvironmentToggle.tsx">
        <metrics statements="4" coveredstatements="4" conditionals="4" coveredconditionals="4" methods="3" coveredmethods="3"/>
        <line num="11" count="115" type="stmt"/>
        <line num="17" count="4" type="stmt"/>
        <line num="18" count="4" type="cond" truecount="2" falsecount="0"/>
        <line num="23" count="690" type="stmt"/>
      </file>
      <file name="Onboarding.tsx" path="/Users/darshanaswathappa/Desktop/env-manager/src/components/Onboarding.tsx">
        <metrics statements="58" coveredstatements="58" conditionals="50" coveredconditionals="45" methods="16" coveredmethods="16"/>
        <line num="15" count="2" type="stmt"/>
        <line num="17" count="2" type="stmt"/>
        <line num="24" count="2" type="stmt"/>
        <line num="25" count="2" type="stmt"/>
        <line num="32" count="182" type="stmt"/>
        <line num="33" count="182" type="stmt"/>
        <line num="34" count="182" type="stmt"/>
        <line num="35" count="182" type="stmt"/>
        <line num="36" count="182" type="stmt"/>
        <line num="38" count="182" type="stmt"/>
        <line num="39" count="182" type="stmt"/>
        <line num="40" count="182" type="stmt"/>
        <line num="42" count="182" type="stmt"/>
        <line num="43" count="33" type="stmt"/>
        <line num="44" count="33" type="cond" truecount="2" falsecount="0"/>
        <line num="45" count="33" type="cond" truecount="2" falsecount="0"/>
        <line num="50" count="45" type="stmt"/>
        <line num="51" count="45" type="stmt"/>
        <line num="52" count="45" type="stmt"/>
        <line num="55" count="45" type="cond" truecount="2" falsecount="0"/>
        <line num="56" count="45" type="cond" truecount="2" falsecount="0"/>
        <line num="59" count="45" type="stmt"/>
        <line num="60" count="45" type="cond" truecount="1" falsecount="1"/>
        <line num="61" count="45" type="stmt"/>
        <line num="65" count="45" type="cond" truecount="2" falsecount="0"/>
        <line num="68" count="45" type="stmt"/>
        <line num="69" count="45" type="stmt"/>
        <line num="70" count="45" type="stmt"/>
        <line num="71" count="45" type="cond" truecount="2" falsecount="0"/>
        <line num="74" count="45" type="stmt"/>
        <line num="75" count="45" type="stmt"/>
        <line num="76" count="45" type="cond" truecount="1" falsecount="1"/>
        <line num="77" count="45" type="stmt"/>
        <line num="78" count="45" type="stmt"/>
        <line num="79" count="45" type="stmt"/>
        <line num="80" count="45" type="stmt"/>
        <line num="82" count="45" type="stmt"/>
        <line num="83" count="45" type="stmt"/>
        <line num="88" count="45" type="stmt"/>
        <line num="89" count="45" type="stmt"/>
        <line num="90" count="45" type="cond" truecount="1" falsecount="1"/>
        <line num="96" count="14" type="stmt"/>
        <line num="97" count="14" type="stmt"/>
        <line num="98" count="14" type="stmt"/>
        <line num="99" count="12" type="cond" truecount="2" falsecount="0"/>
        <line num="100" count="5" type="stmt"/>
        <line num="102" count="7" type="stmt"/>
        <line num="103" count="7" type="stmt"/>
        <line num="106" count="1" type="stmt"/>
        <line num="111" count="2" type="stmt"/>
        <line num="112" count="2" type="stmt"/>
        <line num="115" count="182" type="stmt"/>
        <line num="121" count="546" type="stmt"/>
        <line num="169" count="25" type="stmt"/>
        <line num="182" count="1" type="stmt"/>
        <line num="200" count="17" type="stmt"/>
        <line num="213" count="1" type="stmt"/>
        <line num="272" count="1" type="stmt"/>
      </file>
      <file name="Settings.tsx" path="/Users/darshanaswathappa/Desktop/env-manager/src/components/Settings.tsx">
        <metrics statements="27" coveredstatements="27" conditionals="24" coveredconditionals="23" methods="14" coveredmethods="12"/>
        <line num="28" count="66" type="stmt"/>
        <line num="29" count="66" type="stmt"/>
        <line num="30" count="66" type="stmt"/>
        <line num="31" count="66" type="stmt"/>
        <line num="32" count="66" type="stmt"/>
        <line num="34" count="66" type="stmt"/>
        <line num="35" count="26" type="stmt"/>
        <line num="41" count="5" type="stmt"/>
        <line num="45" count="1" type="cond" truecount="1" falsecount="1"/>
        <line num="46" count="1" type="stmt"/>
        <line num="47" count="1" type="stmt"/>
        <line num="48" count="1" type="stmt"/>
        <line num="49" count="1" type="stmt"/>
        <line num="56" count="3" type="cond" truecount="2" falsecount="0"/>
        <line num="57" count="2" type="stmt"/>
        <line num="58" count="2" type="stmt"/>
        <line num="60" count="1" type="stmt"/>
        <line num="63" count="66" type="stmt"/>
        <line num="65" count="66" type="stmt"/>
        <line num="129" count="1" type="stmt"/>
        <line num="179" count="2" type="stmt"/>
        <line num="204" count="2" type="stmt"/>
        <line num="260" count="1" type="stmt"/>
        <line num="276" count="5" type="stmt"/>
        <line num="293" count="4" type="stmt"/>
        <line num="309" count="1" type="stmt"/>
        <line num="310" count="1" type="stmt"/>
      </file>
      <file name="ShellIntegration.tsx" path="/Users/darshanaswathappa/Desktop/env-manager/src/components/ShellIntegration.tsx">
        <metrics statements="48" coveredstatements="46" conditionals="46" coveredconditionals="40" methods="16" coveredmethods="12"/>
        <line num="8" count="16" type="stmt"/>
        <line num="76" count="1" type="stmt"/>
        <line num="137" count="36" type="stmt"/>
        <line num="138" count="36" type="stmt"/>
        <line num="139" count="36" type="stmt"/>
        <line num="140" count="36" type="stmt"/>
        <line num="141" count="36" type="stmt"/>
        <line num="142" count="36" type="stmt"/>
        <line num="143" count="36" type="stmt"/>
        <line num="144" count="36" type="stmt"/>
        <line num="145" count="36" type="stmt"/>
        <line num="147" count="36" type="stmt"/>
        <line num="149" count="15" type="stmt"/>
        <line num="150" count="15" type="cond" truecount="1" falsecount="1"/>
        <line num="153" count="36" type="stmt"/>
        <line num="154" count="16" type="stmt"/>
        <line num="156" count="16" type="stmt"/>
        <line num="157" count="16" type="stmt"/>
        <line num="161" count="13" type="cond" truecount="1" falsecount="1"/>
        <line num="162" count="13" type="stmt"/>
        <line num="163" count="13" type="stmt"/>
        <line num="166" count="3" type="cond" truecount="1" falsecount="1"/>
        <line num="167" count="3" type="stmt"/>
        <line num="174" count="16" type="cond" truecount="1" falsecount="1"/>
        <line num="177" count="16" type="stmt"/>
        <line num="178" count="16" type="stmt"/>
        <line num="179" count="16" type="stmt"/>
        <line num="184" count="1" type="stmt"/>
        <line num="185" count="1" type="stmt"/>
        <line num="186" count="1" type="stmt"/>
        <line num="190" count="2" type="cond" truecount="1" falsecount="1"/>
        <line num="191" count="2" type="stmt"/>
        <line num="192" count="2" type="stmt"/>
        <line num="193" count="1" type="stmt"/>
        <line num="194" count="1" type="stmt"/>
        <line num="195" count="1" type="stmt"/>
        <line num="197" count="1" type="stmt"/>
        <line num="198" count="1" type="stmt"/>
        <line num="202" count="36" type="cond" truecount="2" falsecount="0"/>
        <line num="204" count="36" type="cond" truecount="2" falsecount="0"/>
        <line num="205" count="16" type="stmt"/>
        <line num="208" count="20" type="cond" truecount="2" falsecount="0"/>
        <line num="209" count="3" type="stmt"/>
        <line num="219" count="17" type="stmt"/>
        <line num="233" count="0" type="stmt"/>
        <line num="241" count="1" type="stmt"/>
        <line num="255" count="0" type="stmt"/>
        <line num="263" count="1" type="stmt"/>
      </file>
      <file name="Sidebar.tsx" path="/Users/darshanaswathappa/Desktop/env-manager/src/components/Sidebar.tsx">
        <metrics statements="24" coveredstatements="24" conditionals="28" coveredconditionals="27" methods="14" coveredmethods="14"/>
        <line num="17" count="2" type="stmt"/>
        <line num="32" count="109" type="stmt"/>
        <line num="33" count="109" type="stmt"/>
        <line num="34" count="109" type="stmt"/>
        <line num="35" count="109" type="stmt"/>
        <line num="37" count="109" type="stmt"/>
        <line num="42" count="3" type="stmt"/>
        <line num="46" count="2" type="cond" truecount="3" falsecount="1"/>
        <line num="47" count="2" type="stmt"/>
        <line num="48" count="2" type="stmt"/>
        <line num="58" count="2" type="stmt"/>
        <line num="59" count="2" type="stmt"/>
        <line num="89" count="5" type="stmt"/>
        <line num="90" count="5" type="stmt"/>
        <line num="100" count="2" type="stmt"/>
        <line num="101" count="2" type="stmt"/>
        <line num="111" count="5" type="stmt"/>
        <line num="134" count="123" type="stmt"/>
        <line num="135" count="123" type="stmt"/>
        <line num="137" count="123" type="stmt"/>
        <line num="143" count="1" type="stmt"/>
        <line num="157" count="1" type="stmt"/>
        <line num="175" count="102" type="stmt"/>
        <line num="219" count="229" type="stmt"/>
      </file>
      <file name="VarDetail.tsx" path="/Users/darshanaswathappa/Desktop/env-manager/src/components/VarDetail.tsx">
        <metrics statements="17" coveredstatements="17" conditionals="33" coveredconditionals="33" methods="12" coveredmethods="11"/>
        <line num="36" count="37" type="stmt"/>
        <line num="38" count="37" type="stmt"/>
        <line num="39" count="2" type="stmt"/>
        <line num="40" count="2" type="stmt"/>
        <line num="41" count="2" type="stmt"/>
        <line num="42" count="2" type="stmt"/>
        <line num="43" count="2" type="cond" truecount="2" falsecount="0"/>
        <line num="44" count="1" type="stmt"/>
        <line num="45" count="1" type="stmt"/>
        <line num="53" count="37" type="stmt"/>
        <line num="80" count="109" type="stmt"/>
        <line num="184" count="17" type="stmt"/>
        <line num="195" count="2" type="stmt"/>
        <line num="203" count="2" type="stmt"/>
        <line num="223" count="1" type="stmt"/>
        <line num="232" count="2" type="stmt"/>
        <line num="251" count="92" type="stmt"/>
      </file>
      <file name="VarList.tsx" path="/Users/darshanaswathappa/Desktop/env-manager/src/components/VarList.tsx">
        <metrics statements="24" coveredstatements="24" conditionals="44" coveredconditionals="39" methods="10" coveredmethods="10"/>
        <line num="15" count="2" type="stmt"/>
        <line num="18" count="64" type="cond" truecount="2" falsecount="0"/>
        <line num="19" count="47" type="cond" truecount="2" falsecount="0"/>
        <line num="20" count="5" type="cond" truecount="2" falsecount="0"/>
        <line num="32" count="135" type="stmt"/>
        <line num="34" count="135" type="cond" truecount="2" falsecount="0"/>
        <line num="35" count="26" type="stmt"/>
        <line num="45" count="109" type="stmt"/>
        <line num="46" count="109" type="cond" truecount="2" falsecount="0"/>
        <line num="47" count="3" type="stmt"/>
        <line num="50" count="135" type="stmt"/>
        <line num="63" count="1" type="stmt"/>
        <line num="87" count="68" type="stmt"/>
        <line num="88" count="68" type="stmt"/>
        <line num="95" count="4" type="cond" truecount="1" falsecount="1"/>
        <line num="99" count="3" type="cond" truecount="2" falsecount="0"/>
        <line num="100" count="1" type="cond" truecount="1" falsecount="1"/>
        <line num="101" count="1" type="stmt"/>
        <line num="103" count="2" type="cond" truecount="3" falsecount="1"/>
        <line num="104" count="2" type="stmt"/>
        <line num="105" count="2" type="stmt"/>
        <line num="117" count="1" type="stmt"/>
        <line num="124" count="1" type="stmt"/>
        <line num="144" count="4" type="stmt"/>
      </file>
    </package>
    <package name="src.lib">
      <metrics statements="71" coveredstatements="69" conditionals="33" coveredconditionals="32" methods="35" coveredmethods="33"/>
      <file name="envFile.ts" path="/Users/darshanaswathappa/Desktop/env-manager/src/lib/envFile.ts">
        <metrics statements="36" coveredstatements="35" conditionals="21" coveredconditionals="21" methods="19" coveredmethods="18"/>
        <line num="5" count="19" type="cond" truecount="2" falsecount="0"/>
        <line num="6" count="18" type="cond" truecount="2" falsecount="0"/>
        <line num="7" count="4" type="stmt"/>
        <line num="11" count="15" type="stmt"/>
        <line num="12" count="15" type="stmt"/>
        <line num="13" count="14" type="stmt"/>
        <line num="20" count="72" type="stmt"/>
        <line num="21" count="72" type="cond" truecount="2" falsecount="0"/>
        <line num="22" count="71" type="cond" truecount="4" falsecount="0"/>
        <line num="23" count="1" type="stmt"/>
        <line num="25" count="70" type="cond" truecount="4" falsecount="0"/>
        <line num="26" count="3" type="stmt"/>
        <line num="28" count="67" type="stmt"/>
        <line num="32" count="160" type="stmt"/>
        <line num="33" count="160" type="stmt"/>
        <line num="34" count="169" type="cond" truecount="4" falsecount="0"/>
        <line num="35" count="68" type="stmt"/>
        <line num="36" count="68" type="cond" truecount="2" falsecount="0"/>
        <line num="37" count="67" type="stmt"/>
        <line num="45" count="160" type="stmt"/>
        <line num="49" count="12" type="stmt"/>
        <line num="50" count="12" type="stmt"/>
        <line num="54" count="147" type="stmt"/>
        <line num="55" count="147" type="stmt"/>
        <line num="59" count="2" type="stmt"/>
        <line num="60" count="2" type="stmt"/>
        <line num="64" count="8" type="stmt"/>
        <line num="65" count="9" type="stmt"/>
        <line num="72" count="2" type="stmt"/>
        <line num="76" count="3" type="stmt"/>
        <line num="82" count="9" type="stmt"/>
        <line num="86" count="3" type="stmt"/>
        <line num="90" count="19" type="stmt"/>
        <line num="94" count="16" type="stmt"/>
        <line num="98" count="28" type="stmt"/>
        <line num="104" count="0" type="stmt"/>
      </file>
      <file name="projectTree.ts" path="/Users/darshanaswathappa/Desktop/env-manager/src/lib/projectTree.ts">
        <metrics statements="35" coveredstatements="34" conditionals="12" coveredconditionals="11" methods="16" coveredmethods="15"/>
        <line num="4" count="141" type="stmt"/>
        <line num="7" count="130" type="stmt"/>
        <line num="8" count="174" type="stmt"/>
        <line num="9" count="0" type="stmt"/>
        <line num="10" count="8" type="stmt"/>
        <line num="11" count="130" type="stmt"/>
        <line num="15" count="141" type="stmt"/>
        <line num="16" count="130" type="cond" truecount="2" falsecount="0"/>
        <line num="17" count="13" type="stmt"/>
        <line num="18" count="122" type="stmt"/>
        <line num="22" count="8" type="stmt"/>
        <line num="23" count="4" type="stmt"/>
        <line num="24" count="4" type="stmt"/>
        <line num="25" count="4" type="stmt"/>
        <line num="26" count="4" type="stmt"/>
        <line num="27" count="4" type="cond" truecount="1" falsecount="1"/>
        <line num="28" count="4" type="stmt"/>
        <line num="29" count="4" type="stmt"/>
        <line num="31" count="4" type="stmt"/>
        <line num="35" count="4" type="cond" truecount="2" falsecount="0"/>
        <line num="39" count="7" type="stmt"/>
        <line num="40" count="4" type="stmt"/>
        <line num="41" count="4" type="cond" truecount="2" falsecount="0"/>
        <line num="43" count="3" type="cond" truecount="2" falsecount="0"/>
        <line num="45" count="2" type="stmt"/>
        <line num="46" count="2" type="stmt"/>
        <line num="48" count="2" type="cond" truecount="2" falsecount="0"/>
        <line num="50" count="1" type="stmt"/>
        <line num="51" count="1" type="stmt"/>
        <line num="52" count="3" type="stmt"/>
        <line num="54" count="1" type="stmt"/>
        <line num="57" count="1" type="stmt"/>
        <line num="58" count="1" type="stmt"/>
        <line num="59" count="2" type="stmt"/>
        <line num="61" count="1" type="stmt"/>
      </file>
    </package>
  </project>
</coverage>
