<?xml version="1.0" encoding="UTF-8"?>
<coverage generated="1774490309607" clover="3.2.0">
  <project timestamp="1774490309607" name="All files">
    <metrics statements="1520" coveredstatements="1432" conditionals="1344" coveredconditionals="1127" methods="550" coveredmethods="479" elements="3414" coveredelements="3038" complexity="0" loc="1520" ncloc="1520" packages="8" files="18" classes="18"/>
    <package name="src">
      <metrics statements="415" coveredstatements="365" conditionals="305" coveredconditionals="227" methods="189" coveredmethods="145"/>
      <file name="App.tsx" path="/Users/darshanaswathappa/Desktop/env-manager/src/App.tsx">
        <metrics statements="413" coveredstatements="363" conditionals="303" coveredconditionals="225" methods="188" coveredmethods="144"/>
        <line num="42" count="91" type="stmt"/>
        <line num="43" count="91" type="stmt"/>
        <line num="46" count="0" type="stmt"/>
        <line num="49" count="370" type="cond" truecount="1" falsecount="1"/>
        <line num="50" count="0" type="stmt"/>
        <line num="58" count="0" type="stmt"/>
        <line num="66" count="370" type="stmt"/>
        <line num="70" count="1" type="stmt"/>
        <line num="71" count="1" type="stmt"/>
        <line num="72" count="1" type="stmt"/>
        <line num="73" count="1" type="stmt"/>
        <line num="75" count="1" type="stmt"/>
        <line num="83" count="91" type="stmt"/>
        <line num="84" count="91" type="stmt"/>
        <line num="85" count="91" type="cond" truecount="2" falsecount="0"/>
        <line num="86" count="2" type="stmt"/>
        <line num="88" count="1" type="stmt"/>
        <line num="93" count="91" type="stmt"/>
        <line num="103" count="118" type="cond" truecount="2" falsecount="0"/>
        <line num="104" count="118" type="stmt"/>
        <line num="105" count="1264" type="stmt"/>
        <line num="106" count="708" type="cond" truecount="2" falsecount="0"/>
        <line num="108" count="402" type="cond" truecount="2" falsecount="0"/>
        <line num="113" count="182" type="stmt"/>
        <line num="114" count="182" type="stmt"/>
        <line num="115" count="182" type="cond" truecount="2" falsecount="0"/>
        <line num="116" count="116" type="stmt"/>
        <line num="118" count="118" type="stmt"/>
        <line num="123" count="80" type="cond" truecount="1" falsecount="1"/>
        <line num="133" count="2" type="stmt"/>
        <line num="139" count="189" type="stmt"/>
        <line num="141" count="111" type="stmt"/>
        <line num="142" count="978" type="stmt"/>
        <line num="144" count="297" type="stmt"/>
        <line num="147" count="189" type="stmt"/>
        <line num="151" count="460" type="stmt"/>
        <line num="152" count="460" type="stmt"/>
        <line num="153" count="460" type="stmt"/>
        <line num="154" count="91" type="cond" truecount="2" falsecount="0"/>
        <line num="156" count="460" type="stmt"/>
        <line num="157" count="460" type="stmt"/>
        <line num="158" count="460" type="stmt"/>
        <line num="159" count="460" type="stmt"/>
        <line num="160" count="460" type="stmt"/>
        <line num="161" count="460" type="stmt"/>
        <line num="162" count="460" type="stmt"/>
        <line num="163" count="460" type="stmt"/>
        <line num="164" count="460" type="stmt"/>
        <line num="165" count="460" type="stmt"/>
        <line num="166" count="460" type="stmt"/>
        <line num="167" count="460" type="stmt"/>
        <line num="168" count="460" type="stmt"/>
        <line num="173" count="460" type="stmt"/>
        <line num="174" count="460" type="stmt"/>
        <line num="180" count="460" type="stmt"/>
        <line num="181" count="460" type="stmt"/>
        <line num="182" count="460" type="stmt"/>
        <line num="183" count="460" type="stmt"/>
        <line num="184" count="460" type="stmt"/>
        <line num="187" count="460" type="stmt"/>
        <line num="188" count="100" type="cond" truecount="2" falsecount="0"/>
        <line num="191" count="460" type="stmt"/>
        <line num="192" count="100" type="cond" truecount="2" falsecount="0"/>
        <line num="196" count="460" type="stmt"/>
        <line num="197" count="189" type="stmt"/>
        <line num="201" count="460" type="stmt"/>
        <line num="202" count="91" type="stmt"/>
        <line num="206" count="460" type="stmt"/>
        <line num="207" count="109" type="stmt"/>
        <line num="209" count="0" type="stmt"/>
        <line num="213" count="460" type="stmt"/>
        <line num="214" count="91" type="cond" truecount="2" falsecount="0"/>
        <line num="215" count="1" type="stmt"/>
        <line num="218" count="1" type="cond" truecount="1" falsecount="1"/>
        <line num="219" count="1" type="stmt"/>
        <line num="220" count="1" type="stmt"/>
        <line num="221" count="1" type="stmt"/>
        <line num="223" count="1" type="stmt"/>
        <line num="224" count="6" type="stmt"/>
        <line num="226" count="6" type="stmt"/>
        <line num="233" count="1" type="stmt"/>
        <line num="234" count="1" type="stmt"/>
        <line num="235" count="1" type="stmt"/>
        <line num="237" count="1" type="stmt"/>
        <line num="238" count="1" type="stmt"/>
        <line num="239" count="1" type="stmt"/>
        <line num="240" count="1" type="cond" truecount="1" falsecount="1"/>
        <line num="245" count="460" type="stmt"/>
        <line num="247" count="22" type="cond" truecount="6" falsecount="0"/>
        <line num="248" count="4" type="stmt"/>
        <line num="249" count="4" type="cond" truecount="2" falsecount="0"/>
        <line num="250" count="4" type="cond" truecount="4" falsecount="0"/>
        <line num="251" count="2" type="stmt"/>
        <line num="255" count="22" type="cond" truecount="6" falsecount="0"/>
        <line num="256" count="5" type="stmt"/>
        <line num="257" count="5" type="cond" truecount="2" falsecount="0"/>
        <line num="258" count="24" type="cond" truecount="2" falsecount="0"/>
        <line num="259" count="5" type="cond" truecount="4" falsecount="0"/>
        <line num="260" count="4" type="cond" truecount="2" falsecount="0"/>
        <line num="261" count="1" type="stmt"/>
        <line num="263" count="3" type="stmt"/>
        <line num="264" count="3" type="stmt"/>
        <line num="269" count="22" type="cond" truecount="6" falsecount="0"/>
        <line num="270" count="4" type="stmt"/>
        <line num="271" count="4" type="cond" truecount="2" falsecount="0"/>
        <line num="272" count="4" type="cond" truecount="2" falsecount="0"/>
        <line num="273" count="3" type="stmt"/>
        <line num="274" count="3" type="stmt"/>
        <line num="278" count="22" type="cond" truecount="6" falsecount="0"/>
        <line num="279" count="3" type="stmt"/>
        <line num="280" count="3" type="cond" truecount="2" falsecount="0"/>
        <line num="281" count="3" type="cond" truecount="4" falsecount="0"/>
        <line num="282" count="2" type="stmt"/>
        <line num="283" count="2" type="stmt"/>
        <line num="287" count="22" type="cond" truecount="2" falsecount="0"/>
        <line num="288" count="4" type="cond" truecount="2" falsecount="0"/>
        <line num="289" count="4" type="cond" truecount="1" falsecount="1"/>
        <line num="292" count="204" type="stmt"/>
        <line num="293" count="204" type="stmt"/>
        <line num="297" count="460" type="stmt"/>
        <line num="298" count="91" type="stmt"/>
        <line num="300" count="91" type="stmt"/>
        <line num="301" count="59" type="cond" truecount="1" falsecount="1"/>
        <line num="302" count="59" type="stmt"/>
        <line num="303" count="59" type="stmt"/>
        <line num="304" count="59" type="stmt"/>
        <line num="305" count="354" type="stmt"/>
        <line num="306" count="354" type="cond" truecount="2" falsecount="0"/>
        <line num="308" count="59" type="cond" truecount="1" falsecount="1"/>
        <line num="309" count="59" type="cond" truecount="1" falsecount="1"/>
        <line num="310" count="59" type="stmt"/>
        <line num="311" count="64" type="cond" truecount="2" falsecount="0"/>
        <line num="318" count="91" type="stmt"/>
        <line num="319" count="91" type="stmt"/>
        <line num="325" count="460" type="stmt"/>
        <line num="326" count="108" type="stmt"/>
        <line num="327" count="108" type="cond" truecount="2" falsecount="0"/>
        <line num="332" count="460" type="stmt"/>
        <line num="333" count="109" type="stmt"/>
        <line num="334" count="109" type="stmt"/>
        <line num="335" count="109" type="stmt"/>
        <line num="336" count="109" type="stmt"/>
        <line num="337" count="109" type="cond" truecount="2" falsecount="0"/>
        <line num="338" count="35" type="stmt"/>
        <line num="339" count="35" type="stmt"/>
        <line num="341" count="74" type="stmt"/>
        <line num="343" count="1" type="stmt"/>
        <line num="348" count="460" type="stmt"/>
        <line num="349" count="16" type="stmt"/>
        <line num="350" count="16" type="stmt"/>
        <line num="355" count="15" type="cond" truecount="2" falsecount="0"/>
        <line num="356" count="14" type="stmt"/>
        <line num="357" count="14" type="stmt"/>
        <line num="358" count="14" type="cond" truecount="1" falsecount="1"/>
        <line num="360" count="16" type="stmt"/>
        <line num="361" count="14" type="stmt"/>
        <line num="362" count="84" type="stmt"/>
        <line num="363" count="84" type="cond" truecount="2" falsecount="0"/>
        <line num="365" count="14" type="cond" truecount="1" falsecount="1"/>
        <line num="366" count="16" type="stmt"/>
        <line num="378" count="16" type="stmt"/>
        <line num="386" count="14" type="stmt"/>
        <line num="387" count="84" type="cond" truecount="2" falsecount="0"/>
        <line num="388" count="6" type="stmt"/>
        <line num="391" count="14" type="stmt"/>
        <line num="392" count="14" type="stmt"/>
        <line num="394" count="14" type="stmt"/>
        <line num="395" count="13" type="stmt"/>
        <line num="396" count="13" type="stmt"/>
        <line num="397" count="13" type="cond" truecount="2" falsecount="0"/>
        <line num="398" count="6" type="stmt"/>
        <line num="399" count="6" type="cond" truecount="1" falsecount="1"/>
        <line num="400" count="6" type="stmt"/>
        <line num="401" count="6" type="cond" truecount="1" falsecount="1"/>
        <line num="402" count="13" type="cond" truecount="1" falsecount="1"/>
        <line num="403" count="6" type="stmt"/>
        <line num="413" count="460" type="stmt"/>
        <line num="415" count="4" type="stmt"/>
        <line num="416" count="4" type="stmt"/>
        <line num="421" count="3" type="cond" truecount="2" falsecount="0"/>
        <line num="422" count="2" type="stmt"/>
        <line num="423" count="2" type="stmt"/>
        <line num="424" count="2" type="cond" truecount="1" falsecount="1"/>
        <line num="425" count="4" type="stmt"/>
        <line num="427" count="4" type="stmt"/>
        <line num="428" count="2" type="stmt"/>
        <line num="429" count="12" type="stmt"/>
        <line num="430" count="12" type="cond" truecount="2" falsecount="0"/>
        <line num="432" count="2" type="cond" truecount="1" falsecount="1"/>
        <line num="433" count="4" type="stmt"/>
        <line num="444" count="4" type="stmt"/>
        <line num="452" count="2" type="stmt"/>
        <line num="453" count="12" type="cond" truecount="2" falsecount="0"/>
        <line num="454" count="1" type="stmt"/>
        <line num="457" count="2" type="stmt"/>
        <line num="458" count="2" type="stmt"/>
        <line num="460" count="2" type="stmt"/>
        <line num="461" count="2" type="stmt"/>
        <line num="462" count="2" type="stmt"/>
        <line num="463" count="2" type="cond" truecount="1" falsecount="1"/>
        <line num="464" count="0" type="stmt"/>
        <line num="465" count="0" type="cond" truecount="0" falsecount="2"/>
        <line num="466" count="0" type="stmt"/>
        <line num="467" count="0" type="cond" truecount="0" falsecount="2"/>
        <line num="468" count="2" type="cond" truecount="1" falsecount="1"/>
        <line num="469" count="0" type="stmt"/>
        <line num="481" count="460" type="stmt"/>
        <line num="482" count="2" type="stmt"/>
        <line num="485" count="460" type="stmt"/>
        <line num="486" count="1" type="stmt"/>
        <line num="487" count="1" type="stmt"/>
        <line num="488" count="1" type="stmt"/>
        <line num="489" count="1" type="stmt"/>
        <line num="490" count="1" type="cond" truecount="1" falsecount="1"/>
        <line num="491" count="1" type="cond" truecount="2" falsecount="0"/>
        <line num="493" count="1" type="stmt"/>
        <line num="498" count="460" type="stmt"/>
        <line num="500" count="12" type="cond" truecount="1" falsecount="1"/>
        <line num="501" count="12" type="stmt"/>
        <line num="502" count="12" type="stmt"/>
        <line num="503" count="12" type="cond" truecount="1" falsecount="1"/>
        <line num="504" count="12" type="stmt"/>
        <line num="505" count="12" type="cond" truecount="1" falsecount="1"/>
        <line num="507" count="12" type="stmt"/>
        <line num="511" count="72" type="cond" truecount="2" falsecount="0"/>
        <line num="520" count="460" type="stmt"/>
        <line num="521" count="1" type="cond" truecount="1" falsecount="1"/>
        <line num="522" count="1" type="stmt"/>
        <line num="529" count="1" type="stmt"/>
        <line num="530" count="1" type="stmt"/>
        <line num="531" count="1" type="cond" truecount="1" falsecount="1"/>
        <line num="532" count="1" type="stmt"/>
        <line num="533" count="1" type="stmt"/>
        <line num="537" count="6" type="cond" truecount="2" falsecount="0"/>
        <line num="542" count="1" type="stmt"/>
        <line num="545" count="460" type="stmt"/>
        <line num="547" count="1" type="cond" truecount="1" falsecount="1"/>
        <line num="548" count="1" type="stmt"/>
        <line num="549" count="1" type="stmt"/>
        <line num="550" count="1" type="cond" truecount="1" falsecount="1"/>
        <line num="551" count="1" type="stmt"/>
        <line num="552" count="1" type="stmt"/>
        <line num="556" count="6" type="cond" truecount="2" falsecount="0"/>
        <line num="560" count="1" type="stmt"/>
        <line num="561" count="1" type="cond" truecount="1" falsecount="1"/>
        <line num="562" count="1" type="stmt"/>
        <line num="563" count="1" type="stmt"/>
        <line num="565" count="1" type="stmt"/>
        <line num="567" count="1" type="cond" truecount="1" falsecount="1"/>
        <line num="572" count="460" type="stmt"/>
        <line num="574" count="1" type="cond" truecount="1" falsecount="1"/>
        <line num="575" count="1" type="stmt"/>
        <line num="576" count="1" type="stmt"/>
        <line num="577" count="1" type="cond" truecount="1" falsecount="1"/>
        <line num="578" count="1" type="stmt"/>
        <line num="579" count="1" type="cond" truecount="1" falsecount="1"/>
        <line num="581" count="1" type="stmt"/>
        <line num="585" count="6" type="cond" truecount="2" falsecount="0"/>
        <line num="594" count="460" type="stmt"/>
        <line num="595" count="2" type="stmt"/>
        <line num="596" count="2" type="cond" truecount="3" falsecount="1"/>
        <line num="597" count="2" type="stmt"/>
        <line num="599" count="2" type="stmt"/>
        <line num="600" count="2" type="stmt"/>
        <line num="601" count="2" type="stmt"/>
        <line num="603" count="2" type="stmt"/>
        <line num="605" count="2" type="stmt"/>
        <line num="606" count="2" type="stmt"/>
        <line num="607" count="2" type="cond" truecount="1" falsecount="1"/>
        <line num="612" count="12" type="cond" truecount="2" falsecount="0"/>
        <line num="618" count="2" type="cond" truecount="1" falsecount="1"/>
        <line num="619" count="2" type="stmt"/>
        <line num="624" count="2" type="stmt"/>
        <line num="625" count="2" type="stmt"/>
        <line num="626" count="2" type="stmt"/>
        <line num="630" count="460" type="stmt"/>
        <line num="631" count="1" type="stmt"/>
        <line num="632" count="1" type="stmt"/>
        <line num="635" count="460" type="stmt"/>
        <line num="636" count="2" type="stmt"/>
        <line num="637" count="1" type="stmt"/>
        <line num="638" count="1" type="stmt"/>
        <line num="639" count="1" type="stmt"/>
        <line num="643" count="460" type="stmt"/>
        <line num="644" count="13" type="stmt"/>
        <line num="645" count="13" type="cond" truecount="1" falsecount="1"/>
        <line num="646" count="13" type="stmt"/>
        <line num="647" count="13" type="stmt"/>
        <line num="648" count="13" type="stmt"/>
        <line num="649" count="13" type="stmt"/>
        <line num="651" count="12" type="cond" truecount="5" falsecount="0"/>
        <line num="652" count="11" type="stmt"/>
        <line num="653" count="11" type="cond" truecount="4" falsecount="0"/>
        <line num="654" count="9" type="stmt"/>
        <line num="659" count="9" type="cond" truecount="2" falsecount="0"/>
        <line num="660" count="7" type="stmt"/>
        <line num="670" count="12" type="stmt"/>
        <line num="671" count="12" type="cond" truecount="2" falsecount="0"/>
        <line num="672" count="13" type="stmt"/>
        <line num="673" count="13" type="stmt"/>
        <line num="676" count="1" type="stmt"/>
        <line num="677" count="1" type="stmt"/>
        <line num="682" count="460" type="stmt"/>
        <line num="683" count="4" type="cond" truecount="3" falsecount="1"/>
        <line num="684" count="4" type="stmt"/>
        <line num="685" count="4" type="stmt"/>
        <line num="686" count="4" type="cond" truecount="1" falsecount="1"/>
        <line num="687" count="4" type="stmt"/>
        <line num="690" count="4" type="stmt"/>
        <line num="691" count="4" type="cond" truecount="1" falsecount="1"/>
        <line num="692" count="4" type="stmt"/>
        <line num="696" count="0" type="cond" truecount="0" falsecount="2"/>
        <line num="700" count="4" type="stmt"/>
        <line num="702" count="8" type="stmt"/>
        <line num="703" count="4" type="cond" truecount="1" falsecount="1"/>
        <line num="704" count="0" type="stmt"/>
        <line num="708" count="4" type="stmt"/>
        <line num="709" count="4" type="stmt"/>
        <line num="710" count="4" type="stmt"/>
        <line num="714" count="460" type="stmt"/>
        <line num="716" count="0" type="cond" truecount="0" falsecount="2"/>
        <line num="717" count="0" type="stmt"/>
        <line num="718" count="0" type="stmt"/>
        <line num="719" count="0" type="cond" truecount="0" falsecount="2"/>
        <line num="720" count="0" type="stmt"/>
        <line num="723" count="0" type="stmt"/>
        <line num="724" count="0" type="cond" truecount="0" falsecount="2"/>
        <line num="725" count="0" type="stmt"/>
        <line num="732" count="460" type="stmt"/>
        <line num="734" count="0" type="cond" truecount="0" falsecount="2"/>
        <line num="735" count="0" type="stmt"/>
        <line num="736" count="0" type="stmt"/>
        <line num="737" count="0" type="cond" truecount="0" falsecount="2"/>
        <line num="738" count="0" type="stmt"/>
        <line num="741" count="0" type="cond" truecount="0" falsecount="2"/>
        <line num="742" count="0" type="stmt"/>
        <line num="749" count="460" type="stmt"/>
        <line num="750" count="0" type="cond" truecount="0" falsecount="2"/>
        <line num="751" count="0" type="stmt"/>
        <line num="752" count="0" type="stmt"/>
        <line num="753" count="0" type="cond" truecount="0" falsecount="2"/>
        <line num="754" count="0" type="stmt"/>
        <line num="758" count="0" type="cond" truecount="0" falsecount="2"/>
        <line num="763" count="0" type="stmt"/>
        <line num="767" count="460" type="stmt"/>
        <line num="768" count="2" type="cond" truecount="1" falsecount="1"/>
        <line num="769" count="2" type="stmt"/>
        <line num="770" count="2" type="stmt"/>
        <line num="771" count="2" type="stmt"/>
        <line num="772" count="2" type="cond" truecount="1" falsecount="1"/>
        <line num="773" count="2" type="stmt"/>
        <line num="777" count="12" type="cond" truecount="2" falsecount="0"/>
        <line num="782" count="2" type="stmt"/>
        <line num="783" count="2" type="stmt"/>
        <line num="786" count="460" type="stmt"/>
        <line num="787" count="2" type="stmt"/>
        <line num="788" count="2" type="cond" truecount="1" falsecount="1"/>
        <line num="789" count="2" type="cond" truecount="1" falsecount="1"/>
        <line num="790" count="2" type="stmt"/>
        <line num="791" count="2" type="stmt"/>
        <line num="795" count="460" type="stmt"/>
        <line num="796" count="0" type="stmt"/>
        <line num="797" count="0" type="stmt"/>
        <line num="800" count="460" type="stmt"/>
        <line num="801" count="1" type="stmt"/>
        <line num="802" count="1" type="stmt"/>
        <line num="803" count="1" type="cond" truecount="1" falsecount="1"/>
        <line num="804" count="0" type="stmt"/>
        <line num="805" count="0" type="stmt"/>
        <line num="807" count="1" type="stmt"/>
        <line num="808" count="1" type="cond" truecount="1" falsecount="1"/>
        <line num="809" count="1" type="stmt"/>
        <line num="816" count="460" type="cond" truecount="2" falsecount="0"/>
        <line num="818" count="460" type="cond" truecount="2" falsecount="0"/>
        <line num="819" count="460" type="stmt"/>
        <line num="822" count="460" type="cond" truecount="2" falsecount="0"/>
        <line num="823" count="5" type="stmt"/>
        <line num="825" count="1" type="stmt"/>
        <line num="830" count="454" type="stmt"/>
        <line num="840" count="5" type="stmt"/>
        <line num="841" count="6" type="stmt"/>
        <line num="853" count="2" type="cond" truecount="2" falsecount="0"/>
        <line num="854" count="2" type="cond" truecount="2" falsecount="0"/>
        <line num="855" count="0" type="cond" truecount="1" falsecount="1"/>
        <line num="873" count="1" type="stmt"/>
        <line num="874" count="6" type="cond" truecount="2" falsecount="0"/>
        <line num="876" count="2208" type="cond" truecount="1" falsecount="1"/>
        <line num="877" count="0" type="stmt"/>
        <line num="886" count="1" type="stmt"/>
        <line num="908" count="1" type="stmt"/>
        <line num="909" count="2" type="cond" truecount="2" falsecount="0"/>
        <line num="920" count="1" type="stmt"/>
        <line num="923" count="1" type="stmt"/>
        <line num="937" count="1" type="stmt"/>
        <line num="938" count="2" type="cond" truecount="2" falsecount="0"/>
        <line num="949" count="5" type="stmt"/>
        <line num="952" count="1" type="stmt"/>
        <line num="976" count="1" type="stmt"/>
        <line num="977" count="1" type="cond" truecount="1" falsecount="1"/>
        <line num="982" count="2" type="stmt"/>
        <line num="986" count="1" type="stmt"/>
        <line num="1001" count="0" type="stmt"/>
        <line num="1002" count="0" type="cond" truecount="0" falsecount="2"/>
        <line num="1007" count="0" type="stmt"/>
        <line num="1011" count="0" type="stmt"/>
        <line num="1026" count="0" type="stmt"/>
        <line num="1030" count="0" type="stmt"/>
        <line num="1033" count="0" type="stmt"/>
        <line num="1048" count="0" type="stmt"/>
        <line num="1052" count="0" type="stmt"/>
        <line num="1055" count="0" type="stmt"/>
        <line num="1056" count="0" type="stmt"/>
        <line num="1067" count="2" type="stmt"/>
      </file>
      <file name="types.ts" path="/Users/darshanaswathappa/Desktop/env-manager/src/types.ts">
        <metrics statements="2" coveredstatements="2" conditionals="2" coveredconditionals="2" methods="1" coveredmethods="1"/>
        <line num="16" count="7" type="stmt"/>
        <line num="19" count="5710" type="cond" truecount="2" falsecount="0"/>
      </file>
    </package>
    <package name="src.components">
      <metrics statements="260" coveredstatements="252" conditionals="349" coveredconditionals="310" methods="114" coveredmethods="101"/>
      <file name="EnvironmentToggle.tsx" path="/Users/darshanaswathappa/Desktop/env-manager/src/components/EnvironmentToggle.tsx">
        <metrics statements="4" coveredstatements="4" conditionals="4" coveredconditionals="4" methods="3" coveredmethods="3"/>
        <line num="12" count="6" type="stmt"/>
        <line num="18" count="2" type="stmt"/>
        <line num="19" count="2" type="cond" truecount="2" falsecount="0"/>
        <line num="24" count="36" type="stmt"/>
      </file>
      <file name="Onboarding.tsx" path="/Users/darshanaswathappa/Desktop/env-manager/src/components/Onboarding.tsx">
        <metrics statements="70" coveredstatements="70" conditionals="71" coveredconditionals="65" methods="20" coveredmethods="20"/>
        <line num="19" count="2" type="stmt"/>
        <line num="20" count="2" type="stmt"/>
        <line num="26" count="2" type="stmt"/>
        <line num="32" count="2" type="stmt"/>
        <line num="53" count="2" type="stmt"/>
        <line num="54" count="2" type="stmt"/>
        <line num="61" count="230" type="stmt"/>
        <line num="62" count="230" type="stmt"/>
        <line num="63" count="230" type="stmt"/>
        <line num="64" count="230" type="stmt"/>
        <line num="65" count="230" type="stmt"/>
        <line num="67" count="230" type="stmt"/>
        <line num="68" count="230" type="stmt"/>
        <line num="69" count="230" type="stmt"/>
        <line num="71" count="230" type="stmt"/>
        <line num="72" count="42" type="stmt"/>
        <line num="73" count="42" type="cond" truecount="2" falsecount="0"/>
        <line num="74" count="42" type="cond" truecount="2" falsecount="0"/>
        <line num="78" count="230" type="stmt"/>
        <line num="80" count="7" type="cond" truecount="5" falsecount="0"/>
        <line num="81" count="5" type="cond" truecount="2" falsecount="0"/>
        <line num="82" count="4" type="cond" truecount="2" falsecount="0"/>
        <line num="83" count="3" type="cond" truecount="4" falsecount="0"/>
        <line num="84" count="2" type="cond" truecount="4" falsecount="0"/>
        <line num="87" count="117" type="stmt"/>
        <line num="88" count="117" type="stmt"/>
        <line num="92" count="56" type="stmt"/>
        <line num="93" count="56" type="stmt"/>
        <line num="94" count="56" type="stmt"/>
        <line num="96" count="56" type="cond" truecount="2" falsecount="0"/>
        <line num="97" count="56" type="cond" truecount="2" falsecount="0"/>
        <line num="99" count="56" type="stmt"/>
        <line num="100" count="56" type="cond" truecount="1" falsecount="1"/>
        <line num="101" count="56" type="stmt"/>
        <line num="104" count="56" type="cond" truecount="2" falsecount="0"/>
        <line num="106" count="56" type="stmt"/>
        <line num="107" count="56" type="stmt"/>
        <line num="108" count="56" type="stmt"/>
        <line num="109" count="56" type="cond" truecount="2" falsecount="0"/>
        <line num="111" count="56" type="stmt"/>
        <line num="112" count="56" type="stmt"/>
        <line num="113" count="56" type="cond" truecount="1" falsecount="1"/>
        <line num="114" count="56" type="stmt"/>
        <line num="115" count="56" type="stmt"/>
        <line num="116" count="56" type="stmt"/>
        <line num="117" count="56" type="stmt"/>
        <line num="118" count="56" type="stmt"/>
        <line num="119" count="56" type="stmt"/>
        <line num="124" count="56" type="stmt"/>
        <line num="125" count="56" type="stmt"/>
        <line num="126" count="56" type="cond" truecount="1" falsecount="1"/>
        <line num="132" count="18" type="cond" truecount="1" falsecount="1"/>
        <line num="133" count="18" type="stmt"/>
        <line num="134" count="18" type="stmt"/>
        <line num="135" count="18" type="stmt"/>
        <line num="136" count="15" type="cond" truecount="2" falsecount="0"/>
        <line num="137" count="6" type="stmt"/>
        <line num="139" count="9" type="stmt"/>
        <line num="140" count="9" type="stmt"/>
        <line num="143" count="1" type="stmt"/>
        <line num="148" count="4" type="stmt"/>
        <line num="149" count="4" type="stmt"/>
        <line num="152" count="230" type="stmt"/>
        <line num="158" count="690" type="stmt"/>
        <line num="196" count="228" type="stmt"/>
        <line num="211" count="30" type="stmt"/>
        <line num="226" count="1" type="stmt"/>
        <line num="243" count="21" type="stmt"/>
        <line num="258" count="1" type="stmt"/>
        <line num="319" count="1" type="stmt"/>
      </file>
      <file name="Settings.tsx" path="/Users/darshanaswathappa/Desktop/env-manager/src/components/Settings.tsx">
        <metrics statements="27" coveredstatements="27" conditionals="24" coveredconditionals="23" methods="14" coveredmethods="12"/>
        <line num="27" count="73" type="stmt"/>
        <line num="28" count="73" type="stmt"/>
        <line num="29" count="73" type="stmt"/>
        <line num="30" count="73" type="stmt"/>
        <line num="31" count="73" type="stmt"/>
        <line num="33" count="73" type="stmt"/>
        <line num="34" count="29" type="stmt"/>
        <line num="40" count="5" type="stmt"/>
        <line num="44" count="1" type="cond" truecount="1" falsecount="1"/>
        <line num="45" count="1" type="stmt"/>
        <line num="46" count="1" type="stmt"/>
        <line num="47" count="1" type="stmt"/>
        <line num="48" count="1" type="stmt"/>
        <line num="55" count="5" type="cond" truecount="2" falsecount="0"/>
        <line num="56" count="3" type="stmt"/>
        <line num="57" count="3" type="stmt"/>
        <line num="59" count="2" type="stmt"/>
        <line num="62" count="73" type="stmt"/>
        <line num="64" count="73" type="stmt"/>
        <line num="87" count="1" type="stmt"/>
        <line num="137" count="2" type="stmt"/>
        <line num="162" count="2" type="stmt"/>
        <line num="218" count="1" type="stmt"/>
        <line num="234" count="5" type="stmt"/>
        <line num="251" count="4" type="stmt"/>
        <line num="267" count="1" type="stmt"/>
        <line num="268" count="1" type="stmt"/>
      </file>
      <file name="ShellIntegration.tsx" path="/Users/darshanaswathappa/Desktop/env-manager/src/components/ShellIntegration.tsx">
        <metrics statements="48" coveredstatements="48" conditionals="46" coveredconditionals="42" methods="16" coveredmethods="14"/>
        <line num="8" count="24" type="stmt"/>
        <line num="76" count="2" type="stmt"/>
        <line num="137" count="53" type="stmt"/>
        <line num="138" count="53" type="stmt"/>
        <line num="139" count="53" type="stmt"/>
        <line num="140" count="53" type="stmt"/>
        <line num="141" count="53" type="stmt"/>
        <line num="142" count="53" type="stmt"/>
        <line num="143" count="53" type="stmt"/>
        <line num="144" count="53" type="stmt"/>
        <line num="145" count="53" type="stmt"/>
        <line num="147" count="53" type="stmt"/>
        <line num="149" count="21" type="stmt"/>
        <line num="150" count="21" type="cond" truecount="1" falsecount="1"/>
        <line num="153" count="53" type="stmt"/>
        <line num="154" count="22" type="stmt"/>
        <line num="156" count="22" type="stmt"/>
        <line num="157" count="22" type="stmt"/>
        <line num="161" count="19" type="cond" truecount="2" falsecount="0"/>
        <line num="162" count="18" type="stmt"/>
        <line num="163" count="18" type="stmt"/>
        <line num="166" count="3" type="cond" truecount="1" falsecount="1"/>
        <line num="167" count="3" type="stmt"/>
        <line num="174" count="22" type="cond" truecount="2" falsecount="0"/>
        <line num="177" count="22" type="stmt"/>
        <line num="178" count="22" type="stmt"/>
        <line num="179" count="22" type="stmt"/>
        <line num="184" count="1" type="stmt"/>
        <line num="185" count="1" type="stmt"/>
        <line num="186" count="1" type="stmt"/>
        <line num="190" count="2" type="cond" truecount="1" falsecount="1"/>
        <line num="191" count="2" type="stmt"/>
        <line num="192" count="2" type="stmt"/>
        <line num="193" count="1" type="stmt"/>
        <line num="194" count="1" type="stmt"/>
        <line num="195" count="1" type="stmt"/>
        <line num="197" count="1" type="stmt"/>
        <line num="198" count="1" type="stmt"/>
        <line num="202" count="53" type="cond" truecount="2" falsecount="0"/>
        <line num="204" count="53" type="cond" truecount="2" falsecount="0"/>
        <line num="205" count="24" type="stmt"/>
        <line num="208" count="29" type="cond" truecount="2" falsecount="0"/>
        <line num="209" count="3" type="stmt"/>
        <line num="219" count="26" type="stmt"/>
        <line num="233" count="1" type="stmt"/>
        <line num="241" count="2" type="stmt"/>
        <line num="255" count="1" type="stmt"/>
        <line num="263" count="2" type="stmt"/>
      </file>
      <file name="Sidebar.tsx" path="/Users/darshanaswathappa/Desktop/env-manager/src/components/Sidebar.tsx">
        <metrics statements="55" coveredstatements="47" conditionals="55" coveredconditionals="43" methods="25" coveredmethods="21"/>
        <line num="40" count="345" type="stmt"/>
        <line num="41" count="345" type="stmt"/>
        <line num="42" count="345" type="stmt"/>
        <line num="43" count="345" type="stmt"/>
        <line num="44" count="345" type="stmt"/>
        <line num="45" count="345" type="stmt"/>
        <line num="46" count="345" type="stmt"/>
        <line num="47" count="345" type="stmt"/>
        <line num="48" count="345" type="stmt"/>
        <line num="50" count="345" type="stmt"/>
        <line num="51" count="108" type="cond" truecount="2" falsecount="0"/>
        <line num="52" count="9" type="stmt"/>
        <line num="53" count="0" type="cond" truecount="0" falsecount="2"/>
        <line num="57" count="0" type="stmt"/>
        <line num="60" count="9" type="stmt"/>
        <line num="61" count="9" type="stmt"/>
        <line num="64" count="345" type="stmt"/>
        <line num="69" count="3" type="cond" truecount="1" falsecount="1"/>
        <line num="73" count="2" type="cond" truecount="2" falsecount="2"/>
        <line num="74" count="0" type="stmt"/>
        <line num="75" count="0" type="stmt"/>
        <line num="76" count="0" type="stmt"/>
        <line num="78" count="2" type="cond" truecount="3" falsecount="1"/>
        <line num="79" count="2" type="stmt"/>
        <line num="80" count="2" type="cond" truecount="1" falsecount="1"/>
        <line num="90" count="2" type="stmt"/>
        <line num="91" count="2" type="stmt"/>
        <line num="114" count="0" type="stmt"/>
        <line num="117" count="2" type="stmt"/>
        <line num="124" count="0" type="stmt"/>
        <line num="140" count="9" type="stmt"/>
        <line num="141" count="9" type="cond" truecount="3" falsecount="1"/>
        <line num="142" count="9" type="stmt"/>
        <line num="143" count="9" type="stmt"/>
        <line num="145" count="9" type="stmt"/>
        <line num="156" count="0" type="stmt"/>
        <line num="166" count="5" type="stmt"/>
        <line num="167" count="5" type="stmt"/>
        <line num="168" count="5" type="stmt"/>
        <line num="177" count="1" type="stmt"/>
        <line num="178" count="1" type="stmt"/>
        <line num="179" count="1" type="stmt"/>
        <line num="189" count="2" type="stmt"/>
        <line num="190" count="2" type="stmt"/>
        <line num="191" count="2" type="stmt"/>
        <line num="206" count="5" type="stmt"/>
        <line num="234" count="386" type="stmt"/>
        <line num="235" count="386" type="stmt"/>
        <line num="236" count="386" type="stmt"/>
        <line num="238" count="386" type="stmt"/>
        <line num="244" count="1" type="stmt"/>
        <line num="258" count="1" type="stmt"/>
        <line num="276" count="323" type="stmt"/>
        <line num="284" count="2" type="stmt"/>
        <line num="324" count="713" type="stmt"/>
      </file>
      <file name="VarDetail.tsx" path="/Users/darshanaswathappa/Desktop/env-manager/src/components/VarDetail.tsx">
        <metrics statements="31" coveredstatements="31" conditionals="101" coveredconditionals="91" methods="25" coveredmethods="20"/>
        <line num="45" count="199" type="stmt"/>
        <line num="47" count="199" type="stmt"/>
        <line num="48" count="2" type="stmt"/>
        <line num="49" count="2" type="stmt"/>
        <line num="50" count="2" type="stmt"/>
        <line num="51" count="2" type="stmt"/>
        <line num="52" count="2" type="cond" truecount="2" falsecount="0"/>
        <line num="53" count="1" type="stmt"/>
        <line num="54" count="1" type="stmt"/>
        <line num="62" count="199" type="stmt"/>
        <line num="75" count="789" type="cond" truecount="1" falsecount="1"/>
        <line num="76" count="789" type="stmt"/>
        <line num="101" count="374" type="cond" truecount="2" falsecount="0"/>
        <line num="109" count="374" type="stmt"/>
        <line num="128" count="3" type="cond" truecount="1" falsecount="1"/>
        <line num="132" count="2244" type="stmt"/>
        <line num="144" count="7" type="cond" truecount="1" falsecount="1"/>
        <line num="296" count="18" type="stmt"/>
        <line num="298" count="18" type="stmt"/>
        <line num="299" count="14" type="stmt"/>
        <line num="302" count="18" type="stmt"/>
        <line num="308" count="1" type="cond" truecount="1" falsecount="1"/>
        <line num="316" count="20" type="stmt"/>
        <line num="353" count="98" type="stmt"/>
        <line num="366" count="13" type="stmt"/>
        <line num="367" count="13" type="stmt"/>
        <line num="377" count="2" type="stmt"/>
        <line num="417" count="1" type="stmt"/>
        <line num="426" count="2" type="stmt"/>
        <line num="449" count="2" type="stmt"/>
        <line num="465" count="276" type="stmt"/>
      </file>
      <file name="VarList.tsx" path="/Users/darshanaswathappa/Desktop/env-manager/src/components/VarList.tsx">
        <metrics statements="25" coveredstatements="25" conditionals="48" coveredconditionals="42" methods="11" coveredmethods="11"/>
        <line num="19" count="283" type="cond" truecount="2" falsecount="0"/>
        <line num="20" count="202" type="cond" truecount="2" falsecount="0"/>
        <line num="21" count="6" type="cond" truecount="2" falsecount="0"/>
        <line num="36" count="487" type="stmt"/>
        <line num="38" count="487" type="stmt"/>
        <line num="39" count="137" type="stmt"/>
        <line num="42" count="487" type="cond" truecount="2" falsecount="0"/>
        <line num="43" count="86" type="stmt"/>
        <line num="52" count="401" type="stmt"/>
        <line num="53" count="401" type="cond" truecount="2" falsecount="0"/>
        <line num="54" count="3" type="stmt"/>
        <line num="57" count="487" type="stmt"/>
        <line num="97" count="1" type="stmt"/>
        <line num="130" count="291" type="stmt"/>
        <line num="131" count="291" type="stmt"/>
        <line num="138" count="15" type="cond" truecount="1" falsecount="1"/>
        <line num="142" count="3" type="cond" truecount="2" falsecount="0"/>
        <line num="143" count="1" type="cond" truecount="1" falsecount="1"/>
        <line num="144" count="1" type="stmt"/>
        <line num="146" count="2" type="cond" truecount="3" falsecount="1"/>
        <line num="147" count="2" type="stmt"/>
        <line num="148" count="2" type="stmt"/>
        <line num="160" count="1" type="stmt"/>
        <line num="167" count="1" type="stmt"/>
        <line num="186" count="4" type="stmt"/>
      </file>
    </package>
    <package name="src.components.DiffView">
      <metrics statements="108" coveredstatements="107" conditionals="117" coveredconditionals="103" methods="42" coveredmethods="41"/>
      <file name="DiffViewPanel.tsx" path="/Users/darshanaswathappa/Desktop/env-manager/src/components/DiffView/DiffViewPanel.tsx">
        <metrics statements="108" coveredstatements="107" conditionals="117" coveredconditionals="103" methods="42" coveredmethods="41"/>
        <line num="30" count="144" type="stmt"/>
        <line num="37" count="3" type="stmt"/>
        <line num="53" count="346" type="stmt"/>
        <line num="74" count="6" type="stmt"/>
        <line num="137" count="2" type="stmt"/>
        <line num="144" count="2" type="stmt"/>
        <line num="152" count="176" type="stmt"/>
        <line num="153" count="176" type="stmt"/>
        <line num="154" count="176" type="stmt"/>
        <line num="155" count="176" type="stmt"/>
        <line num="156" count="176" type="stmt"/>
        <line num="158" count="176" type="cond" truecount="2" falsecount="0"/>
        <line num="159" count="176" type="stmt"/>
        <line num="160" count="176" type="cond" truecount="2" falsecount="0"/>
        <line num="162" count="176" type="cond" truecount="2" falsecount="0"/>
        <line num="163" count="176" type="cond" truecount="2" falsecount="0"/>
        <line num="165" count="176" type="stmt"/>
        <line num="167" count="176" type="stmt"/>
        <line num="168" count="1" type="cond" truecount="1" falsecount="2"/>
        <line num="169" count="1" type="stmt"/>
        <line num="170" count="1" type="stmt"/>
        <line num="171" count="1" type="stmt"/>
        <line num="172" count="1" type="stmt"/>
        <line num="178" count="176" type="stmt"/>
        <line num="179" count="1" type="stmt"/>
        <line num="180" count="1" type="stmt"/>
        <line num="181" count="1" type="stmt"/>
        <line num="182" count="1" type="stmt"/>
        <line num="183" count="1" type="stmt"/>
        <line num="185" count="0" type="cond" truecount="0" falsecount="2"/>
        <line num="187" count="1" type="stmt"/>
        <line num="191" count="176" type="stmt"/>
        <line num="198" count="176" type="stmt"/>
        <line num="299" count="5" type="stmt"/>
        <line num="314" count="2" type="stmt"/>
        <line num="331" count="72" type="stmt"/>
        <line num="332" count="132" type="stmt"/>
        <line num="337" count="72" type="stmt"/>
        <line num="338" count="132" type="stmt"/>
        <line num="339" count="53" type="cond" truecount="1" falsecount="1"/>
        <line num="342" count="72" type="stmt"/>
        <line num="343" count="72" type="stmt"/>
        <line num="344" count="72" type="stmt"/>
        <line num="345" count="72" type="stmt"/>
        <line num="346" count="72" type="stmt"/>
        <line num="347" count="72" type="stmt"/>
        <line num="349" count="72" type="stmt"/>
        <line num="351" count="72" type="stmt"/>
        <line num="352" count="53" type="stmt"/>
        <line num="356" count="72" type="stmt"/>
        <line num="357" count="6" type="cond" truecount="2" falsecount="0"/>
        <line num="358" count="1" type="stmt"/>
        <line num="359" count="1" type="stmt"/>
        <line num="360" count="5" type="cond" truecount="2" falsecount="0"/>
        <line num="362" count="2" type="stmt"/>
        <line num="363" count="2" type="stmt"/>
        <line num="365" count="3" type="stmt"/>
        <line num="366" count="3" type="stmt"/>
        <line num="370" count="72" type="stmt"/>
        <line num="371" count="1" type="stmt"/>
        <line num="372" count="1" type="stmt"/>
        <line num="373" count="1" type="stmt"/>
        <line num="376" count="72" type="stmt"/>
        <line num="377" count="1" type="stmt"/>
        <line num="378" count="1" type="stmt"/>
        <line num="382" count="72" type="stmt"/>
        <line num="383" count="57" type="cond" truecount="1" falsecount="1"/>
        <line num="386" count="72" type="stmt"/>
        <line num="387" count="110" type="cond" truecount="1" falsecount="1"/>
        <line num="391" count="72" type="stmt"/>
        <line num="397" count="72" type="stmt"/>
        <line num="398" count="69" type="stmt"/>
        <line num="401" count="69" type="cond" truecount="2" falsecount="0"/>
        <line num="402" count="4" type="stmt"/>
        <line num="403" count="68" type="cond" truecount="2" falsecount="0"/>
        <line num="404" count="4" type="stmt"/>
        <line num="405" count="67" type="cond" truecount="2" falsecount="0"/>
        <line num="406" count="4" type="stmt"/>
        <line num="407" count="66" type="cond" truecount="2" falsecount="0"/>
        <line num="409" count="183" type="stmt"/>
        <line num="413" count="69" type="stmt"/>
        <line num="414" count="69" type="cond" truecount="2" falsecount="0"/>
        <line num="415" count="16" type="stmt"/>
        <line num="418" count="69" type="stmt"/>
        <line num="422" count="72" type="stmt"/>
        <line num="425" count="1" type="stmt"/>
        <line num="426" count="1" type="cond" truecount="1" falsecount="1"/>
        <line num="427" count="1" type="cond" truecount="2" falsecount="2"/>
        <line num="430" count="1" type="cond" truecount="1" falsecount="1"/>
        <line num="432" count="1" type="stmt"/>
        <line num="440" count="1" type="stmt"/>
        <line num="445" count="72" type="stmt"/>
        <line num="447" count="1" type="cond" truecount="1" falsecount="1"/>
        <line num="448" count="1" type="stmt"/>
        <line num="449" count="1" type="stmt"/>
        <line num="456" count="72" type="stmt"/>
        <line num="457" count="72" type="stmt"/>
        <line num="459" count="72" type="cond" truecount="2" falsecount="0"/>
        <line num="463" count="72" type="cond" truecount="2" falsecount="0"/>
        <line num="464" count="72" type="cond" truecount="4" falsecount="0"/>
        <line num="465" count="72" type="cond" truecount="3" falsecount="0"/>
        <line num="467" count="72" type="stmt"/>
        <line num="557" count="3" type="stmt"/>
        <line num="603" count="6" type="stmt"/>
        <line num="622" count="360" type="cond" truecount="2" falsecount="0"/>
        <line num="623" count="360" type="stmt"/>
        <line num="626" count="6" type="stmt"/>
        <line num="700" count="164" type="stmt"/>
      </file>
    </package>
    <package name="src.components.EnvExample">
      <metrics statements="52" coveredstatements="50" conditionals="65" coveredconditionals="53" methods="20" coveredmethods="17"/>
      <file name="EnvExamplePromptDialog.tsx" path="/Users/darshanaswathappa/Desktop/env-manager/src/components/EnvExample/EnvExamplePromptDialog.tsx">
        <metrics statements="52" coveredstatements="50" conditionals="65" coveredconditionals="53" methods="20" coveredmethods="17"/>
        <line num="22" count="58" type="stmt"/>
        <line num="23" count="58" type="stmt"/>
        <line num="24" count="58" type="stmt"/>
        <line num="25" count="58" type="stmt"/>
        <line num="26" count="58" type="stmt"/>
        <line num="29" count="58" type="stmt"/>
        <line num="30" count="53" type="cond" truecount="2" falsecount="0"/>
        <line num="31" count="1" type="stmt"/>
        <line num="32" count="1" type="stmt"/>
        <line num="36" count="58" type="stmt"/>
        <line num="37" count="35" type="cond" truecount="1" falsecount="1"/>
        <line num="41" count="58" type="stmt"/>
        <line num="47" count="4" type="cond" truecount="2" falsecount="0"/>
        <line num="48" count="4" type="stmt"/>
        <line num="52" count="3" type="stmt"/>
        <line num="53" count="3" type="stmt"/>
        <line num="54" count="3" type="stmt"/>
        <line num="55" count="3" type="stmt"/>
        <line num="58" count="58" type="stmt"/>
        <line num="68" count="58" type="stmt"/>
        <line num="82" count="58" type="cond" truecount="2" falsecount="0"/>
        <line num="83" count="36" type="stmt"/>
        <line num="94" count="27" type="stmt"/>
        <line num="95" count="0" type="cond" truecount="0" falsecount="2"/>
        <line num="178" count="3" type="stmt"/>
        <line num="216" count="19" type="stmt"/>
        <line num="239" count="22" type="cond" truecount="2" falsecount="0"/>
        <line num="244" count="21" type="stmt"/>
        <line num="245" count="21" type="stmt"/>
        <line num="247" count="21" type="stmt"/>
        <line num="248" count="34" type="cond" truecount="4" falsecount="0"/>
        <line num="249" count="1" type="stmt"/>
        <line num="250" count="1" type="stmt"/>
        <line num="252" count="34" type="stmt"/>
        <line num="255" count="21" type="stmt"/>
        <line num="266" count="5" type="stmt"/>
        <line num="267" count="0" type="cond" truecount="0" falsecount="2"/>
        <line num="317" count="1" type="stmt"/>
        <line num="330" count="126" type="stmt"/>
        <line num="345" count="1" type="stmt"/>
        <line num="379" count="35" type="cond" truecount="2" falsecount="0"/>
        <line num="380" count="1" type="stmt"/>
        <line num="399" count="34" type="stmt"/>
        <line num="400" count="34" type="stmt"/>
        <line num="403" count="34" type="cond" truecount="2" falsecount="0"/>
        <line num="404" count="31" type="stmt"/>
        <line num="405" count="3" type="cond" truecount="2" falsecount="0"/>
        <line num="406" count="1" type="stmt"/>
        <line num="408" count="2" type="stmt"/>
        <line num="411" count="34" type="stmt"/>
        <line num="492" count="1" type="stmt"/>
        <line num="531" count="1" type="stmt"/>
      </file>
    </package>
    <package name="src.components.Export">
      <metrics statements="61" coveredstatements="55" conditionals="34" coveredconditionals="26" methods="16" coveredmethods="14"/>
      <file name="ExportPanel.tsx" path="/Users/darshanaswathappa/Desktop/env-manager/src/components/Export/ExportPanel.tsx">
        <metrics statements="61" coveredstatements="55" conditionals="34" coveredconditionals="26" methods="16" coveredmethods="14"/>
        <line num="18" count="2" type="stmt"/>
        <line num="19" count="2" type="stmt"/>
        <line num="22" count="2" type="stmt"/>
        <line num="26" count="2" type="stmt"/>
        <line num="29" count="72" type="stmt"/>
        <line num="35" count="54" type="stmt"/>
        <line num="36" count="54" type="stmt"/>
        <line num="37" count="54" type="stmt"/>
        <line num="38" count="54" type="stmt"/>
        <line num="40" count="54" type="stmt"/>
        <line num="42" count="54" type="stmt"/>
        <line num="43" count="26" type="stmt"/>
        <line num="47" count="54" type="stmt"/>
        <line num="48" count="40" type="stmt"/>
        <line num="49" count="40" type="cond" truecount="2" falsecount="0"/>
        <line num="50" count="40" type="stmt"/>
        <line num="52" count="40" type="cond" truecount="2" falsecount="0"/>
        <line num="54" count="10" type="stmt"/>
        <line num="55" count="5" type="cond" truecount="1" falsecount="1"/>
        <line num="56" count="5" type="stmt"/>
        <line num="58" count="35" type="stmt"/>
        <line num="63" count="54" type="stmt"/>
        <line num="64" count="4" type="stmt"/>
        <line num="65" count="4" type="stmt"/>
        <line num="66" count="4" type="stmt"/>
        <line num="67" count="4" type="cond" truecount="1" falsecount="1"/>
        <line num="68" count="4" type="stmt"/>
        <line num="72" count="4" type="cond" truecount="2" falsecount="0"/>
        <line num="73" count="1" type="stmt"/>
        <line num="74" count="1" type="stmt"/>
        <line num="77" count="3" type="stmt"/>
        <line num="78" count="3" type="stmt"/>
        <line num="79" count="3" type="stmt"/>
        <line num="83" count="4" type="stmt"/>
        <line num="87" count="54" type="stmt"/>
        <line num="88" count="3" type="stmt"/>
        <line num="89" count="3" type="stmt"/>
        <line num="91" count="3" type="stmt"/>
        <line num="92" count="6" type="stmt"/>
        <line num="94" count="6" type="stmt"/>
        <line num="95" count="6" type="cond" truecount="2" falsecount="0"/>
        <line num="98" count="6" type="stmt"/>
        <line num="99" count="6" type="stmt"/>
        <line num="102" count="3" type="stmt"/>
        <line num="104" count="3" type="stmt"/>
        <line num="108" count="3" type="cond" truecount="1" falsecount="1"/>
        <line num="109" count="0" type="stmt"/>
        <line num="110" count="0" type="stmt"/>
        <line num="113" count="3" type="stmt"/>
        <line num="114" count="3" type="stmt"/>
        <line num="118" count="3" type="stmt"/>
        <line num="122" count="54" type="stmt"/>
        <line num="123" count="0" type="cond" truecount="0" falsecount="2"/>
        <line num="124" count="0" type="stmt"/>
        <line num="125" count="0" type="stmt"/>
        <line num="131" count="54" type="stmt"/>
        <line num="187" count="270" type="stmt"/>
        <line num="190" count="6" type="stmt"/>
        <line num="221" count="0" type="stmt"/>
        <line num="233" count="5" type="stmt"/>
        <line num="253" count="3" type="stmt"/>
      </file>
    </package>
    <package name="src.components.Import">
      <metrics statements="110" coveredstatements="102" conditionals="94" coveredconditionals="77" methods="29" coveredmethods="25"/>
      <file name="ImportDialog.tsx" path="/Users/darshanaswathappa/Desktop/env-manager/src/components/Import/ImportDialog.tsx">
        <metrics statements="110" coveredstatements="102" conditionals="94" coveredconditionals="77" methods="29" coveredmethods="25"/>
        <line num="24" count="2" type="stmt"/>
        <line num="33" count="33" type="stmt"/>
        <line num="38" count="33" type="stmt"/>
        <line num="39" count="33" type="stmt"/>
        <line num="56" count="66" type="stmt"/>
        <line num="57" count="66" type="stmt"/>
        <line num="58" count="66" type="stmt"/>
        <line num="59" count="66" type="stmt"/>
        <line num="60" count="66" type="stmt"/>
        <line num="61" count="66" type="stmt"/>
        <line num="62" count="66" type="stmt"/>
        <line num="63" count="66" type="stmt"/>
        <line num="64" count="66" type="stmt"/>
        <line num="65" count="66" type="stmt"/>
        <line num="67" count="66" type="cond" truecount="2" falsecount="0"/>
        <line num="70" count="66" type="stmt"/>
        <line num="71" count="55" type="cond" truecount="2" falsecount="0"/>
        <line num="72" count="30" type="stmt"/>
        <line num="76" count="66" type="stmt"/>
        <line num="77" count="41" type="cond" truecount="2" falsecount="0"/>
        <line num="78" count="16" type="stmt"/>
        <line num="79" count="16" type="stmt"/>
        <line num="80" count="16" type="stmt"/>
        <line num="81" count="16" type="stmt"/>
        <line num="83" count="1" type="cond" truecount="1" falsecount="1"/>
        <line num="84" count="1" type="stmt"/>
        <line num="85" count="1" type="stmt"/>
        <line num="91" count="66" type="stmt"/>
        <line num="92" count="17" type="stmt"/>
        <line num="98" count="17" type="cond" truecount="4" falsecount="0"/>
        <line num="100" count="16" type="cond" truecount="1" falsecount="1"/>
        <line num="101" count="17" type="stmt"/>
        <line num="102" count="16" type="stmt"/>
        <line num="104" count="16" type="stmt"/>
        <line num="105" count="16" type="stmt"/>
        <line num="106" count="16" type="stmt"/>
        <line num="107" count="16" type="stmt"/>
        <line num="108" count="16" type="stmt"/>
        <line num="110" count="16" type="stmt"/>
        <line num="111" count="16" type="stmt"/>
        <line num="112" count="16" type="stmt"/>
        <line num="113" count="16" type="stmt"/>
        <line num="114" count="16" type="stmt"/>
        <line num="116" count="1" type="cond" truecount="1" falsecount="1"/>
        <line num="117" count="1" type="stmt"/>
        <line num="118" count="1" type="stmt"/>
        <line num="119" count="1" type="stmt"/>
        <line num="125" count="66" type="stmt"/>
        <line num="126" count="3" type="cond" truecount="3" falsecount="1"/>
        <line num="128" count="3" type="stmt"/>
        <line num="129" count="3" type="stmt"/>
        <line num="132" count="3" type="stmt"/>
        <line num="133" count="3" type="stmt"/>
        <line num="134" count="0" type="cond" truecount="0" falsecount="2"/>
        <line num="135" count="0" type="stmt"/>
        <line num="137" count="3" type="stmt"/>
        <line num="138" count="0" type="cond" truecount="0" falsecount="2"/>
        <line num="139" count="0" type="stmt"/>
        <line num="141" count="3" type="stmt"/>
        <line num="142" count="3" type="stmt"/>
        <line num="146" count="66" type="stmt"/>
        <line num="147" count="60" type="cond" truecount="2" falsecount="0"/>
        <line num="148" count="35" type="stmt"/>
        <line num="149" count="35" type="stmt"/>
        <line num="150" count="13" type="cond" truecount="2" falsecount="0"/>
        <line num="152" count="35" type="cond" truecount="1" falsecount="1"/>
        <line num="156" count="66" type="stmt"/>
        <line num="157" count="47" type="cond" truecount="2" falsecount="0"/>
        <line num="158" count="3" type="stmt"/>
        <line num="159" count="3" type="stmt"/>
        <line num="163" count="66" type="stmt"/>
        <line num="173" count="66" type="stmt"/>
        <line num="184" count="66" type="stmt"/>
        <line num="195" count="66" type="cond" truecount="4" falsecount="0"/>
        <line num="196" count="3" type="stmt"/>
        <line num="198" count="1" type="stmt"/>
        <line num="228" count="63" type="cond" truecount="4" falsecount="0"/>
        <line num="229" count="5" type="stmt"/>
        <line num="230" count="5" type="stmt"/>
        <line num="232" count="2" type="stmt"/>
        <line num="249" count="1" type="stmt"/>
        <line num="250" count="1" type="stmt"/>
        <line num="251" count="1" type="stmt"/>
        <line num="259" count="1" type="stmt"/>
        <line num="260" count="1" type="stmt"/>
        <line num="261" count="1" type="stmt"/>
        <line num="278" count="5" type="cond" truecount="1" falsecount="1"/>
        <line num="279" count="5" type="stmt"/>
        <line num="297" count="0" type="stmt"/>
        <line num="298" count="0" type="cond" truecount="0" falsecount="2"/>
        <line num="299" count="0" type="stmt"/>
        <line num="312" count="0" type="stmt"/>
        <line num="322" count="58" type="cond" truecount="2" falsecount="0"/>
        <line num="323" count="33" type="cond" truecount="2" falsecount="0"/>
        <line num="326" count="33" type="cond" truecount="2" falsecount="0"/>
        <line num="327" count="33" type="stmt"/>
        <line num="328" count="33" type="stmt"/>
        <line num="329" count="33" type="cond" truecount="2" falsecount="0"/>
        <line num="330" count="10" type="cond" truecount="2" falsecount="0"/>
        <line num="332" count="33" type="cond" truecount="2" falsecount="0"/>
        <line num="335" count="33" type="stmt"/>
        <line num="337" count="7" type="stmt"/>
        <line num="358" count="1" type="stmt"/>
        <line num="399" count="33" type="stmt"/>
        <line num="428" count="3" type="stmt"/>
        <line num="429" count="3" type="stmt"/>
        <line num="430" count="3" type="stmt"/>
        <line num="431" count="3" type="stmt"/>
        <line num="448" count="25" type="stmt"/>
        <line num="450" count="18" type="stmt"/>
      </file>
    </package>
    <package name="src.components.PushToStage">
      <metrics statements="173" coveredstatements="170" conditionals="179" coveredconditionals="155" methods="56" coveredmethods="53"/>
      <file name="PushToStagePanel.tsx" path="/Users/darshanaswathappa/Desktop/env-manager/src/components/PushToStage/PushToStagePanel.tsx">
        <metrics statements="173" coveredstatements="170" conditionals="179" coveredconditionals="155" methods="56" coveredmethods="53"/>
        <line num="25" count="189" type="cond" truecount="1" falsecount="1"/>
        <line num="26" count="189" type="cond" truecount="2" falsecount="0"/>
        <line num="27" count="1" type="cond" truecount="1" falsecount="1"/>
        <line num="41" count="189" type="stmt"/>
        <line num="43" count="189" type="stmt"/>
        <line num="55" count="189" type="stmt"/>
        <line num="59" count="23" type="stmt"/>
        <line num="63" count="3" type="cond" truecount="4" falsecount="0"/>
        <line num="64" count="2" type="stmt"/>
        <line num="65" count="2" type="stmt"/>
        <line num="69" count="0" type="cond" truecount="0" falsecount="2"/>
        <line num="72" count="0" type="cond" truecount="0" falsecount="2"/>
        <line num="81" count="0" type="stmt"/>
        <line num="131" count="16" type="stmt"/>
        <line num="132" count="16" type="stmt"/>
        <line num="134" count="16" type="stmt"/>
        <line num="162" count="16" type="stmt"/>
        <line num="163" count="2" type="stmt"/>
        <line num="164" count="2" type="cond" truecount="1" falsecount="1"/>
        <line num="167" count="16" type="stmt"/>
        <line num="187" count="153" type="stmt"/>
        <line num="188" count="153" type="stmt"/>
        <line num="189" count="153" type="stmt"/>
        <line num="190" count="153" type="stmt"/>
        <line num="191" count="153" type="stmt"/>
        <line num="192" count="153" type="stmt"/>
        <line num="193" count="153" type="stmt"/>
        <line num="195" count="153" type="stmt"/>
        <line num="198" count="153" type="stmt"/>
        <line num="199" count="62" type="stmt"/>
        <line num="203" count="153" type="stmt"/>
        <line num="204" count="153" type="stmt"/>
        <line num="205" count="65" type="cond" truecount="2" falsecount="0"/>
        <line num="209" count="153" type="stmt"/>
        <line num="212" count="153" type="stmt"/>
        <line num="213" count="83" type="cond" truecount="2" falsecount="0"/>
        <line num="216" count="153" type="stmt"/>
        <line num="217" count="83" type="cond" truecount="2" falsecount="0"/>
        <line num="222" count="153" type="stmt"/>
        <line num="223" count="153" type="stmt"/>
        <line num="224" count="105" type="stmt"/>
        <line num="228" count="153" type="stmt"/>
        <line num="229" count="153" type="cond" truecount="2" falsecount="0"/>
        <line num="230" count="153" type="cond" truecount="2" falsecount="0"/>
        <line num="232" count="153" type="stmt"/>
        <line num="233" count="153" type="stmt"/>
        <line num="234" count="66" type="cond" truecount="2" falsecount="0"/>
        <line num="235" count="56" type="stmt"/>
        <line num="239" count="153" type="stmt"/>
        <line num="240" count="25" type="stmt"/>
        <line num="241" count="25" type="stmt"/>
        <line num="242" count="25" type="cond" truecount="2" falsecount="0"/>
        <line num="243" count="23" type="stmt"/>
        <line num="244" count="25" type="stmt"/>
        <line num="248" count="153" type="stmt"/>
        <line num="249" count="8" type="cond" truecount="2" falsecount="0"/>
        <line num="251" count="1" type="stmt"/>
        <line num="252" count="1" type="stmt"/>
        <line num="253" count="2" type="stmt"/>
        <line num="254" count="1" type="stmt"/>
        <line num="258" count="7" type="stmt"/>
        <line num="259" count="7" type="stmt"/>
        <line num="260" count="16" type="stmt"/>
        <line num="261" count="7" type="stmt"/>
        <line num="266" count="153" type="stmt"/>
        <line num="267" count="5" type="stmt"/>
        <line num="268" count="5" type="stmt"/>
        <line num="269" count="9" type="stmt"/>
        <line num="270" count="5" type="stmt"/>
        <line num="275" count="153" type="stmt"/>
        <line num="276" count="62" type="stmt"/>
        <line num="277" count="159" type="stmt"/>
        <line num="278" count="159" type="stmt"/>
        <line num="281" count="62" type="stmt"/>
        <line num="284" count="153" type="stmt"/>
        <line num="286" count="504" type="stmt"/>
        <line num="287" count="233" type="cond" truecount="1" falsecount="1"/>
        <line num="293" count="153" type="stmt"/>
        <line num="295" count="21" type="stmt"/>
        <line num="296" count="21" type="stmt"/>
        <line num="297" count="21" type="stmt"/>
        <line num="298" count="21" type="stmt"/>
        <line num="300" count="21" type="cond" truecount="1" falsecount="1"/>
        <line num="302" count="21" type="stmt"/>
        <line num="303" count="26" type="stmt"/>
        <line num="304" count="21" type="stmt"/>
        <line num="305" count="20" type="stmt"/>
        <line num="308" count="1" type="stmt"/>
        <line num="315" count="153" type="stmt"/>
        <line num="317" count="2" type="stmt"/>
        <line num="318" count="2" type="cond" truecount="2" falsecount="0"/>
        <line num="319" count="2" type="stmt"/>
        <line num="320" count="2" type="cond" truecount="1" falsecount="1"/>
        <line num="321" count="2" type="stmt"/>
        <line num="322" count="2" type="stmt"/>
        <line num="326" count="2" type="cond" truecount="2" falsecount="0"/>
        <line num="327" count="2" type="cond" truecount="1" falsecount="1"/>
        <line num="329" count="3" type="stmt"/>
        <line num="330" count="2" type="cond" truecount="1" falsecount="1"/>
        <line num="331" count="2" type="stmt"/>
        <line num="332" count="2" type="stmt"/>
        <line num="333" count="2" type="stmt"/>
        <line num="334" count="2" type="stmt"/>
        <line num="343" count="153" type="stmt"/>
        <line num="345" count="189" type="cond" truecount="4" falsecount="0"/>
        <line num="346" count="38" type="cond" truecount="2" falsecount="0"/>
        <line num="347" count="33" type="cond" truecount="2" falsecount="0"/>
        <line num="348" count="11" type="cond" truecount="2" falsecount="0"/>
        <line num="349" count="11" type="cond" truecount="2" falsecount="0"/>
        <line num="351" count="22" type="stmt"/>
        <line num="357" count="153" type="stmt"/>
        <line num="358" count="144" type="cond" truecount="4" falsecount="0"/>
        <line num="359" count="24" type="stmt"/>
        <line num="360" count="24" type="stmt"/>
        <line num="361" count="30" type="stmt"/>
        <line num="362" count="24" type="cond" truecount="1" falsecount="1"/>
        <line num="363" count="24" type="cond" truecount="2" falsecount="0"/>
        <line num="364" count="20" type="cond" truecount="2" falsecount="0"/>
        <line num="365" count="24" type="cond" truecount="3" falsecount="1"/>
        <line num="366" count="20" type="stmt"/>
        <line num="368" count="24" type="stmt"/>
        <line num="372" count="153" type="stmt"/>
        <line num="373" count="144" type="cond" truecount="4" falsecount="0"/>
        <line num="374" count="24" type="stmt"/>
        <line num="375" count="24" type="stmt"/>
        <line num="376" count="24" type="stmt"/>
        <line num="378" count="24" type="stmt"/>
        <line num="379" count="30" type="stmt"/>
        <line num="380" count="24" type="cond" truecount="1" falsecount="1"/>
        <line num="381" count="24" type="cond" truecount="2" falsecount="0"/>
        <line num="382" count="4" type="stmt"/>
        <line num="383" count="20" type="cond" truecount="2" falsecount="0"/>
        <line num="384" count="6" type="cond" truecount="2" falsecount="0"/>
        <line num="385" count="6" type="cond" truecount="1" falsecount="1"/>
        <line num="386" count="14" type="cond" truecount="1" falsecount="1"/>
        <line num="387" count="14" type="stmt"/>
        <line num="391" count="24" type="stmt"/>
        <line num="395" count="153" type="stmt"/>
        <line num="396" count="6" type="cond" truecount="3" falsecount="1"/>
        <line num="398" count="7" type="stmt"/>
        <line num="401" count="6" type="stmt"/>
        <line num="402" count="6" type="cond" truecount="1" falsecount="1"/>
        <line num="403" count="6" type="cond" truecount="2" falsecount="0"/>
        <line num="404" count="6" type="cond" truecount="3" falsecount="1"/>
        <line num="405" count="6" type="stmt"/>
        <line num="408" count="6" type="cond" truecount="1" falsecount="1"/>
        <line num="410" count="6" type="stmt"/>
        <line num="411" count="6" type="stmt"/>
        <line num="413" count="6" type="stmt"/>
        <line num="414" count="6" type="stmt"/>
        <line num="418" count="6" type="stmt"/>
        <line num="422" count="3" type="stmt"/>
        <line num="423" count="3" type="stmt"/>
        <line num="425" count="2" type="stmt"/>
        <line num="426" count="2" type="cond" truecount="1" falsecount="1"/>
        <line num="441" count="153" type="stmt"/>
        <line num="443" count="9" type="cond" truecount="2" falsecount="0"/>
        <line num="444" count="1" type="stmt"/>
        <line num="445" count="1" type="stmt"/>
        <line num="446" count="8" type="cond" truecount="5" falsecount="0"/>
        <line num="447" count="5" type="stmt"/>
        <line num="448" count="5" type="stmt"/>
        <line num="455" count="153" type="cond" truecount="3" falsecount="0"/>
        <line num="457" count="153" type="cond" truecount="3" falsecount="0"/>
        <line num="461" count="153" type="cond" truecount="2" falsecount="0"/>
        <line num="468" count="153" type="stmt"/>
        <line num="548" count="3" type="stmt"/>
        <line num="613" count="189" type="stmt"/>
        <line num="683" count="21" type="stmt"/>
        <line num="700" count="233" type="stmt"/>
        <line num="701" count="233" type="stmt"/>
        <line num="702" count="233" type="cond" truecount="2" falsecount="0"/>
        <line num="703" count="233" type="stmt"/>
      </file>
    </package>
    <package name="src.lib">
      <metrics statements="341" coveredstatements="331" conditionals="201" coveredconditionals="176" methods="84" coveredmethods="83"/>
      <file name="envDiff.ts" path="/Users/darshanaswathappa/Desktop/env-manager/src/lib/envDiff.ts">
        <metrics statements="30" coveredstatements="30" conditionals="10" coveredconditionals="10" methods="2" coveredmethods="2"/>
        <line num="3" count="3" type="stmt"/>
        <line num="22" count="73" type="stmt"/>
        <line num="23" count="136" type="stmt"/>
        <line num="25" count="73" type="stmt"/>
        <line num="26" count="131" type="stmt"/>
        <line num="29" count="73" type="stmt"/>
        <line num="31" count="73" type="stmt"/>
        <line num="32" count="73" type="stmt"/>
        <line num="33" count="73" type="stmt"/>
        <line num="34" count="73" type="stmt"/>
        <line num="35" count="73" type="stmt"/>
        <line num="37" count="73" type="stmt"/>
        <line num="38" count="186" type="stmt"/>
        <line num="39" count="186" type="stmt"/>
        <line num="41" count="186" type="cond" truecount="4" falsecount="0"/>
        <line num="42" count="80" type="cond" truecount="2" falsecount="0"/>
        <line num="43" count="31" type="stmt"/>
        <line num="44" count="31" type="stmt"/>
        <line num="46" count="49" type="stmt"/>
        <line num="47" count="49" type="stmt"/>
        <line num="49" count="106" type="cond" truecount="2" falsecount="0"/>
        <line num="50" count="55" type="stmt"/>
        <line num="51" count="55" type="stmt"/>
        <line num="53" count="51" type="stmt"/>
        <line num="54" count="51" type="stmt"/>
        <line num="59" count="73" type="stmt"/>
        <line num="60" count="158" type="stmt"/>
        <line num="61" count="158" type="cond" truecount="2" falsecount="0"/>
        <line num="62" count="8" type="stmt"/>
        <line num="65" count="73" type="stmt"/>
      </file>
      <file name="envFile.ts" path="/Users/darshanaswathappa/Desktop/env-manager/src/lib/envFile.ts">
        <metrics statements="92" coveredstatements="92" conditionals="51" coveredconditionals="49" methods="40" coveredmethods="40"/>
        <line num="8" count="138" type="cond" truecount="2" falsecount="0"/>
        <line num="9" count="134" type="cond" truecount="2" falsecount="0"/>
        <line num="10" count="68" type="stmt"/>
        <line num="14" count="86" type="stmt"/>
        <line num="15" count="129" type="stmt"/>
        <line num="16" count="128" type="stmt"/>
        <line num="23" count="261" type="stmt"/>
        <line num="24" count="261" type="cond" truecount="2" falsecount="0"/>
        <line num="25" count="256" type="cond" truecount="4" falsecount="0"/>
        <line num="26" count="2" type="stmt"/>
        <line num="28" count="254" type="cond" truecount="4" falsecount="0"/>
        <line num="29" count="4" type="stmt"/>
        <line num="31" count="250" type="stmt"/>
        <line num="35" count="432" type="stmt"/>
        <line num="36" count="432" type="stmt"/>
        <line num="37" count="460" type="cond" truecount="4" falsecount="0"/>
        <line num="38" count="257" type="stmt"/>
        <line num="39" count="257" type="cond" truecount="2" falsecount="0"/>
        <line num="40" count="256" type="stmt"/>
        <line num="48" count="432" type="stmt"/>
        <line num="52" count="16" type="stmt"/>
        <line num="56" count="31" type="stmt"/>
        <line num="57" count="31" type="stmt"/>
        <line num="61" count="379" type="stmt"/>
        <line num="62" count="379" type="stmt"/>
        <line num="66" count="2" type="stmt"/>
        <line num="67" count="2" type="stmt"/>
        <line num="71" count="18" type="stmt"/>
        <line num="72" count="18" type="stmt"/>
        <line num="79" count="2" type="stmt"/>
        <line num="83" count="4" type="stmt"/>
        <line num="89" count="20" type="stmt"/>
        <line num="93" count="3" type="stmt"/>
        <line num="97" count="28" type="stmt"/>
        <line num="101" count="22" type="stmt"/>
        <line num="105" count="74" type="stmt"/>
        <line num="111" count="110" type="stmt"/>
        <line num="124" count="10" type="stmt"/>
        <line num="125" count="8" type="stmt"/>
        <line num="126" count="8" type="stmt"/>
        <line num="127" count="8" type="stmt"/>
        <line num="129" count="8" type="stmt"/>
        <line num="130" count="14" type="cond" truecount="2" falsecount="0"/>
        <line num="131" count="6" type="stmt"/>
        <line num="132" count="8" type="cond" truecount="2" falsecount="0"/>
        <line num="133" count="4" type="stmt"/>
        <line num="135" count="4" type="stmt"/>
        <line num="139" count="8" type="stmt"/>
        <line num="153" count="13" type="stmt"/>
        <line num="154" count="13" type="stmt"/>
        <line num="155" count="13" type="stmt"/>
        <line num="156" count="13" type="stmt"/>
        <line num="158" count="13" type="stmt"/>
        <line num="159" count="14" type="cond" truecount="2" falsecount="0"/>
        <line num="161" count="9" type="stmt"/>
        <line num="162" count="9" type="stmt"/>
        <line num="163" count="5" type="cond" truecount="2" falsecount="0"/>
        <line num="165" count="1" type="stmt"/>
        <line num="168" count="4" type="cond" truecount="2" falsecount="0"/>
        <line num="169" count="4" type="cond" truecount="2" falsecount="0"/>
        <line num="170" count="3" type="stmt"/>
        <line num="171" count="3" type="stmt"/>
        <line num="174" count="1" type="stmt"/>
        <line num="179" count="13" type="stmt"/>
        <line num="194" count="3" type="stmt"/>
        <line num="195" count="3" type="stmt"/>
        <line num="203" count="6" type="stmt"/>
        <line num="205" count="6" type="stmt"/>
        <line num="206" count="6" type="stmt"/>
        <line num="208" count="6" type="stmt"/>
        <line num="209" count="6" type="stmt"/>
        <line num="215" count="6" type="stmt"/>
        <line num="217" count="6" type="stmt"/>
        <line num="229" count="236" type="cond" truecount="1" falsecount="1"/>
        <line num="230" count="236" type="cond" truecount="2" falsecount="0"/>
        <line num="231" count="14" type="cond" truecount="1" falsecount="1"/>
        <line num="243" count="7" type="stmt"/>
        <line num="246" count="6" type="cond" truecount="2" falsecount="0"/>
        <line num="248" count="1" type="stmt"/>
        <line num="251" count="5" type="stmt"/>
        <line num="252" count="6" type="cond" truecount="2" falsecount="0"/>
        <line num="256" count="6" type="stmt"/>
        <line num="274" count="15" type="stmt"/>
        <line num="275" count="67" type="stmt"/>
        <line num="276" count="53" type="stmt"/>
        <line num="277" count="10" type="stmt"/>
        <line num="290" count="16" type="cond" truecount="2" falsecount="0"/>
        <line num="304" count="9" type="stmt"/>
        <line num="305" count="31" type="cond" truecount="2" falsecount="0"/>
        <line num="318" count="16" type="stmt"/>
        <line num="319" count="16" type="cond" truecount="2" falsecount="0"/>
        <line num="320" count="14" type="stmt"/>
      </file>
      <file name="envFormats.ts" path="/Users/darshanaswathappa/Desktop/env-manager/src/lib/envFormats.ts">
        <metrics statements="184" coveredstatements="175" conditionals="128" coveredconditionals="106" methods="26" coveredmethods="26"/>
        <line num="10" count="6" type="stmt"/>
        <line num="11" count="6" type="stmt"/>
        <line num="18" count="27" type="cond" truecount="1" falsecount="1"/>
        <line num="21" count="27" type="cond" truecount="2" falsecount="0"/>
        <line num="22" count="24" type="cond" truecount="4" falsecount="0"/>
        <line num="23" count="22" type="cond" truecount="2" falsecount="0"/>
        <line num="24" count="21" type="cond" truecount="2" falsecount="0"/>
        <line num="25" count="20" type="cond" truecount="2" falsecount="0"/>
        <line num="28" count="5" type="cond" truecount="3" falsecount="1"/>
        <line num="29" count="5" type="stmt"/>
        <line num="30" count="5" type="cond" truecount="2" falsecount="0"/>
        <line num="31" count="4" type="cond" truecount="4" falsecount="0"/>
        <line num="32" count="3" type="cond" truecount="2" falsecount="0"/>
        <line num="35" count="2" type="stmt"/>
        <line num="46" count="31" type="stmt"/>
        <line num="51" count="14" type="stmt"/>
        <line num="52" count="14" type="stmt"/>
        <line num="54" count="4" type="stmt"/>
        <line num="57" count="10" type="cond" truecount="2" falsecount="0"/>
        <line num="58" count="1" type="stmt"/>
        <line num="60" count="9" type="cond" truecount="3" falsecount="1"/>
        <line num="61" count="0" type="stmt"/>
        <line num="64" count="9" type="stmt"/>
        <line num="65" count="9" type="stmt"/>
        <line num="66" count="9" type="stmt"/>
        <line num="68" count="9" type="stmt"/>
        <line num="69" count="12" type="cond" truecount="2" falsecount="0"/>
        <line num="70" count="1" type="stmt"/>
        <line num="71" count="1" type="stmt"/>
        <line num="73" count="11" type="cond" truecount="2" falsecount="0"/>
        <line num="74" count="1" type="stmt"/>
        <line num="75" count="1" type="stmt"/>
        <line num="77" count="10" type="stmt"/>
        <line num="86" count="9" type="stmt"/>
        <line num="91" count="6" type="stmt"/>
        <line num="92" count="6" type="stmt"/>
        <line num="94" count="1" type="stmt"/>
        <line num="97" count="5" type="cond" truecount="4" falsecount="1"/>
        <line num="98" count="0" type="stmt"/>
        <line num="101" count="5" type="stmt"/>
        <line num="102" count="5" type="stmt"/>
        <line num="103" count="5" type="stmt"/>
        <line num="105" count="5" type="stmt"/>
        <line num="106" count="9" type="cond" truecount="3" falsecount="1"/>
        <line num="107" count="0" type="stmt"/>
        <line num="108" count="0" type="stmt"/>
        <line num="110" count="9" type="cond" truecount="2" falsecount="0"/>
        <line num="111" count="1" type="stmt"/>
        <line num="112" count="1" type="stmt"/>
        <line num="114" count="8" type="stmt"/>
        <line num="123" count="5" type="stmt"/>
        <line num="127" count="6" type="stmt"/>
        <line num="128" count="6" type="stmt"/>
        <line num="130" count="6" type="cond" truecount="1" falsecount="1"/>
        <line num="132" count="6" type="stmt"/>
        <line num="133" count="6" type="stmt"/>
        <line num="136" count="6" type="stmt"/>
        <line num="138" count="6" type="cond" truecount="3" falsecount="0"/>
        <line num="141" count="6" type="cond" truecount="2" falsecount="0"/>
        <line num="143" count="6" type="stmt"/>
        <line num="144" count="11" type="cond" truecount="2" falsecount="0"/>
        <line num="145" count="1" type="cond" truecount="3" falsecount="1"/>
        <line num="146" count="1" type="stmt"/>
        <line num="148" count="1" type="stmt"/>
        <line num="150" count="10" type="cond" truecount="1" falsecount="1"/>
        <line num="151" count="11" type="cond" truecount="1" falsecount="1"/>
        <line num="152" count="11" type="cond" truecount="1" falsecount="1"/>
        <line num="153" count="10" type="stmt"/>
        <line num="162" count="6" type="stmt"/>
        <line num="166" count="8" type="stmt"/>
        <line num="168" count="8" type="stmt"/>
        <line num="169" count="14" type="stmt"/>
        <line num="170" count="14" type="cond" truecount="4" falsecount="0"/>
        <line num="171" count="10" type="cond" truecount="2" falsecount="0"/>
        <line num="172" count="9" type="stmt"/>
        <line num="175" count="8" type="cond" truecount="1" falsecount="1"/>
        <line num="176" count="8" type="stmt"/>
        <line num="182" count="46" type="stmt"/>
        <line num="186" count="5" type="stmt"/>
        <line num="187" count="5" type="stmt"/>
        <line num="188" count="9" type="cond" truecount="1" falsecount="1"/>
        <line num="190" count="5" type="stmt"/>
        <line num="194" count="2" type="stmt"/>
        <line num="195" count="2" type="stmt"/>
        <line num="196" count="4" type="cond" truecount="1" falsecount="1"/>
        <line num="198" count="2" type="stmt"/>
        <line num="202" count="6" type="stmt"/>
        <line num="203" count="6" type="stmt"/>
        <line num="204" count="4" type="stmt"/>
        <line num="208" count="3" type="stmt"/>
        <line num="209" count="3" type="stmt"/>
        <line num="211" count="3" type="stmt"/>
        <line num="212" count="5" type="cond" truecount="1" falsecount="1"/>
        <line num="213" count="5" type="cond" truecount="1" falsecount="1"/>
        <line num="214" count="0" type="stmt"/>
        <line num="215" count="0" type="stmt"/>
        <line num="217" count="5" type="stmt"/>
        <line num="220" count="3" type="stmt"/>
        <line num="226" count="49" type="cond" truecount="5" falsecount="0"/>
        <line num="227" count="2" type="stmt"/>
        <line num="228" count="1" type="stmt"/>
        <line num="229" count="1" type="stmt"/>
        <line num="230" count="1" type="stmt"/>
        <line num="231" count="44" type="stmt"/>
        <line num="236" count="32" type="cond" truecount="2" falsecount="3"/>
        <line num="237" count="4" type="stmt"/>
        <line num="238" count="0" type="stmt"/>
        <line num="239" count="0" type="stmt"/>
        <line num="240" count="0" type="stmt"/>
        <line num="241" count="28" type="stmt"/>
        <line num="252" count="36" type="stmt"/>
        <line num="253" count="36" type="stmt"/>
        <line num="254" count="39" type="stmt"/>
        <line num="257" count="36" type="stmt"/>
        <line num="258" count="36" type="stmt"/>
        <line num="259" count="36" type="stmt"/>
        <line num="260" count="36" type="stmt"/>
        <line num="262" count="36" type="stmt"/>
        <line num="263" count="38" type="cond" truecount="2" falsecount="0"/>
        <line num="264" count="25" type="stmt"/>
        <line num="265" count="13" type="cond" truecount="2" falsecount="0"/>
        <line num="266" count="3" type="stmt"/>
        <line num="268" count="10" type="stmt"/>
        <line num="272" count="36" type="stmt"/>
        <line num="284" count="8" type="stmt"/>
        <line num="285" count="8" type="stmt"/>
        <line num="286" count="8" type="stmt"/>
        <line num="289" count="8" type="stmt"/>
        <line num="291" count="8" type="stmt"/>
        <line num="292" count="8" type="cond" truecount="2" falsecount="0"/>
        <line num="294" count="5" type="stmt"/>
        <line num="295" count="3" type="cond" truecount="2" falsecount="0"/>
        <line num="299" count="2" type="cond" truecount="2" falsecount="0"/>
        <line num="300" count="2" type="cond" truecount="2" falsecount="0"/>
        <line num="301" count="1" type="stmt"/>
        <line num="307" count="8" type="stmt"/>
        <line num="319" count="44" type="stmt"/>
        <line num="320" count="44" type="stmt"/>
        <line num="322" count="44" type="stmt"/>
        <line num="323" count="44" type="stmt"/>
        <line num="324" count="44" type="stmt"/>
        <line num="326" count="44" type="stmt"/>
        <line num="327" count="20210" type="stmt"/>
        <line num="329" count="20210" type="cond" truecount="2" falsecount="0"/>
        <line num="331" count="8" type="stmt"/>
        <line num="332" count="8" type="stmt"/>
        <line num="333" count="8" type="stmt"/>
        <line num="336" count="20202" type="cond" truecount="2" falsecount="0"/>
        <line num="338" count="5" type="stmt"/>
        <line num="339" count="5" type="stmt"/>
        <line num="340" count="5" type="stmt"/>
        <line num="341" count="5" type="stmt"/>
        <line num="345" count="20197" type="stmt"/>
        <line num="346" count="20197" type="cond" truecount="2" falsecount="0"/>
        <line num="348" count="20196" type="stmt"/>
        <line num="349" count="20196" type="stmt"/>
        <line num="353" count="20196" type="stmt"/>
        <line num="358" count="20196" type="cond" truecount="2" falsecount="0"/>
        <line num="359" count="3" type="stmt"/>
        <line num="360" count="3" type="cond" truecount="1" falsecount="1"/>
        <line num="362" count="20193" type="stmt"/>
        <line num="363" count="20193" type="stmt"/>
        <line num="367" count="20196" type="stmt"/>
        <line num="368" count="20196" type="stmt"/>
        <line num="369" count="20196" type="stmt"/>
        <line num="371" count="20196" type="stmt"/>
        <line num="374" count="37" type="stmt"/>
        <line num="377" count="43" type="stmt"/>
        <line num="391" count="50" type="stmt"/>
        <line num="393" count="50" type="stmt"/>
        <line num="394" count="50" type="stmt"/>
        <line num="396" count="50" type="stmt"/>
        <line num="397" count="88" type="cond" truecount="2" falsecount="0"/>
        <line num="398" count="18" type="stmt"/>
        <line num="399" count="18" type="stmt"/>
        <line num="408" count="70" type="stmt"/>
        <line num="409" count="70" type="stmt"/>
        <line num="420" count="50" type="stmt"/>
        <line num="435" count="3" type="stmt"/>
        <line num="437" count="3" type="stmt"/>
        <line num="439" count="5" type="cond" truecount="1" falsecount="1"/>
        <line num="441" count="5" type="cond" truecount="1" falsecount="1"/>
        <line num="443" count="5" type="stmt"/>
        <line num="452" count="3" type="stmt"/>
      </file>
      <file name="projectTree.ts" path="/Users/darshanaswathappa/Desktop/env-manager/src/lib/projectTree.ts">
        <metrics statements="35" coveredstatements="34" conditionals="12" coveredconditionals="11" methods="16" coveredmethods="15"/>
        <line num="4" count="465" type="stmt"/>
        <line num="7" count="398" type="stmt"/>
        <line num="8" count="450" type="stmt"/>
        <line num="9" count="0" type="stmt"/>
        <line num="10" count="8" type="stmt"/>
        <line num="11" count="398" type="stmt"/>
        <line num="15" count="465" type="stmt"/>
        <line num="16" count="398" type="cond" truecount="2" falsecount="0"/>
        <line num="17" count="17" type="stmt"/>
        <line num="18" count="390" type="stmt"/>
        <line num="22" count="8" type="stmt"/>
        <line num="23" count="4" type="stmt"/>
        <line num="24" count="4" type="stmt"/>
        <line num="25" count="4" type="stmt"/>
        <line num="26" count="4" type="stmt"/>
        <line num="27" count="4" type="cond" truecount="1" falsecount="1"/>
        <line num="28" count="4" type="stmt"/>
        <line num="29" count="4" type="stmt"/>
        <line num="31" count="4" type="stmt"/>
        <line num="35" count="4" type="cond" truecount="2" falsecount="0"/>
        <line num="39" count="7" type="stmt"/>
        <line num="40" count="4" type="stmt"/>
        <line num="41" count="4" type="cond" truecount="2" falsecount="0"/>
        <line num="43" count="3" type="cond" truecount="2" falsecount="0"/>
        <line num="45" count="2" type="stmt"/>
        <line num="46" count="2" type="stmt"/>
        <line num="48" count="2" type="cond" truecount="2" falsecount="0"/>
        <line num="50" count="1" type="stmt"/>
        <line num="51" count="1" type="stmt"/>
        <line num="52" count="3" type="stmt"/>
        <line num="54" count="1" type="stmt"/>
        <line num="57" count="1" type="stmt"/>
        <line num="58" count="1" type="stmt"/>
        <line num="59" count="2" type="stmt"/>
        <line num="61" count="1" type="stmt"/>
      </file>
    </package>
  </project>
</coverage>
