{"/Users/darshanaswathappa/Desktop/env-manager/src/App.tsx": {"path":"/Users/darshanaswathappa/Desktop/env-manager/src/App.tsx","statementMap":{"0":{"start":{"line":42,"column":4},"end":{"line":42,"column":null}},"1":{"start":{"line":43,"column":4},"end":{"line":43,"column":null}},"2":{"start":{"line":46,"column":4},"end":{"line":46,"column":null}},"3":{"start":{"line":49,"column":4},"end":{"line":63,"column":null}},"4":{"start":{"line":50,"column":6},"end":{"line":63,"column":null}},"5":{"start":{"line":58,"column":61},"end":{"line":58,"column":85}},"6":{"start":{"line":66,"column":4},"end":{"line":66,"column":null}},"7":{"start":{"line":70,"column":20},"end":{"line":70,"column":null}},"8":{"start":{"line":71,"column":23},"end":{"line":71,"column":null}},"9":{"start":{"line":72,"column":21},"end":{"line":72,"column":null}},"10":{"start":{"line":73,"column":30},"end":{"line":73,"column":null}},"11":{"start":{"line":75,"column":38},"end":{"line":80,"column":null}},"12":{"start":{"line":83,"column":2},"end":{"line":88,"column":null}},"13":{"start":{"line":84,"column":16},"end":{"line":84,"column":50}},"14":{"start":{"line":85,"column":4},"end":{"line":85,"column":null}},"15":{"start":{"line":85,"column":14},"end":{"line":85,"column":null}},"16":{"start":{"line":86,"column":4},"end":{"line":86,"column":null}},"17":{"start":{"line":88,"column":4},"end":{"line":88,"column":null}},"18":{"start":{"line":93,"column":2},"end":{"line":93,"column":null}},"19":{"start":{"line":103,"column":19},"end":{"line":103,"column":29}},"20":{"start":{"line":104,"column":2},"end":{"line":109,"column":null}},"21":{"start":{"line":105,"column":18},"end":{"line":105,"column":59}},"22":{"start":{"line":105,"column":39},"end":{"line":105,"column":59}},"23":{"start":{"line":106,"column":4},"end":{"line":106,"column":null}},"24":{"start":{"line":106,"column":15},"end":{"line":106,"column":null}},"25":{"start":{"line":108,"column":4},"end":{"line":108,"column":null}},"26":{"start":{"line":113,"column":2},"end":{"line":133,"column":null}},"27":{"start":{"line":114,"column":16},"end":{"line":114,"column":49}},"28":{"start":{"line":115,"column":4},"end":{"line":115,"column":null}},"29":{"start":{"line":115,"column":14},"end":{"line":115,"column":null}},"30":{"start":{"line":116,"column":19},"end":{"line":116,"column":34}},"31":{"start":{"line":118,"column":4},"end":{"line":131,"column":null}},"32":{"start":{"line":118,"column":30},"end":{"line":131,"column":7}},"33":{"start":{"line":123,"column":39},"end":{"line":128,"column":9}},"34":{"start":{"line":133,"column":4},"end":{"line":133,"column":null}},"35":{"start":{"line":139,"column":20},"end":{"line":146,"column":5}},"36":{"start":{"line":139,"column":41},"end":{"line":146,"column":5}},"37":{"start":{"line":141,"column":29},"end":{"line":141,"column":65}},"38":{"start":{"line":142,"column":47},"end":{"line":145,"column":null}},"39":{"start":{"line":144,"column":33},"end":{"line":144,"column":null}},"40":{"start":{"line":147,"column":2},"end":{"line":147,"column":null}},"41":{"start":{"line":151,"column":29},"end":{"line":151,"column":84}},"42":{"start":{"line":152,"column":19},"end":{"line":152,"column":67}},"43":{"start":{"line":153,"column":21},"end":{"line":154,"column":null}},"44":{"start":{"line":154,"column":10},"end":{"line":154,"column":null}},"45":{"start":{"line":156,"column":24},"end":{"line":156,"column":73}},"46":{"start":{"line":157,"column":21},"end":{"line":157,"column":66}},"47":{"start":{"line":158,"column":22},"end":{"line":158,"column":52}},"48":{"start":{"line":159,"column":26},"end":{"line":159,"column":89}},"49":{"start":{"line":160,"column":31},"end":{"line":160,"column":73}},"50":{"start":{"line":161,"column":22},"end":{"line":161,"column":85}},"51":{"start":{"line":162,"column":23},"end":{"line":162,"column":57}},"52":{"start":{"line":163,"column":22},"end":{"line":163,"column":75}},"53":{"start":{"line":164,"column":24},"end":{"line":164,"column":59}},"54":{"start":{"line":165,"column":24},"end":{"line":165,"column":59}},"55":{"start":{"line":166,"column":27},"end":{"line":166,"column":65}},"56":{"start":{"line":167,"column":26},"end":{"line":167,"column":63}},"57":{"start":{"line":168,"column":28},"end":{"line":172,"column":17}},"58":{"start":{"line":173,"column":23},"end":{"line":173,"column":71}},"59":{"start":{"line":174,"column":27},"end":{"line":179,"column":17}},"60":{"start":{"line":180,"column":33},"end":{"line":180,"column":91}},"61":{"start":{"line":181,"column":31},"end":{"line":181,"column":101}},"62":{"start":{"line":182,"column":8},"end":{"line":182,"column":48}},"63":{"start":{"line":183,"column":8},"end":{"line":183,"column":56}},"64":{"start":{"line":184,"column":8},"end":{"line":184,"column":77}},"65":{"start":{"line":187,"column":2},"end":{"line":189,"column":null}},"66":{"start":{"line":188,"column":4},"end":{"line":188,"column":null}},"67":{"start":{"line":188,"column":30},"end":{"line":188,"column":null}},"68":{"start":{"line":191,"column":2},"end":{"line":193,"column":null}},"69":{"start":{"line":192,"column":4},"end":{"line":192,"column":null}},"70":{"start":{"line":192,"column":22},"end":{"line":192,"column":null}},"71":{"start":{"line":196,"column":2},"end":{"line":198,"column":null}},"72":{"start":{"line":197,"column":4},"end":{"line":197,"column":null}},"73":{"start":{"line":201,"column":2},"end":{"line":203,"column":null}},"74":{"start":{"line":202,"column":4},"end":{"line":202,"column":null}},"75":{"start":{"line":206,"column":2},"end":{"line":210,"column":null}},"76":{"start":{"line":207,"column":4},"end":{"line":209,"column":null}},"77":{"start":{"line":209,"column":19},"end":{"line":209,"column":46}},"78":{"start":{"line":213,"column":2},"end":{"line":242,"column":null}},"79":{"start":{"line":214,"column":4},"end":{"line":214,"column":null}},"80":{"start":{"line":214,"column":38},"end":{"line":214,"column":null}},"81":{"start":{"line":215,"column":18},"end":{"line":215,"column":null}},"82":{"start":{"line":218,"column":6},"end":{"line":218,"column":null}},"83":{"start":{"line":218,"column":36},"end":{"line":218,"column":null}},"84":{"start":{"line":219,"column":6},"end":{"line":230,"column":null}},"85":{"start":{"line":220,"column":8},"end":{"line":229,"column":null}},"86":{"start":{"line":221,"column":10},"end":{"line":228,"column":13}},"87":{"start":{"line":221,"column":27},"end":{"line":228,"column":13}},"88":{"start":{"line":223,"column":37},"end":{"line":223,"column":64}},"89":{"start":{"line":224,"column":55},"end":{"line":227,"column":null}},"90":{"start":{"line":226,"column":41},"end":{"line":226,"column":null}},"91":{"start":{"line":233,"column":4},"end":{"line":233,"column":null}},"92":{"start":{"line":234,"column":4},"end":{"line":234,"column":null}},"93":{"start":{"line":235,"column":4},"end":{"line":235,"column":null}},"94":{"start":{"line":237,"column":4},"end":{"line":240,"column":null}},"95":{"start":{"line":238,"column":6},"end":{"line":238,"column":null}},"96":{"start":{"line":239,"column":6},"end":{"line":239,"column":null}},"97":{"start":{"line":240,"column":6},"end":{"line":240,"column":null}},"98":{"start":{"line":240,"column":36},"end":{"line":240,"column":null}},"99":{"start":{"line":245,"column":2},"end":{"line":294,"column":null}},"100":{"start":{"line":247,"column":6},"end":{"line":251,"column":null}},"101":{"start":{"line":248,"column":8},"end":{"line":248,"column":null}},"102":{"start":{"line":249,"column":21},"end":{"line":249,"column":null}},"103":{"start":{"line":249,"column":42},"end":{"line":249,"column":62}},"104":{"start":{"line":250,"column":8},"end":{"line":251,"column":null}},"105":{"start":{"line":251,"column":10},"end":{"line":251,"column":null}},"106":{"start":{"line":255,"column":6},"end":{"line":264,"column":null}},"107":{"start":{"line":256,"column":8},"end":{"line":256,"column":null}},"108":{"start":{"line":257,"column":21},"end":{"line":257,"column":null}},"109":{"start":{"line":257,"column":42},"end":{"line":257,"column":62}},"110":{"start":{"line":258,"column":29},"end":{"line":258,"column":90}},"111":{"start":{"line":258,"column":64},"end":{"line":258,"column":84}},"112":{"start":{"line":259,"column":8},"end":{"line":264,"column":null}},"113":{"start":{"line":260,"column":10},"end":{"line":264,"column":null}},"114":{"start":{"line":261,"column":12},"end":{"line":261,"column":null}},"115":{"start":{"line":263,"column":12},"end":{"line":263,"column":null}},"116":{"start":{"line":264,"column":12},"end":{"line":264,"column":null}},"117":{"start":{"line":269,"column":6},"end":{"line":274,"column":null}},"118":{"start":{"line":270,"column":8},"end":{"line":270,"column":null}},"119":{"start":{"line":271,"column":21},"end":{"line":271,"column":null}},"120":{"start":{"line":271,"column":42},"end":{"line":271,"column":62}},"121":{"start":{"line":272,"column":8},"end":{"line":274,"column":null}},"122":{"start":{"line":273,"column":10},"end":{"line":273,"column":null}},"123":{"start":{"line":274,"column":10},"end":{"line":274,"column":null}},"124":{"start":{"line":278,"column":6},"end":{"line":283,"column":null}},"125":{"start":{"line":279,"column":8},"end":{"line":279,"column":null}},"126":{"start":{"line":280,"column":21},"end":{"line":280,"column":null}},"127":{"start":{"line":280,"column":42},"end":{"line":280,"column":62}},"128":{"start":{"line":281,"column":8},"end":{"line":283,"column":null}},"129":{"start":{"line":282,"column":10},"end":{"line":282,"column":null}},"130":{"start":{"line":283,"column":10},"end":{"line":283,"column":null}},"131":{"start":{"line":287,"column":6},"end":{"line":289,"column":null}},"132":{"start":{"line":288,"column":8},"end":{"line":288,"column":null}},"133":{"start":{"line":288,"column":30},"end":{"line":288,"column":null}},"134":{"start":{"line":289,"column":8},"end":{"line":289,"column":null}},"135":{"start":{"line":289,"column":29},"end":{"line":289,"column":null}},"136":{"start":{"line":292,"column":4},"end":{"line":292,"column":null}},"137":{"start":{"line":293,"column":4},"end":{"line":293,"column":null}},"138":{"start":{"line":293,"column":17},"end":{"line":293,"column":71}},"139":{"start":{"line":297,"column":2},"end":{"line":321,"column":null}},"140":{"start":{"line":298,"column":20},"end":{"line":298,"column":null}},"141":{"start":{"line":300,"column":6},"end":{"line":313,"column":null}},"142":{"start":{"line":301,"column":8},"end":{"line":301,"column":null}},"143":{"start":{"line":301,"column":23},"end":{"line":301,"column":null}},"144":{"start":{"line":302,"column":8},"end":{"line":313,"column":null}},"145":{"start":{"line":303,"column":45},"end":{"line":303,"column":47}},"146":{"start":{"line":304,"column":10},"end":{"line":306,"column":null}},"147":{"start":{"line":305,"column":25},"end":{"line":305,"column":69}},"148":{"start":{"line":306,"column":12},"end":{"line":306,"column":null}},"149":{"start":{"line":308,"column":10},"end":{"line":308,"column":null}},"150":{"start":{"line":308,"column":25},"end":{"line":308,"column":null}},"151":{"start":{"line":309,"column":29},"end":{"line":309,"column":94}},"152":{"start":{"line":309,"column":51},"end":{"line":309,"column":82}},"153":{"start":{"line":310,"column":10},"end":{"line":312,"column":null}},"154":{"start":{"line":311,"column":12},"end":{"line":311,"column":110}},"155":{"start":{"line":311,"column":29},"end":{"line":311,"column":110}},"156":{"start":{"line":318,"column":4},"end":{"line":318,"column":null}},"157":{"start":{"line":319,"column":4},"end":{"line":319,"column":null}},"158":{"start":{"line":319,"column":19},"end":{"line":319,"column":null}},"159":{"start":{"line":325,"column":2},"end":{"line":329,"column":null}},"160":{"start":{"line":326,"column":14},"end":{"line":326,"column":69}},"161":{"start":{"line":326,"column":46},"end":{"line":326,"column":69}},"162":{"start":{"line":327,"column":4},"end":{"line":327,"column":null}},"163":{"start":{"line":332,"column":2},"end":{"line":345,"column":null}},"164":{"start":{"line":333,"column":4},"end":{"line":333,"column":null}},"165":{"start":{"line":334,"column":4},"end":{"line":334,"column":null}},"166":{"start":{"line":335,"column":4},"end":{"line":335,"column":null}},"167":{"start":{"line":336,"column":20},"end":{"line":336,"column":61}},"168":{"start":{"line":336,"column":41},"end":{"line":336,"column":61}},"169":{"start":{"line":337,"column":4},"end":{"line":339,"column":null}},"170":{"start":{"line":338,"column":6},"end":{"line":338,"column":null}},"171":{"start":{"line":339,"column":6},"end":{"line":339,"column":null}},"172":{"start":{"line":341,"column":4},"end":{"line":343,"column":null}},"173":{"start":{"line":343,"column":19},"end":{"line":343,"column":53}},"174":{"start":{"line":348,"column":8},"end":{"line":411,"column":8}},"175":{"start":{"line":349,"column":4},"end":{"line":408,"column":null}},"176":{"start":{"line":350,"column":23},"end":{"line":354,"column":8}},"177":{"start":{"line":355,"column":6},"end":{"line":355,"column":null}},"178":{"start":{"line":355,"column":21},"end":{"line":355,"column":null}},"179":{"start":{"line":356,"column":22},"end":{"line":356,"column":null}},"180":{"start":{"line":357,"column":23},"end":{"line":357,"column":61}},"181":{"start":{"line":358,"column":19},"end":{"line":358,"column":null}},"182":{"start":{"line":360,"column":23},"end":{"line":360,"column":78}},"183":{"start":{"line":360,"column":75},"end":{"line":360,"column":77}},"184":{"start":{"line":361,"column":42},"end":{"line":364,"column":null}},"185":{"start":{"line":362,"column":22},"end":{"line":362,"column":63}},"186":{"start":{"line":362,"column":43},"end":{"line":362,"column":63}},"187":{"start":{"line":363,"column":8},"end":{"line":363,"column":null}},"188":{"start":{"line":365,"column":25},"end":{"line":365,"column":52}},"189":{"start":{"line":366,"column":34},"end":{"line":376,"column":null}},"190":{"start":{"line":378,"column":6},"end":{"line":384,"column":null}},"191":{"start":{"line":386,"column":6},"end":{"line":388,"column":null}},"192":{"start":{"line":387,"column":8},"end":{"line":388,"column":null}},"193":{"start":{"line":388,"column":10},"end":{"line":388,"column":null}},"194":{"start":{"line":391,"column":6},"end":{"line":391,"column":null}},"195":{"start":{"line":391,"column":28},"end":{"line":391,"column":49}},"196":{"start":{"line":392,"column":6},"end":{"line":392,"column":null}},"197":{"start":{"line":394,"column":6},"end":{"line":407,"column":null}},"198":{"start":{"line":395,"column":8},"end":{"line":404,"column":null}},"199":{"start":{"line":396,"column":30},"end":{"line":396,"column":78}},"200":{"start":{"line":396,"column":73},"end":{"line":396,"column":78}},"201":{"start":{"line":397,"column":10},"end":{"line":397,"column":null}},"202":{"start":{"line":397,"column":28},"end":{"line":397,"column":null}},"203":{"start":{"line":398,"column":16},"end":{"line":398,"column":75}},"204":{"start":{"line":399,"column":10},"end":{"line":399,"column":null}},"205":{"start":{"line":399,"column":35},"end":{"line":399,"column":null}},"206":{"start":{"line":400,"column":31},"end":{"line":400,"column":74}},"207":{"start":{"line":401,"column":38},"end":{"line":401,"column":82}},"208":{"start":{"line":402,"column":10},"end":{"line":402,"column":null}},"209":{"start":{"line":402,"column":49},"end":{"line":402,"column":null}},"210":{"start":{"line":403,"column":10},"end":{"line":403,"column":null}},"211":{"start":{"line":413,"column":8},"end":{"line":478,"column":null}},"212":{"start":{"line":415,"column":6},"end":{"line":474,"column":null}},"213":{"start":{"line":416,"column":25},"end":{"line":420,"column":10}},"214":{"start":{"line":421,"column":8},"end":{"line":421,"column":null}},"215":{"start":{"line":421,"column":23},"end":{"line":421,"column":null}},"216":{"start":{"line":422,"column":24},"end":{"line":422,"column":null}},"217":{"start":{"line":423,"column":25},"end":{"line":423,"column":63}},"218":{"start":{"line":424,"column":21},"end":{"line":424,"column":null}},"219":{"start":{"line":425,"column":23},"end":{"line":425,"column":62}},"220":{"start":{"line":425,"column":44},"end":{"line":425,"column":62}},"221":{"start":{"line":427,"column":25},"end":{"line":427,"column":80}},"222":{"start":{"line":427,"column":77},"end":{"line":427,"column":79}},"223":{"start":{"line":428,"column":44},"end":{"line":431,"column":null}},"224":{"start":{"line":429,"column":24},"end":{"line":429,"column":65}},"225":{"start":{"line":429,"column":45},"end":{"line":429,"column":65}},"226":{"start":{"line":430,"column":10},"end":{"line":430,"column":null}},"227":{"start":{"line":432,"column":27},"end":{"line":432,"column":54}},"228":{"start":{"line":433,"column":36},"end":{"line":443,"column":null}},"229":{"start":{"line":444,"column":8},"end":{"line":450,"column":null}},"230":{"start":{"line":452,"column":8},"end":{"line":454,"column":null}},"231":{"start":{"line":453,"column":10},"end":{"line":454,"column":null}},"232":{"start":{"line":454,"column":12},"end":{"line":454,"column":null}},"233":{"start":{"line":457,"column":8},"end":{"line":457,"column":null}},"234":{"start":{"line":457,"column":30},"end":{"line":457,"column":51}},"235":{"start":{"line":458,"column":8},"end":{"line":458,"column":null}},"236":{"start":{"line":460,"column":8},"end":{"line":473,"column":null}},"237":{"start":{"line":461,"column":10},"end":{"line":470,"column":null}},"238":{"start":{"line":462,"column":32},"end":{"line":462,"column":80}},"239":{"start":{"line":462,"column":75},"end":{"line":462,"column":80}},"240":{"start":{"line":463,"column":12},"end":{"line":463,"column":null}},"241":{"start":{"line":463,"column":30},"end":{"line":463,"column":null}},"242":{"start":{"line":464,"column":18},"end":{"line":464,"column":77}},"243":{"start":{"line":465,"column":12},"end":{"line":465,"column":null}},"244":{"start":{"line":465,"column":37},"end":{"line":465,"column":null}},"245":{"start":{"line":466,"column":33},"end":{"line":466,"column":76}},"246":{"start":{"line":467,"column":40},"end":{"line":467,"column":84}},"247":{"start":{"line":468,"column":12},"end":{"line":468,"column":null}},"248":{"start":{"line":468,"column":51},"end":{"line":468,"column":null}},"249":{"start":{"line":469,"column":12},"end":{"line":469,"column":null}},"250":{"start":{"line":481,"column":8},"end":{"line":483,"column":8}},"251":{"start":{"line":482,"column":4},"end":{"line":482,"column":null}},"252":{"start":{"line":485,"column":8},"end":{"line":495,"column":8}},"253":{"start":{"line":486,"column":4},"end":{"line":486,"column":null}},"254":{"start":{"line":487,"column":4},"end":{"line":494,"column":null}},"255":{"start":{"line":488,"column":22},"end":{"line":488,"column":53}},"256":{"start":{"line":488,"column":41},"end":{"line":488,"column":53}},"257":{"start":{"line":489,"column":6},"end":{"line":492,"column":null}},"258":{"start":{"line":490,"column":8},"end":{"line":490,"column":null}},"259":{"start":{"line":490,"column":24},"end":{"line":490,"column":null}},"260":{"start":{"line":491,"column":8},"end":{"line":491,"column":null}},"261":{"start":{"line":493,"column":6},"end":{"line":493,"column":null}},"262":{"start":{"line":498,"column":8},"end":{"line":517,"column":null}},"263":{"start":{"line":500,"column":6},"end":{"line":500,"column":null}},"264":{"start":{"line":500,"column":23},"end":{"line":500,"column":null}},"265":{"start":{"line":501,"column":6},"end":{"line":515,"column":null}},"266":{"start":{"line":502,"column":8},"end":{"line":514,"column":null}},"267":{"start":{"line":503,"column":10},"end":{"line":503,"column":null}},"268":{"start":{"line":503,"column":35},"end":{"line":503,"column":null}},"269":{"start":{"line":504,"column":26},"end":{"line":505,"column":null}},"270":{"start":{"line":505,"column":12},"end":{"line":505,"column":null}},"271":{"start":{"line":507,"column":10},"end":{"line":513,"column":null}},"272":{"start":{"line":511,"column":14},"end":{"line":511,"column":null}},"273":{"start":{"line":520,"column":8},"end":{"line":543,"column":18}},"274":{"start":{"line":521,"column":4},"end":{"line":521,"column":null}},"275":{"start":{"line":521,"column":21},"end":{"line":521,"column":null}},"276":{"start":{"line":522,"column":27},"end":{"line":528,"column":null}},"277":{"start":{"line":529,"column":4},"end":{"line":541,"column":null}},"278":{"start":{"line":530,"column":6},"end":{"line":540,"column":null}},"279":{"start":{"line":531,"column":8},"end":{"line":531,"column":null}},"280":{"start":{"line":531,"column":33},"end":{"line":531,"column":null}},"281":{"start":{"line":532,"column":24},"end":{"line":532,"column":43}},"282":{"start":{"line":533,"column":8},"end":{"line":539,"column":null}},"283":{"start":{"line":537,"column":12},"end":{"line":537,"column":null}},"284":{"start":{"line":542,"column":4},"end":{"line":542,"column":null}},"285":{"start":{"line":545,"column":8},"end":{"line":569,"column":null}},"286":{"start":{"line":547,"column":6},"end":{"line":547,"column":null}},"287":{"start":{"line":547,"column":23},"end":{"line":547,"column":null}},"288":{"start":{"line":548,"column":6},"end":{"line":566,"column":null}},"289":{"start":{"line":549,"column":24},"end":{"line":559,"column":null}},"290":{"start":{"line":550,"column":10},"end":{"line":550,"column":null}},"291":{"start":{"line":550,"column":35},"end":{"line":550,"column":null}},"292":{"start":{"line":551,"column":26},"end":{"line":551,"column":62}},"293":{"start":{"line":551,"column":47},"end":{"line":551,"column":62}},"294":{"start":{"line":552,"column":10},"end":{"line":558,"column":null}},"295":{"start":{"line":556,"column":14},"end":{"line":556,"column":null}},"296":{"start":{"line":560,"column":24},"end":{"line":560,"column":64}},"297":{"start":{"line":560,"column":44},"end":{"line":560,"column":64}},"298":{"start":{"line":561,"column":8},"end":{"line":563,"column":null}},"299":{"start":{"line":562,"column":28},"end":{"line":562,"column":75}},"300":{"start":{"line":562,"column":55},"end":{"line":562,"column":75}},"301":{"start":{"line":563,"column":10},"end":{"line":563,"column":null}},"302":{"start":{"line":565,"column":8},"end":{"line":565,"column":null}},"303":{"start":{"line":567,"column":6},"end":{"line":567,"column":null}},"304":{"start":{"line":567,"column":33},"end":{"line":567,"column":61}},"305":{"start":{"line":572,"column":8},"end":{"line":591,"column":null}},"306":{"start":{"line":574,"column":6},"end":{"line":574,"column":null}},"307":{"start":{"line":574,"column":23},"end":{"line":574,"column":null}},"308":{"start":{"line":575,"column":6},"end":{"line":589,"column":null}},"309":{"start":{"line":576,"column":8},"end":{"line":588,"column":null}},"310":{"start":{"line":577,"column":10},"end":{"line":577,"column":null}},"311":{"start":{"line":577,"column":35},"end":{"line":577,"column":null}},"312":{"start":{"line":578,"column":26},"end":{"line":579,"column":null}},"313":{"start":{"line":579,"column":12},"end":{"line":579,"column":null}},"314":{"start":{"line":581,"column":10},"end":{"line":587,"column":null}},"315":{"start":{"line":585,"column":14},"end":{"line":585,"column":null}},"316":{"start":{"line":594,"column":8},"end":{"line":627,"column":28}},"317":{"start":{"line":595,"column":20},"end":{"line":595,"column":61}},"318":{"start":{"line":595,"column":41},"end":{"line":595,"column":61}},"319":{"start":{"line":596,"column":4},"end":{"line":596,"column":null}},"320":{"start":{"line":596,"column":50},"end":{"line":596,"column":null}},"321":{"start":{"line":597,"column":4},"end":{"line":597,"column":null}},"322":{"start":{"line":599,"column":4},"end":{"line":599,"column":null}},"323":{"start":{"line":600,"column":22},"end":{"line":600,"column":69}},"324":{"start":{"line":600,"column":49},"end":{"line":600,"column":69}},"325":{"start":{"line":601,"column":4},"end":{"line":601,"column":null}},"326":{"start":{"line":603,"column":20},"end":{"line":603,"column":76}},"327":{"start":{"line":603,"column":73},"end":{"line":603,"column":75}},"328":{"start":{"line":605,"column":4},"end":{"line":616,"column":null}},"329":{"start":{"line":606,"column":6},"end":{"line":614,"column":null}},"330":{"start":{"line":607,"column":8},"end":{"line":614,"column":null}},"331":{"start":{"line":612,"column":12},"end":{"line":612,"column":null}},"332":{"start":{"line":618,"column":4},"end":{"line":621,"column":null}},"333":{"start":{"line":619,"column":6},"end":{"line":621,"column":null}},"334":{"start":{"line":624,"column":4},"end":{"line":624,"column":null}},"335":{"start":{"line":625,"column":4},"end":{"line":625,"column":null}},"336":{"start":{"line":626,"column":4},"end":{"line":626,"column":null}},"337":{"start":{"line":630,"column":8},"end":{"line":633,"column":8}},"338":{"start":{"line":631,"column":4},"end":{"line":631,"column":null}},"339":{"start":{"line":632,"column":4},"end":{"line":632,"column":null}},"340":{"start":{"line":635,"column":8},"end":{"line":640,"column":16}},"341":{"start":{"line":636,"column":4},"end":{"line":636,"column":null}},"342":{"start":{"line":636,"column":22},"end":{"line":636,"column":67}},"343":{"start":{"line":637,"column":4},"end":{"line":637,"column":null}},"344":{"start":{"line":638,"column":4},"end":{"line":638,"column":null}},"345":{"start":{"line":639,"column":4},"end":{"line":639,"column":null}},"346":{"start":{"line":643,"column":8},"end":{"line":679,"column":67}},"347":{"start":{"line":644,"column":20},"end":{"line":644,"column":61}},"348":{"start":{"line":644,"column":41},"end":{"line":644,"column":61}},"349":{"start":{"line":645,"column":4},"end":{"line":645,"column":null}},"350":{"start":{"line":645,"column":18},"end":{"line":645,"column":null}},"351":{"start":{"line":646,"column":4},"end":{"line":646,"column":null}},"352":{"start":{"line":647,"column":4},"end":{"line":677,"column":null}},"353":{"start":{"line":648,"column":25},"end":{"line":648,"column":72}},"354":{"start":{"line":648,"column":52},"end":{"line":648,"column":72}},"355":{"start":{"line":649,"column":6},"end":{"line":649,"column":null}},"356":{"start":{"line":651,"column":6},"end":{"line":665,"column":null}},"357":{"start":{"line":652,"column":27},"end":{"line":652,"column":75}},"358":{"start":{"line":652,"column":52},"end":{"line":652,"column":75}},"359":{"start":{"line":653,"column":8},"end":{"line":665,"column":null}},"360":{"start":{"line":654,"column":16},"end":{"line":657,"column":null}},"361":{"start":{"line":659,"column":10},"end":{"line":665,"column":null}},"362":{"start":{"line":660,"column":12},"end":{"line":665,"column":null}},"363":{"start":{"line":670,"column":25},"end":{"line":670,"column":73}},"364":{"start":{"line":670,"column":50},"end":{"line":670,"column":73}},"365":{"start":{"line":671,"column":6},"end":{"line":671,"column":null}},"366":{"start":{"line":672,"column":6},"end":{"line":672,"column":null}},"367":{"start":{"line":673,"column":6},"end":{"line":673,"column":null}},"368":{"start":{"line":673,"column":23},"end":{"line":673,"column":44}},"369":{"start":{"line":676,"column":6},"end":{"line":676,"column":null}},"370":{"start":{"line":677,"column":6},"end":{"line":677,"column":null}},"371":{"start":{"line":677,"column":23},"end":{"line":677,"column":44}},"372":{"start":{"line":682,"column":8},"end":{"line":711,"column":46}},"373":{"start":{"line":683,"column":4},"end":{"line":683,"column":null}},"374":{"start":{"line":683,"column":42},"end":{"line":683,"column":null}},"375":{"start":{"line":684,"column":49},"end":{"line":684,"column":null}},"376":{"start":{"line":685,"column":20},"end":{"line":685,"column":61}},"377":{"start":{"line":685,"column":41},"end":{"line":685,"column":61}},"378":{"start":{"line":686,"column":4},"end":{"line":706,"column":null}},"379":{"start":{"line":687,"column":12},"end":{"line":688,"column":null}},"380":{"start":{"line":690,"column":6},"end":{"line":699,"column":null}},"381":{"start":{"line":690,"column":28},"end":{"line":699,"column":9}},"382":{"start":{"line":691,"column":8},"end":{"line":691,"column":null}},"383":{"start":{"line":691,"column":33},"end":{"line":691,"column":null}},"384":{"start":{"line":692,"column":8},"end":{"line":698,"column":null}},"385":{"start":{"line":696,"column":47},"end":{"line":696,"column":72}},"386":{"start":{"line":700,"column":6},"end":{"line":706,"column":null}},"387":{"start":{"line":702,"column":22},"end":{"line":702,"column":74}},"388":{"start":{"line":702,"column":54},"end":{"line":702,"column":74}},"389":{"start":{"line":703,"column":10},"end":{"line":703,"column":null}},"390":{"start":{"line":703,"column":19},"end":{"line":703,"column":null}},"391":{"start":{"line":704,"column":10},"end":{"line":704,"column":null}},"392":{"start":{"line":708,"column":4},"end":{"line":708,"column":null}},"393":{"start":{"line":709,"column":4},"end":{"line":709,"column":null}},"394":{"start":{"line":710,"column":4},"end":{"line":710,"column":null}},"395":{"start":{"line":710,"column":21},"end":{"line":710,"column":42}},"396":{"start":{"line":714,"column":8},"end":{"line":728,"column":null}},"397":{"start":{"line":716,"column":6},"end":{"line":716,"column":null}},"398":{"start":{"line":716,"column":23},"end":{"line":716,"column":null}},"399":{"start":{"line":717,"column":6},"end":{"line":722,"column":null}},"400":{"start":{"line":718,"column":8},"end":{"line":721,"column":null}},"401":{"start":{"line":719,"column":10},"end":{"line":719,"column":null}},"402":{"start":{"line":719,"column":35},"end":{"line":719,"column":null}},"403":{"start":{"line":720,"column":10},"end":{"line":720,"column":null}},"404":{"start":{"line":723,"column":6},"end":{"line":723,"column":null}},"405":{"start":{"line":724,"column":6},"end":{"line":725,"column":null}},"406":{"start":{"line":725,"column":8},"end":{"line":725,"column":null}},"407":{"start":{"line":732,"column":8},"end":{"line":745,"column":null}},"408":{"start":{"line":734,"column":6},"end":{"line":734,"column":null}},"409":{"start":{"line":734,"column":23},"end":{"line":734,"column":null}},"410":{"start":{"line":735,"column":6},"end":{"line":740,"column":null}},"411":{"start":{"line":736,"column":8},"end":{"line":739,"column":null}},"412":{"start":{"line":737,"column":10},"end":{"line":737,"column":null}},"413":{"start":{"line":737,"column":35},"end":{"line":737,"column":null}},"414":{"start":{"line":738,"column":10},"end":{"line":738,"column":null}},"415":{"start":{"line":741,"column":6},"end":{"line":742,"column":null}},"416":{"start":{"line":742,"column":8},"end":{"line":742,"column":null}},"417":{"start":{"line":749,"column":8},"end":{"line":764,"column":18}},"418":{"start":{"line":750,"column":4},"end":{"line":750,"column":null}},"419":{"start":{"line":750,"column":21},"end":{"line":750,"column":null}},"420":{"start":{"line":751,"column":4},"end":{"line":762,"column":null}},"421":{"start":{"line":752,"column":6},"end":{"line":761,"column":null}},"422":{"start":{"line":753,"column":8},"end":{"line":753,"column":null}},"423":{"start":{"line":753,"column":33},"end":{"line":753,"column":null}},"424":{"start":{"line":754,"column":8},"end":{"line":760,"column":null}},"425":{"start":{"line":758,"column":12},"end":{"line":758,"column":null}},"426":{"start":{"line":763,"column":4},"end":{"line":763,"column":null}},"427":{"start":{"line":767,"column":8},"end":{"line":784,"column":28}},"428":{"start":{"line":768,"column":4},"end":{"line":768,"column":null}},"429":{"start":{"line":768,"column":31},"end":{"line":768,"column":null}},"430":{"start":{"line":769,"column":24},"end":{"line":769,"column":null}},"431":{"start":{"line":770,"column":4},"end":{"line":781,"column":null}},"432":{"start":{"line":771,"column":6},"end":{"line":780,"column":null}},"433":{"start":{"line":772,"column":8},"end":{"line":772,"column":null}},"434":{"start":{"line":772,"column":33},"end":{"line":772,"column":null}},"435":{"start":{"line":773,"column":8},"end":{"line":779,"column":null}},"436":{"start":{"line":777,"column":12},"end":{"line":777,"column":null}},"437":{"start":{"line":782,"column":4},"end":{"line":782,"column":null}},"438":{"start":{"line":783,"column":4},"end":{"line":783,"column":null}},"439":{"start":{"line":786,"column":8},"end":{"line":793,"column":8}},"440":{"start":{"line":787,"column":25},"end":{"line":787,"column":68}},"441":{"start":{"line":788,"column":32},"end":{"line":788,"column":76}},"442":{"start":{"line":789,"column":4},"end":{"line":791,"column":null}},"443":{"start":{"line":790,"column":6},"end":{"line":790,"column":null}},"444":{"start":{"line":791,"column":6},"end":{"line":791,"column":null}},"445":{"start":{"line":795,"column":8},"end":{"line":798,"column":8}},"446":{"start":{"line":796,"column":4},"end":{"line":796,"column":null}},"447":{"start":{"line":797,"column":4},"end":{"line":797,"column":null}},"448":{"start":{"line":797,"column":21},"end":{"line":797,"column":42}},"449":{"start":{"line":800,"column":8},"end":{"line":813,"column":17}},"450":{"start":{"line":801,"column":4},"end":{"line":810,"column":null}},"451":{"start":{"line":802,"column":26},"end":{"line":802,"column":79}},"452":{"start":{"line":802,"column":74},"end":{"line":802,"column":79}},"453":{"start":{"line":803,"column":6},"end":{"line":805,"column":null}},"454":{"start":{"line":804,"column":8},"end":{"line":804,"column":null}},"455":{"start":{"line":805,"column":8},"end":{"line":805,"column":null}},"456":{"start":{"line":807,"column":12},"end":{"line":807,"column":68}},"457":{"start":{"line":808,"column":6},"end":{"line":808,"column":null}},"458":{"start":{"line":808,"column":31},"end":{"line":808,"column":null}},"459":{"start":{"line":809,"column":6},"end":{"line":809,"column":null}},"460":{"start":{"line":816,"column":26},"end":{"line":816,"column":null}},"461":{"start":{"line":816,"column":47},"end":{"line":816,"column":67}},"462":{"start":{"line":818,"column":4},"end":{"line":818,"column":null}},"463":{"start":{"line":818,"column":38},"end":{"line":818,"column":61}},"464":{"start":{"line":819,"column":8},"end":{"line":819,"column":67}},"465":{"start":{"line":822,"column":2},"end":{"line":826,"column":null}},"466":{"start":{"line":823,"column":4},"end":{"line":826,"column":null}},"467":{"start":{"line":825,"column":38},"end":{"line":825,"column":65}},"468":{"start":{"line":830,"column":2},"end":{"line":1095,"column":null}},"469":{"start":{"line":840,"column":38},"end":{"line":840,"column":67}},"470":{"start":{"line":841,"column":30},"end":{"line":841,"column":51}},"471":{"start":{"line":853,"column":48},"end":{"line":853,"column":75}},"472":{"start":{"line":853,"column":75},"end":{"line":853,"column":106}},"473":{"start":{"line":854,"column":48},"end":{"line":854,"column":76}},"474":{"start":{"line":854,"column":76},"end":{"line":854,"column":106}},"475":{"start":{"line":855,"column":53},"end":{"line":855,"column":90}},"476":{"start":{"line":873,"column":40},"end":{"line":873,"column":69}},"477":{"start":{"line":874,"column":62},"end":{"line":874,"column":84}},"478":{"start":{"line":876,"column":56},"end":{"line":876,"column":74}},"479":{"start":{"line":877,"column":24},"end":{"line":877,"column":49}},"480":{"start":{"line":877,"column":49},"end":{"line":877,"column":null}},"481":{"start":{"line":886,"column":33},"end":{"line":886,"column":null}},"482":{"start":{"line":908,"column":25},"end":{"line":908,"column":55}},"483":{"start":{"line":909,"column":30},"end":{"line":909,"column":null}},"484":{"start":{"line":909,"column":54},"end":{"line":909,"column":null}},"485":{"start":{"line":920,"column":28},"end":{"line":920,"column":47}},"486":{"start":{"line":923,"column":29},"end":{"line":923,"column":59}},"487":{"start":{"line":937,"column":25},"end":{"line":937,"column":47}},"488":{"start":{"line":938,"column":30},"end":{"line":938,"column":null}},"489":{"start":{"line":938,"column":54},"end":{"line":938,"column":null}},"490":{"start":{"line":949,"column":28},"end":{"line":949,"column":47}},"491":{"start":{"line":952,"column":29},"end":{"line":952,"column":51}},"492":{"start":{"line":976,"column":25},"end":{"line":976,"column":48}},"493":{"start":{"line":977,"column":30},"end":{"line":977,"column":null}},"494":{"start":{"line":977,"column":54},"end":{"line":977,"column":null}},"495":{"start":{"line":982,"column":31},"end":{"line":982,"column":50}},"496":{"start":{"line":986,"column":29},"end":{"line":986,"column":52}},"497":{"start":{"line":1001,"column":25},"end":{"line":1001,"column":48}},"498":{"start":{"line":1002,"column":30},"end":{"line":1002,"column":null}},"499":{"start":{"line":1002,"column":54},"end":{"line":1002,"column":null}},"500":{"start":{"line":1007,"column":31},"end":{"line":1007,"column":50}},"501":{"start":{"line":1011,"column":29},"end":{"line":1011,"column":52}},"502":{"start":{"line":1026,"column":25},"end":{"line":1026,"column":51}},"503":{"start":{"line":1030,"column":31},"end":{"line":1030,"column":50}},"504":{"start":{"line":1033,"column":29},"end":{"line":1033,"column":55}},"505":{"start":{"line":1048,"column":25},"end":{"line":1048,"column":50}},"506":{"start":{"line":1052,"column":31},"end":{"line":1052,"column":50}},"507":{"start":{"line":1055,"column":29},"end":{"line":1055,"column":54}},"508":{"start":{"line":1056,"column":36},"end":{"line":1056,"column":null}},"509":{"start":{"line":1067,"column":25},"end":{"line":1067,"column":null}}},"fnMap":{"0":{"name":"(anonymous_0)","decl":{"start":{"line":41,"column":2},"end":{"line":41,"column":14}},"loc":{"start":{"line":41,"column":46},"end":{"line":43,"column":null}},"line":41},"1":{"name":"(anonymous_1)","decl":{"start":{"line":45,"column":9},"end":{"line":45,"column":59}},"loc":{"start":{"line":45,"column":59},"end":{"line":46,"column":null}},"line":45},"2":{"name":"(anonymous_2)","decl":{"start":{"line":48,"column":2},"end":{"line":48,"column":11}},"loc":{"start":{"line":48,"column":11},"end":{"line":66,"column":null}},"line":48},"3":{"name":"(anonymous_3)","decl":{"start":{"line":58,"column":46},"end":{"line":58,"column":61}},"loc":{"start":{"line":58,"column":61},"end":{"line":58,"column":85}},"line":58},"4":{"name":"loadSettings","decl":{"start":{"line":82,"column":9},"end":{"line":82,"column":37}},"loc":{"start":{"line":82,"column":37},"end":{"line":88,"column":null}},"line":82},"5":{"name":"isOnboardingComplete","decl":{"start":{"line":92,"column":9},"end":{"line":92,"column":41}},"loc":{"start":{"line":92,"column":41},"end":{"line":93,"column":null}},"line":92},"6":{"name":"ensureAllEnvironments","decl":{"start":{"line":102,"column":9},"end":{"line":102,"column":31}},"loc":{"start":{"line":102,"column":103},"end":{"line":109,"column":null}},"line":102},"7":{"name":"(anonymous_7)","decl":{"start":{"line":104,"column":22},"end":{"line":104,"column":27}},"loc":{"start":{"line":104,"column":38},"end":{"line":109,"column":null}},"line":104},"8":{"name":"(anonymous_8)","decl":{"start":{"line":105,"column":27},"end":{"line":105,"column":33}},"loc":{"start":{"line":105,"column":39},"end":{"line":105,"column":59}},"line":105},"9":{"name":"loadProjects","decl":{"start":{"line":112,"column":9},"end":{"line":112,"column":35}},"loc":{"start":{"line":112,"column":35},"end":{"line":133,"column":null}},"line":112},"10":{"name":"(anonymous_10)","decl":{"start":{"line":118,"column":18},"end":{"line":118,"column":23}},"loc":{"start":{"line":118,"column":30},"end":{"line":131,"column":7}},"line":118},"11":{"name":"(anonymous_11)","decl":{"start":{"line":123,"column":27},"end":{"line":123,"column":32}},"loc":{"start":{"line":123,"column":39},"end":{"line":128,"column":9}},"line":123},"12":{"name":"persistProjects","decl":{"start":{"line":137,"column":9},"end":{"line":137,"column":25}},"loc":{"start":{"line":137,"column":52},"end":{"line":147,"column":null}},"line":137},"13":{"name":"(anonymous_13)","decl":{"start":{"line":139,"column":29},"end":{"line":139,"column":34}},"loc":{"start":{"line":139,"column":41},"end":{"line":146,"column":5}},"line":139},"14":{"name":"(anonymous_14)","decl":{"start":{"line":141,"column":17},"end":{"line":141,"column":22}},"loc":{"start":{"line":141,"column":29},"end":{"line":141,"column":65}},"line":141},"15":{"name":"(anonymous_15)","decl":{"start":{"line":142,"column":33},"end":{"line":142,"column":38}},"loc":{"start":{"line":142,"column":47},"end":{"line":145,"column":null}},"line":142},"16":{"name":"(anonymous_16)","decl":{"start":{"line":144,"column":21},"end":{"line":144,"column":26}},"loc":{"start":{"line":144,"column":33},"end":{"line":144,"column":null}},"line":144},"17":{"name":"App","decl":{"start":{"line":150,"column":24},"end":{"line":150,"column":30}},"loc":{"start":{"line":150,"column":30},"end":{"line":1095,"column":null}},"line":150},"18":{"name":"(anonymous_18)","decl":{"start":{"line":153,"column":38},"end":{"line":153,"column":null}},"loc":{"start":{"line":154,"column":10},"end":{"line":154,"column":null}},"line":154},"19":{"name":"(anonymous_19)","decl":{"start":{"line":187,"column":2},"end":{"line":187,"column":18}},"loc":{"start":{"line":187,"column":18},"end":{"line":189,"column":6}},"line":187},"20":{"name":"(anonymous_20)","decl":{"start":{"line":191,"column":2},"end":{"line":191,"column":18}},"loc":{"start":{"line":191,"column":18},"end":{"line":193,"column":6}},"line":191},"21":{"name":"(anonymous_21)","decl":{"start":{"line":196,"column":2},"end":{"line":196,"column":18}},"loc":{"start":{"line":196,"column":18},"end":{"line":198,"column":6}},"line":196},"22":{"name":"(anonymous_22)","decl":{"start":{"line":201,"column":2},"end":{"line":201,"column":18}},"loc":{"start":{"line":201,"column":18},"end":{"line":203,"column":6}},"line":201},"23":{"name":"(anonymous_23)","decl":{"start":{"line":206,"column":2},"end":{"line":206,"column":18}},"loc":{"start":{"line":206,"column":18},"end":{"line":210,"column":6}},"line":206},"24":{"name":"(anonymous_24)","decl":{"start":{"line":209,"column":7},"end":{"line":209,"column":19}},"loc":{"start":{"line":209,"column":19},"end":{"line":209,"column":46}},"line":209},"25":{"name":"(anonymous_25)","decl":{"start":{"line":213,"column":2},"end":{"line":213,"column":18}},"loc":{"start":{"line":213,"column":18},"end":{"line":242,"column":6}},"line":213},"26":{"name":"resetTimer","decl":{"start":{"line":217,"column":13},"end":{"line":217,"column":26}},"loc":{"start":{"line":217,"column":26},"end":{"line":230,"column":null}},"line":217},"27":{"name":"(anonymous_27)","decl":{"start":{"line":219,"column":33},"end":{"line":219,"column":50}},"loc":{"start":{"line":219,"column":50},"end":{"line":230,"column":15}},"line":219},"28":{"name":"(anonymous_28)","decl":{"start":{"line":220,"column":8},"end":{"line":220,"column":21}},"loc":{"start":{"line":221,"column":10},"end":{"line":228,"column":13}},"line":221},"29":{"name":"(anonymous_29)","decl":{"start":{"line":221,"column":15},"end":{"line":221,"column":20}},"loc":{"start":{"line":221,"column":27},"end":{"line":228,"column":13}},"line":221},"30":{"name":"(anonymous_30)","decl":{"start":{"line":223,"column":25},"end":{"line":223,"column":30}},"loc":{"start":{"line":223,"column":37},"end":{"line":223,"column":64}},"line":223},"31":{"name":"(anonymous_31)","decl":{"start":{"line":224,"column":41},"end":{"line":224,"column":46}},"loc":{"start":{"line":224,"column":55},"end":{"line":227,"column":null}},"line":224},"32":{"name":"(anonymous_32)","decl":{"start":{"line":226,"column":29},"end":{"line":226,"column":34}},"loc":{"start":{"line":226,"column":41},"end":{"line":226,"column":null}},"line":226},"33":{"name":"(anonymous_33)","decl":{"start":{"line":237,"column":4},"end":{"line":237,"column":17}},"loc":{"start":{"line":237,"column":17},"end":{"line":240,"column":null}},"line":237},"34":{"name":"(anonymous_34)","decl":{"start":{"line":245,"column":2},"end":{"line":245,"column":18}},"loc":{"start":{"line":245,"column":18},"end":{"line":294,"column":6}},"line":245},"35":{"name":"handleKeyDown","decl":{"start":{"line":246,"column":13},"end":{"line":246,"column":27}},"loc":{"start":{"line":246,"column":45},"end":{"line":289,"column":null}},"line":246},"36":{"name":"(anonymous_36)","decl":{"start":{"line":249,"column":30},"end":{"line":249,"column":36}},"loc":{"start":{"line":249,"column":42},"end":{"line":249,"column":62}},"line":249},"37":{"name":"(anonymous_37)","decl":{"start":{"line":257,"column":30},"end":{"line":257,"column":36}},"loc":{"start":{"line":257,"column":42},"end":{"line":257,"column":62}},"line":257},"38":{"name":"(anonymous_38)","decl":{"start":{"line":258,"column":48},"end":{"line":258,"column":56}},"loc":{"start":{"line":258,"column":64},"end":{"line":258,"column":84}},"line":258},"39":{"name":"(anonymous_39)","decl":{"start":{"line":271,"column":30},"end":{"line":271,"column":36}},"loc":{"start":{"line":271,"column":42},"end":{"line":271,"column":62}},"line":271},"40":{"name":"(anonymous_40)","decl":{"start":{"line":280,"column":30},"end":{"line":280,"column":36}},"loc":{"start":{"line":280,"column":42},"end":{"line":280,"column":62}},"line":280},"41":{"name":"(anonymous_41)","decl":{"start":{"line":293,"column":4},"end":{"line":293,"column":17}},"loc":{"start":{"line":293,"column":17},"end":{"line":293,"column":71}},"line":293},"42":{"name":"(anonymous_42)","decl":{"start":{"line":297,"column":2},"end":{"line":297,"column":18}},"loc":{"start":{"line":297,"column":18},"end":{"line":321,"column":7}},"line":297},"43":{"name":"loadAllVars","decl":{"start":{"line":299,"column":19},"end":{"line":299,"column":33}},"loc":{"start":{"line":299,"column":33},"end":{"line":313,"column":null}},"line":299},"44":{"name":"(anonymous_44)","decl":{"start":{"line":309,"column":41},"end":{"line":309,"column":46}},"loc":{"start":{"line":309,"column":51},"end":{"line":309,"column":82}},"line":309},"45":{"name":"(anonymous_45)","decl":{"start":{"line":310,"column":10},"end":{"line":310,"column":23}},"loc":{"start":{"line":311,"column":12},"end":{"line":311,"column":110}},"line":311},"46":{"name":"(anonymous_46)","decl":{"start":{"line":311,"column":17},"end":{"line":311,"column":22}},"loc":{"start":{"line":311,"column":29},"end":{"line":311,"column":110}},"line":311},"47":{"name":"(anonymous_47)","decl":{"start":{"line":319,"column":4},"end":{"line":319,"column":17}},"loc":{"start":{"line":319,"column":17},"end":{"line":319,"column":null}},"line":319},"48":{"name":"(anonymous_48)","decl":{"start":{"line":325,"column":2},"end":{"line":325,"column":18}},"loc":{"start":{"line":325,"column":18},"end":{"line":329,"column":6}},"line":325},"49":{"name":"(anonymous_49)","decl":{"start":{"line":326,"column":36},"end":{"line":326,"column":41}},"loc":{"start":{"line":326,"column":46},"end":{"line":326,"column":69}},"line":326},"50":{"name":"(anonymous_50)","decl":{"start":{"line":332,"column":2},"end":{"line":332,"column":18}},"loc":{"start":{"line":332,"column":18},"end":{"line":345,"column":6}},"line":332},"51":{"name":"(anonymous_51)","decl":{"start":{"line":336,"column":29},"end":{"line":336,"column":35}},"loc":{"start":{"line":336,"column":41},"end":{"line":336,"column":61}},"line":336},"52":{"name":"(anonymous_52)","decl":{"start":{"line":343,"column":7},"end":{"line":343,"column":19}},"loc":{"start":{"line":343,"column":19},"end":{"line":343,"column":53}},"line":343},"53":{"name":"(anonymous_53)","decl":{"start":{"line":348,"column":33},"end":{"line":348,"column":45}},"loc":{"start":{"line":348,"column":45},"end":{"line":411,"column":7}},"line":348},"54":{"name":"(anonymous_54)","decl":{"start":{"line":360,"column":63},"end":{"line":360,"column":75}},"loc":{"start":{"line":360,"column":75},"end":{"line":360,"column":77}},"line":360},"55":{"name":"(anonymous_55)","decl":{"start":{"line":361,"column":55},"end":{"line":361,"column":60}},"loc":{"start":{"line":361,"column":71},"end":{"line":364,"column":null}},"line":361},"56":{"name":"(anonymous_56)","decl":{"start":{"line":362,"column":31},"end":{"line":362,"column":37}},"loc":{"start":{"line":362,"column":43},"end":{"line":362,"column":63}},"line":362},"57":{"name":"(anonymous_57)","decl":{"start":{"line":384,"column":9},"end":{"line":384,"column":21}},"loc":{"start":{"line":384,"column":21},"end":{"line":384,"column":24}},"line":384},"58":{"name":"(anonymous_58)","decl":{"start":{"line":388,"column":68},"end":{"line":388,"column":80}},"loc":{"start":{"line":388,"column":80},"end":{"line":388,"column":83}},"line":388},"59":{"name":"(anonymous_59)","decl":{"start":{"line":391,"column":6},"end":{"line":391,"column":19}},"loc":{"start":{"line":391,"column":28},"end":{"line":391,"column":49}},"line":391},"60":{"name":"(anonymous_60)","decl":{"start":{"line":394,"column":17},"end":{"line":394,"column":29}},"loc":{"start":{"line":394,"column":29},"end":{"line":407,"column":13}},"line":394},"61":{"name":"(anonymous_61)","decl":{"start":{"line":396,"column":61},"end":{"line":396,"column":73}},"loc":{"start":{"line":396,"column":73},"end":{"line":396,"column":78}},"line":396},"62":{"name":"(anonymous_62)","decl":{"start":{"line":414,"column":4},"end":{"line":414,"column":11}},"loc":{"start":{"line":414,"column":32},"end":{"line":478,"column":5}},"line":414},"63":{"name":"(anonymous_63)","decl":{"start":{"line":425,"column":32},"end":{"line":425,"column":38}},"loc":{"start":{"line":425,"column":44},"end":{"line":425,"column":62}},"line":425},"64":{"name":"(anonymous_64)","decl":{"start":{"line":427,"column":65},"end":{"line":427,"column":77}},"loc":{"start":{"line":427,"column":77},"end":{"line":427,"column":79}},"line":427},"65":{"name":"(anonymous_65)","decl":{"start":{"line":428,"column":57},"end":{"line":428,"column":62}},"loc":{"start":{"line":428,"column":73},"end":{"line":431,"column":null}},"line":428},"66":{"name":"(anonymous_66)","decl":{"start":{"line":429,"column":33},"end":{"line":429,"column":39}},"loc":{"start":{"line":429,"column":45},"end":{"line":429,"column":65}},"line":429},"67":{"name":"(anonymous_67)","decl":{"start":{"line":450,"column":11},"end":{"line":450,"column":23}},"loc":{"start":{"line":450,"column":23},"end":{"line":450,"column":26}},"line":450},"68":{"name":"(anonymous_68)","decl":{"start":{"line":454,"column":70},"end":{"line":454,"column":82}},"loc":{"start":{"line":454,"column":82},"end":{"line":454,"column":85}},"line":454},"69":{"name":"(anonymous_69)","decl":{"start":{"line":457,"column":8},"end":{"line":457,"column":21}},"loc":{"start":{"line":457,"column":30},"end":{"line":457,"column":51}},"line":457},"70":{"name":"(anonymous_70)","decl":{"start":{"line":460,"column":19},"end":{"line":460,"column":31}},"loc":{"start":{"line":460,"column":31},"end":{"line":473,"column":15}},"line":460},"71":{"name":"(anonymous_71)","decl":{"start":{"line":462,"column":63},"end":{"line":462,"column":75}},"loc":{"start":{"line":462,"column":75},"end":{"line":462,"column":80}},"line":462},"72":{"name":"(anonymous_72)","decl":{"start":{"line":481,"column":24},"end":{"line":481,"column":37}},"loc":{"start":{"line":481,"column":52},"end":{"line":483,"column":7}},"line":481},"73":{"name":"(anonymous_73)","decl":{"start":{"line":485,"column":24},"end":{"line":485,"column":37}},"loc":{"start":{"line":485,"column":52},"end":{"line":495,"column":7}},"line":485},"74":{"name":"(anonymous_74)","decl":{"start":{"line":486,"column":26},"end":{"line":486,"column":38}},"loc":{"start":{"line":486,"column":38},"end":{"line":486,"column":41}},"line":486},"75":{"name":"(anonymous_75)","decl":{"start":{"line":487,"column":4},"end":{"line":487,"column":17}},"loc":{"start":{"line":487,"column":26},"end":{"line":494,"column":null}},"line":487},"76":{"name":"(anonymous_76)","decl":{"start":{"line":488,"column":27},"end":{"line":488,"column":35}},"loc":{"start":{"line":488,"column":41},"end":{"line":488,"column":53}},"line":488},"77":{"name":"(anonymous_77)","decl":{"start":{"line":489,"column":6},"end":{"line":489,"column":21}},"loc":{"start":{"line":489,"column":29},"end":{"line":492,"column":null}},"line":489},"78":{"name":"(anonymous_78)","decl":{"start":{"line":498,"column":20},"end":{"line":498,"column":null}},"loc":{"start":{"line":499,"column":69},"end":{"line":517,"column":5}},"line":499},"79":{"name":"(anonymous_79)","decl":{"start":{"line":501,"column":6},"end":{"line":501,"column":19}},"loc":{"start":{"line":502,"column":8},"end":{"line":514,"column":null}},"line":502},"80":{"name":"(anonymous_80)","decl":{"start":{"line":502,"column":13},"end":{"line":502,"column":18}},"loc":{"start":{"line":502,"column":24},"end":{"line":514,"column":null}},"line":502},"81":{"name":"(anonymous_81)","decl":{"start":{"line":504,"column":33},"end":{"line":504,"column":38}},"loc":{"start":{"line":505,"column":12},"end":{"line":505,"column":null}},"line":505},"82":{"name":"(anonymous_82)","decl":{"start":{"line":510,"column":41},"end":{"line":510,"column":46}},"loc":{"start":{"line":511,"column":14},"end":{"line":511,"column":null}},"line":511},"83":{"name":"(anonymous_83)","decl":{"start":{"line":520,"column":17},"end":{"line":520,"column":35}},"loc":{"start":{"line":520,"column":35},"end":{"line":543,"column":6}},"line":520},"84":{"name":"(anonymous_84)","decl":{"start":{"line":529,"column":4},"end":{"line":529,"column":17}},"loc":{"start":{"line":530,"column":6},"end":{"line":540,"column":null}},"line":530},"85":{"name":"(anonymous_85)","decl":{"start":{"line":530,"column":11},"end":{"line":530,"column":16}},"loc":{"start":{"line":530,"column":22},"end":{"line":540,"column":null}},"line":530},"86":{"name":"(anonymous_86)","decl":{"start":{"line":536,"column":39},"end":{"line":536,"column":44}},"loc":{"start":{"line":537,"column":12},"end":{"line":537,"column":null}},"line":537},"87":{"name":"(anonymous_87)","decl":{"start":{"line":545,"column":20},"end":{"line":545,"column":null}},"loc":{"start":{"line":546,"column":23},"end":{"line":569,"column":5}},"line":546},"88":{"name":"(anonymous_88)","decl":{"start":{"line":548,"column":6},"end":{"line":548,"column":19}},"loc":{"start":{"line":548,"column":28},"end":{"line":566,"column":null}},"line":548},"89":{"name":"(anonymous_89)","decl":{"start":{"line":549,"column":29},"end":{"line":549,"column":34}},"loc":{"start":{"line":549,"column":40},"end":{"line":559,"column":null}},"line":549},"90":{"name":"(anonymous_90)","decl":{"start":{"line":551,"column":33},"end":{"line":551,"column":41}},"loc":{"start":{"line":551,"column":47},"end":{"line":551,"column":62}},"line":551},"91":{"name":"(anonymous_91)","decl":{"start":{"line":555,"column":41},"end":{"line":555,"column":46}},"loc":{"start":{"line":556,"column":14},"end":{"line":556,"column":null}},"line":556},"92":{"name":"(anonymous_92)","decl":{"start":{"line":560,"column":32},"end":{"line":560,"column":38}},"loc":{"start":{"line":560,"column":44},"end":{"line":560,"column":64}},"line":560},"93":{"name":"(anonymous_93)","decl":{"start":{"line":562,"column":41},"end":{"line":562,"column":49}},"loc":{"start":{"line":562,"column":55},"end":{"line":562,"column":75}},"line":562},"94":{"name":"(anonymous_94)","decl":{"start":{"line":563,"column":67},"end":{"line":563,"column":79}},"loc":{"start":{"line":563,"column":79},"end":{"line":563,"column":82}},"line":563},"95":{"name":"(anonymous_95)","decl":{"start":{"line":567,"column":6},"end":{"line":567,"column":24}},"loc":{"start":{"line":567,"column":33},"end":{"line":567,"column":61}},"line":567},"96":{"name":"(anonymous_96)","decl":{"start":{"line":572,"column":23},"end":{"line":572,"column":null}},"loc":{"start":{"line":573,"column":23},"end":{"line":591,"column":5}},"line":573},"97":{"name":"(anonymous_97)","decl":{"start":{"line":575,"column":6},"end":{"line":575,"column":19}},"loc":{"start":{"line":576,"column":8},"end":{"line":588,"column":null}},"line":576},"98":{"name":"(anonymous_98)","decl":{"start":{"line":576,"column":13},"end":{"line":576,"column":18}},"loc":{"start":{"line":576,"column":24},"end":{"line":588,"column":null}},"line":576},"99":{"name":"(anonymous_99)","decl":{"start":{"line":578,"column":33},"end":{"line":578,"column":38}},"loc":{"start":{"line":579,"column":12},"end":{"line":579,"column":null}},"line":579},"100":{"name":"(anonymous_100)","decl":{"start":{"line":584,"column":41},"end":{"line":584,"column":46}},"loc":{"start":{"line":585,"column":14},"end":{"line":585,"column":null}},"line":585},"101":{"name":"(anonymous_101)","decl":{"start":{"line":594,"column":40},"end":{"line":594,"column":47}},"loc":{"start":{"line":594,"column":66},"end":{"line":627,"column":6}},"line":594},"102":{"name":"(anonymous_102)","decl":{"start":{"line":595,"column":29},"end":{"line":595,"column":35}},"loc":{"start":{"line":595,"column":41},"end":{"line":595,"column":61}},"line":595},"103":{"name":"(anonymous_103)","decl":{"start":{"line":600,"column":35},"end":{"line":600,"column":43}},"loc":{"start":{"line":600,"column":49},"end":{"line":600,"column":69}},"line":600},"104":{"name":"(anonymous_104)","decl":{"start":{"line":601,"column":67},"end":{"line":601,"column":79}},"loc":{"start":{"line":601,"column":79},"end":{"line":601,"column":82}},"line":601},"105":{"name":"(anonymous_105)","decl":{"start":{"line":603,"column":61},"end":{"line":603,"column":73}},"loc":{"start":{"line":603,"column":73},"end":{"line":603,"column":75}},"line":603},"106":{"name":"(anonymous_106)","decl":{"start":{"line":605,"column":4},"end":{"line":605,"column":17}},"loc":{"start":{"line":606,"column":6},"end":{"line":614,"column":null}},"line":606},"107":{"name":"(anonymous_107)","decl":{"start":{"line":606,"column":11},"end":{"line":606,"column":16}},"loc":{"start":{"line":607,"column":8},"end":{"line":614,"column":null}},"line":607},"108":{"name":"(anonymous_108)","decl":{"start":{"line":611,"column":39},"end":{"line":611,"column":44}},"loc":{"start":{"line":612,"column":12},"end":{"line":612,"column":null}},"line":612},"109":{"name":"(anonymous_109)","decl":{"start":{"line":621,"column":9},"end":{"line":621,"column":21}},"loc":{"start":{"line":621,"column":21},"end":{"line":621,"column":24}},"line":621},"110":{"name":"(anonymous_110)","decl":{"start":{"line":624,"column":27},"end":{"line":624,"column":39}},"loc":{"start":{"line":624,"column":39},"end":{"line":624,"column":42}},"line":624},"111":{"name":"(anonymous_111)","decl":{"start":{"line":630,"column":26},"end":{"line":630,"column":44}},"loc":{"start":{"line":630,"column":44},"end":{"line":633,"column":7}},"line":630},"112":{"name":"(anonymous_112)","decl":{"start":{"line":635,"column":23},"end":{"line":635,"column":41}},"loc":{"start":{"line":635,"column":41},"end":{"line":640,"column":6}},"line":635},"113":{"name":"(anonymous_113)","decl":{"start":{"line":636,"column":13},"end":{"line":636,"column":22}},"loc":{"start":{"line":636,"column":22},"end":{"line":636,"column":67}},"line":636},"114":{"name":"(anonymous_114)","decl":{"start":{"line":636,"column":52},"end":{"line":636,"column":64}},"loc":{"start":{"line":636,"column":64},"end":{"line":636,"column":67}},"line":636},"115":{"name":"(anonymous_115)","decl":{"start":{"line":643,"column":33},"end":{"line":643,"column":45}},"loc":{"start":{"line":643,"column":45},"end":{"line":679,"column":6}},"line":643},"116":{"name":"(anonymous_116)","decl":{"start":{"line":644,"column":29},"end":{"line":644,"column":35}},"loc":{"start":{"line":644,"column":41},"end":{"line":644,"column":61}},"line":644},"117":{"name":"(anonymous_117)","decl":{"start":{"line":648,"column":38},"end":{"line":648,"column":46}},"loc":{"start":{"line":648,"column":52},"end":{"line":648,"column":72}},"line":648},"118":{"name":"(anonymous_118)","decl":{"start":{"line":652,"column":40},"end":{"line":652,"column":46}},"loc":{"start":{"line":652,"column":52},"end":{"line":652,"column":75}},"line":652},"119":{"name":"(anonymous_119)","decl":{"start":{"line":670,"column":38},"end":{"line":670,"column":44}},"loc":{"start":{"line":670,"column":50},"end":{"line":670,"column":73}},"line":670},"120":{"name":"(anonymous_120)","decl":{"start":{"line":673,"column":6},"end":{"line":673,"column":23}},"loc":{"start":{"line":673,"column":23},"end":{"line":673,"column":44}},"line":673},"121":{"name":"(anonymous_121)","decl":{"start":{"line":677,"column":6},"end":{"line":677,"column":23}},"loc":{"start":{"line":677,"column":23},"end":{"line":677,"column":44}},"line":677},"122":{"name":"(anonymous_122)","decl":{"start":{"line":682,"column":47},"end":{"line":682,"column":59}},"loc":{"start":{"line":682,"column":59},"end":{"line":711,"column":6}},"line":682},"123":{"name":"(anonymous_123)","decl":{"start":{"line":685,"column":29},"end":{"line":685,"column":35}},"loc":{"start":{"line":685,"column":41},"end":{"line":685,"column":61}},"line":685},"124":{"name":"(anonymous_124)","decl":{"start":{"line":690,"column":6},"end":{"line":690,"column":19}},"loc":{"start":{"line":690,"column":28},"end":{"line":699,"column":9}},"line":690},"125":{"name":"(anonymous_125)","decl":{"start":{"line":690,"column":33},"end":{"line":690,"column":38}},"loc":{"start":{"line":690,"column":44},"end":{"line":699,"column":9}},"line":690},"126":{"name":"(anonymous_126)","decl":{"start":{"line":696,"column":35},"end":{"line":696,"column":41}},"loc":{"start":{"line":696,"column":47},"end":{"line":696,"column":72}},"line":696},"127":{"name":"(anonymous_127)","decl":{"start":{"line":701,"column":25},"end":{"line":701,"column":30}},"loc":{"start":{"line":701,"column":41},"end":{"line":705,"column":null}},"line":701},"128":{"name":"(anonymous_128)","decl":{"start":{"line":702,"column":42},"end":{"line":702,"column":48}},"loc":{"start":{"line":702,"column":54},"end":{"line":702,"column":74}},"line":702},"129":{"name":"(anonymous_129)","decl":{"start":{"line":703,"column":71},"end":{"line":703,"column":83}},"loc":{"start":{"line":703,"column":83},"end":{"line":703,"column":86}},"line":703},"130":{"name":"(anonymous_130)","decl":{"start":{"line":710,"column":4},"end":{"line":710,"column":21}},"loc":{"start":{"line":710,"column":21},"end":{"line":710,"column":42}},"line":710},"131":{"name":"(anonymous_131)","decl":{"start":{"line":714,"column":29},"end":{"line":714,"column":null}},"loc":{"start":{"line":715,"column":78},"end":{"line":728,"column":5}},"line":715},"132":{"name":"(anonymous_132)","decl":{"start":{"line":717,"column":6},"end":{"line":717,"column":19}},"loc":{"start":{"line":718,"column":8},"end":{"line":721,"column":null}},"line":718},"133":{"name":"(anonymous_133)","decl":{"start":{"line":718,"column":13},"end":{"line":718,"column":18}},"loc":{"start":{"line":718,"column":24},"end":{"line":721,"column":null}},"line":718},"134":{"name":"(anonymous_134)","decl":{"start":{"line":732,"column":33},"end":{"line":732,"column":null}},"loc":{"start":{"line":733,"column":78},"end":{"line":745,"column":5}},"line":733},"135":{"name":"(anonymous_135)","decl":{"start":{"line":735,"column":6},"end":{"line":735,"column":19}},"loc":{"start":{"line":736,"column":8},"end":{"line":739,"column":null}},"line":736},"136":{"name":"(anonymous_136)","decl":{"start":{"line":736,"column":13},"end":{"line":736,"column":18}},"loc":{"start":{"line":736,"column":24},"end":{"line":739,"column":null}},"line":736},"137":{"name":"(anonymous_137)","decl":{"start":{"line":749,"column":31},"end":{"line":749,"column":44}},"loc":{"start":{"line":749,"column":69},"end":{"line":764,"column":6}},"line":749},"138":{"name":"(anonymous_138)","decl":{"start":{"line":751,"column":4},"end":{"line":751,"column":17}},"loc":{"start":{"line":752,"column":6},"end":{"line":761,"column":null}},"line":752},"139":{"name":"(anonymous_139)","decl":{"start":{"line":752,"column":11},"end":{"line":752,"column":16}},"loc":{"start":{"line":752,"column":22},"end":{"line":761,"column":null}},"line":752},"140":{"name":"(anonymous_140)","decl":{"start":{"line":757,"column":39},"end":{"line":757,"column":44}},"loc":{"start":{"line":758,"column":12},"end":{"line":758,"column":null}},"line":758},"141":{"name":"(anonymous_141)","decl":{"start":{"line":767,"column":38},"end":{"line":767,"column":51}},"loc":{"start":{"line":767,"column":98},"end":{"line":784,"column":6}},"line":767},"142":{"name":"(anonymous_142)","decl":{"start":{"line":770,"column":4},"end":{"line":770,"column":16}},"loc":{"start":{"line":771,"column":6},"end":{"line":780,"column":null}},"line":771},"143":{"name":"(anonymous_143)","decl":{"start":{"line":771,"column":11},"end":{"line":771,"column":15}},"loc":{"start":{"line":771,"column":20},"end":{"line":780,"column":null}},"line":771},"144":{"name":"(anonymous_144)","decl":{"start":{"line":776,"column":39},"end":{"line":776,"column":43}},"loc":{"start":{"line":777,"column":12},"end":{"line":777,"column":null}},"line":777},"145":{"name":"(anonymous_145)","decl":{"start":{"line":782,"column":57},"end":{"line":782,"column":69}},"loc":{"start":{"line":782,"column":69},"end":{"line":782,"column":72}},"line":782},"146":{"name":"(anonymous_146)","decl":{"start":{"line":786,"column":31},"end":{"line":786,"column":44}},"loc":{"start":{"line":786,"column":66},"end":{"line":793,"column":7}},"line":786},"147":{"name":"(anonymous_147)","decl":{"start":{"line":795,"column":20},"end":{"line":795,"column":33}},"loc":{"start":{"line":795,"column":53},"end":{"line":798,"column":7}},"line":795},"148":{"name":"(anonymous_148)","decl":{"start":{"line":797,"column":4},"end":{"line":797,"column":21}},"loc":{"start":{"line":797,"column":21},"end":{"line":797,"column":42}},"line":797},"149":{"name":"(anonymous_149)","decl":{"start":{"line":800,"column":43},"end":{"line":800,"column":50}},"loc":{"start":{"line":800,"column":71},"end":{"line":813,"column":6}},"line":800},"150":{"name":"(anonymous_150)","decl":{"start":{"line":802,"column":62},"end":{"line":802,"column":74}},"loc":{"start":{"line":802,"column":74},"end":{"line":802,"column":79}},"line":802},"151":{"name":"(anonymous_151)","decl":{"start":{"line":816,"column":35},"end":{"line":816,"column":41}},"loc":{"start":{"line":816,"column":47},"end":{"line":816,"column":67}},"line":816},"152":{"name":"(anonymous_152)","decl":{"start":{"line":818,"column":26},"end":{"line":818,"column":32}},"loc":{"start":{"line":818,"column":38},"end":{"line":818,"column":61}},"line":818},"153":{"name":"(anonymous_153)","decl":{"start":{"line":825,"column":20},"end":{"line":825,"column":38}},"loc":{"start":{"line":825,"column":38},"end":{"line":825,"column":65}},"line":825},"154":{"name":"(anonymous_154)","decl":{"start":{"line":840,"column":8},"end":{"line":840,"column":38}},"loc":{"start":{"line":840,"column":38},"end":{"line":840,"column":67}},"line":840},"155":{"name":"(anonymous_155)","decl":{"start":{"line":841,"column":8},"end":{"line":841,"column":30}},"loc":{"start":{"line":841,"column":30},"end":{"line":841,"column":51}},"line":841},"156":{"name":"(anonymous_156)","decl":{"start":{"line":853,"column":22},"end":{"line":853,"column":46}},"loc":{"start":{"line":853,"column":46},"end":{"line":853,"column":null}},"line":853},"157":{"name":"(anonymous_157)","decl":{"start":{"line":854,"column":22},"end":{"line":854,"column":46}},"loc":{"start":{"line":854,"column":46},"end":{"line":854,"column":null}},"line":854},"158":{"name":"(anonymous_158)","decl":{"start":{"line":855,"column":29},"end":{"line":855,"column":53}},"loc":{"start":{"line":855,"column":53},"end":{"line":855,"column":90}},"line":855},"159":{"name":"(anonymous_159)","decl":{"start":{"line":873,"column":10},"end":{"line":873,"column":40}},"loc":{"start":{"line":873,"column":40},"end":{"line":873,"column":69}},"line":873},"160":{"name":"(anonymous_160)","decl":{"start":{"line":874,"column":52},"end":{"line":874,"column":62}},"loc":{"start":{"line":874,"column":62},"end":{"line":874,"column":84}},"line":874},"161":{"name":"(anonymous_161)","decl":{"start":{"line":876,"column":42},"end":{"line":876,"column":50}},"loc":{"start":{"line":876,"column":56},"end":{"line":876,"column":74}},"line":876},"162":{"name":"(anonymous_162)","decl":{"start":{"line":876,"column":85},"end":{"line":876,"column":null}},"loc":{"start":{"line":877,"column":22},"end":{"line":878,"column":null}},"line":877},"163":{"name":"(anonymous_163)","decl":{"start":{"line":886,"column":10},"end":{"line":886,"column":33}},"loc":{"start":{"line":886,"column":33},"end":{"line":886,"column":null}},"line":886},"164":{"name":"(anonymous_164)","decl":{"start":{"line":908,"column":10},"end":{"line":908,"column":25}},"loc":{"start":{"line":908,"column":25},"end":{"line":908,"column":55}},"line":908},"165":{"name":"(anonymous_165)","decl":{"start":{"line":909,"column":10},"end":{"line":909,"column":22}},"loc":{"start":{"line":909,"column":28},"end":{"line":909,"column":null}},"line":909},"166":{"name":"(anonymous_166)","decl":{"start":{"line":920,"column":12},"end":{"line":920,"column":22}},"loc":{"start":{"line":920,"column":28},"end":{"line":920,"column":47}},"line":920},"167":{"name":"(anonymous_167)","decl":{"start":{"line":923,"column":14},"end":{"line":923,"column":29}},"loc":{"start":{"line":923,"column":29},"end":{"line":923,"column":59}},"line":923},"168":{"name":"(anonymous_168)","decl":{"start":{"line":937,"column":10},"end":{"line":937,"column":25}},"loc":{"start":{"line":937,"column":25},"end":{"line":937,"column":47}},"line":937},"169":{"name":"(anonymous_169)","decl":{"start":{"line":938,"column":10},"end":{"line":938,"column":22}},"loc":{"start":{"line":938,"column":28},"end":{"line":938,"column":null}},"line":938},"170":{"name":"(anonymous_170)","decl":{"start":{"line":949,"column":12},"end":{"line":949,"column":22}},"loc":{"start":{"line":949,"column":28},"end":{"line":949,"column":47}},"line":949},"171":{"name":"(anonymous_171)","decl":{"start":{"line":952,"column":14},"end":{"line":952,"column":29}},"loc":{"start":{"line":952,"column":29},"end":{"line":952,"column":51}},"line":952},"172":{"name":"(anonymous_172)","decl":{"start":{"line":976,"column":10},"end":{"line":976,"column":25}},"loc":{"start":{"line":976,"column":25},"end":{"line":976,"column":48}},"line":976},"173":{"name":"(anonymous_173)","decl":{"start":{"line":977,"column":10},"end":{"line":977,"column":22}},"loc":{"start":{"line":977,"column":28},"end":{"line":977,"column":null}},"line":977},"174":{"name":"(anonymous_174)","decl":{"start":{"line":982,"column":15},"end":{"line":982,"column":25}},"loc":{"start":{"line":982,"column":31},"end":{"line":982,"column":50}},"line":982},"175":{"name":"(anonymous_175)","decl":{"start":{"line":986,"column":14},"end":{"line":986,"column":29}},"loc":{"start":{"line":986,"column":29},"end":{"line":986,"column":52}},"line":986},"176":{"name":"(anonymous_176)","decl":{"start":{"line":1001,"column":10},"end":{"line":1001,"column":25}},"loc":{"start":{"line":1001,"column":25},"end":{"line":1001,"column":48}},"line":1001},"177":{"name":"(anonymous_177)","decl":{"start":{"line":1002,"column":10},"end":{"line":1002,"column":22}},"loc":{"start":{"line":1002,"column":28},"end":{"line":1002,"column":null}},"line":1002},"178":{"name":"(anonymous_178)","decl":{"start":{"line":1007,"column":15},"end":{"line":1007,"column":25}},"loc":{"start":{"line":1007,"column":31},"end":{"line":1007,"column":50}},"line":1007},"179":{"name":"(anonymous_179)","decl":{"start":{"line":1011,"column":14},"end":{"line":1011,"column":29}},"loc":{"start":{"line":1011,"column":29},"end":{"line":1011,"column":52}},"line":1011},"180":{"name":"(anonymous_180)","decl":{"start":{"line":1026,"column":10},"end":{"line":1026,"column":25}},"loc":{"start":{"line":1026,"column":25},"end":{"line":1026,"column":51}},"line":1026},"181":{"name":"(anonymous_181)","decl":{"start":{"line":1030,"column":15},"end":{"line":1030,"column":25}},"loc":{"start":{"line":1030,"column":31},"end":{"line":1030,"column":50}},"line":1030},"182":{"name":"(anonymous_182)","decl":{"start":{"line":1033,"column":14},"end":{"line":1033,"column":29}},"loc":{"start":{"line":1033,"column":29},"end":{"line":1033,"column":55}},"line":1033},"183":{"name":"(anonymous_183)","decl":{"start":{"line":1048,"column":10},"end":{"line":1048,"column":25}},"loc":{"start":{"line":1048,"column":25},"end":{"line":1048,"column":50}},"line":1048},"184":{"name":"(anonymous_184)","decl":{"start":{"line":1052,"column":15},"end":{"line":1052,"column":25}},"loc":{"start":{"line":1052,"column":31},"end":{"line":1052,"column":50}},"line":1052},"185":{"name":"(anonymous_185)","decl":{"start":{"line":1055,"column":14},"end":{"line":1055,"column":29}},"loc":{"start":{"line":1055,"column":29},"end":{"line":1055,"column":54}},"line":1055},"186":{"name":"(anonymous_186)","decl":{"start":{"line":1056,"column":14},"end":{"line":1056,"column":36}},"loc":{"start":{"line":1056,"column":36},"end":{"line":1056,"column":null}},"line":1056},"187":{"name":"(anonymous_187)","decl":{"start":{"line":1067,"column":10},"end":{"line":1067,"column":25}},"loc":{"start":{"line":1067,"column":25},"end":{"line":1067,"column":null}},"line":1067}},"branchMap":{"0":{"loc":{"start":{"line":49,"column":4},"end":{"line":63,"column":null}},"type":"if","locations":[{"start":{"line":49,"column":4},"end":{"line":63,"column":null}},{"start":{},"end":{}}],"line":49},"1":{"loc":{"start":{"line":85,"column":4},"end":{"line":85,"column":null}},"type":"if","locations":[{"start":{"line":85,"column":4},"end":{"line":85,"column":null}},{"start":{},"end":{}}],"line":85},"2":{"loc":{"start":{"line":103,"column":19},"end":{"line":103,"column":29}},"type":"binary-expr","locations":[{"start":{"line":103,"column":19},"end":{"line":103,"column":27}},{"start":{"line":103,"column":27},"end":{"line":103,"column":29}}],"line":103},"3":{"loc":{"start":{"line":106,"column":4},"end":{"line":106,"column":null}},"type":"if","locations":[{"start":{"line":106,"column":4},"end":{"line":106,"column":null}},{"start":{},"end":{}}],"line":106},"4":{"loc":{"start":{"line":108,"column":27},"end":{"line":108,"column":62}},"type":"cond-expr","locations":[{"start":{"line":108,"column":43},"end":{"line":108,"column":58}},{"start":{"line":108,"column":58},"end":{"line":108,"column":62}}],"line":108},"5":{"loc":{"start":{"line":115,"column":4},"end":{"line":115,"column":null}},"type":"if","locations":[{"start":{"line":115,"column":4},"end":{"line":115,"column":null}},{"start":{},"end":{}}],"line":115},"6":{"loc":{"start":{"line":120,"column":16},"end":{"line":120,"column":null}},"type":"binary-expr","locations":[{"start":{"line":120,"column":16},"end":{"line":120,"column":30}},{"start":{"line":120,"column":30},"end":{"line":120,"column":null}}],"line":120},"7":{"loc":{"start":{"line":121,"column":23},"end":{"line":121,"column":null}},"type":"binary-expr","locations":[{"start":{"line":121,"column":23},"end":{"line":121,"column":45}},{"start":{"line":121,"column":45},"end":{"line":121,"column":null}}],"line":121},"8":{"loc":{"start":{"line":122,"column":17},"end":{"line":122,"column":null}},"type":"binary-expr","locations":[{"start":{"line":122,"column":17},"end":{"line":122,"column":32}},{"start":{"line":122,"column":32},"end":{"line":122,"column":null}}],"line":122},"9":{"loc":{"start":{"line":123,"column":13},"end":{"line":123,"column":25}},"type":"binary-expr","locations":[{"start":{"line":123,"column":13},"end":{"line":123,"column":23}},{"start":{"line":123,"column":23},"end":{"line":123,"column":25}}],"line":123},"10":{"loc":{"start":{"line":125,"column":25},"end":{"line":125,"column":null}},"type":"binary-expr","locations":[{"start":{"line":125,"column":25},"end":{"line":125,"column":46}},{"start":{"line":125,"column":46},"end":{"line":125,"column":null}}],"line":125},"11":{"loc":{"start":{"line":129,"column":58},"end":{"line":129,"column":70}},"type":"binary-expr","locations":[{"start":{"line":129,"column":58},"end":{"line":129,"column":68}},{"start":{"line":129,"column":68},"end":{"line":129,"column":70}}],"line":129},"12":{"loc":{"start":{"line":130,"column":17},"end":{"line":130,"column":null}},"type":"binary-expr","locations":[{"start":{"line":130,"column":17},"end":{"line":130,"column":32}},{"start":{"line":130,"column":32},"end":{"line":130,"column":null}}],"line":130},"13":{"loc":{"start":{"line":154,"column":10},"end":{"line":154,"column":null}},"type":"binary-expr","locations":[{"start":{"line":154,"column":10},"end":{"line":154,"column":35}},{"start":{"line":154,"column":35},"end":{"line":154,"column":null}}],"line":154},"14":{"loc":{"start":{"line":188,"column":4},"end":{"line":188,"column":null}},"type":"if","locations":[{"start":{"line":188,"column":4},"end":{"line":188,"column":null}},{"start":{},"end":{}}],"line":188},"15":{"loc":{"start":{"line":192,"column":4},"end":{"line":192,"column":null}},"type":"if","locations":[{"start":{"line":192,"column":4},"end":{"line":192,"column":null}},{"start":{},"end":{}}],"line":192},"16":{"loc":{"start":{"line":214,"column":4},"end":{"line":214,"column":null}},"type":"if","locations":[{"start":{"line":214,"column":4},"end":{"line":214,"column":null}},{"start":{},"end":{}}],"line":214},"17":{"loc":{"start":{"line":218,"column":6},"end":{"line":218,"column":null}},"type":"if","locations":[{"start":{"line":218,"column":6},"end":{"line":218,"column":null}},{"start":{},"end":{}}],"line":218},"18":{"loc":{"start":{"line":240,"column":6},"end":{"line":240,"column":null}},"type":"if","locations":[{"start":{"line":240,"column":6},"end":{"line":240,"column":null}},{"start":{},"end":{}}],"line":240},"19":{"loc":{"start":{"line":247,"column":6},"end":{"line":251,"column":null}},"type":"if","locations":[{"start":{"line":247,"column":6},"end":{"line":251,"column":null}},{"start":{},"end":{}}],"line":247},"20":{"loc":{"start":{"line":247,"column":6},"end":{"line":247,"column":67}},"type":"binary-expr","locations":[{"start":{"line":247,"column":11},"end":{"line":247,"column":24}},{"start":{"line":247,"column":24},"end":{"line":247,"column":38}},{"start":{"line":247,"column":38},"end":{"line":247,"column":52}},{"start":{"line":247,"column":52},"end":{"line":247,"column":67}}],"line":247},"21":{"loc":{"start":{"line":249,"column":21},"end":{"line":249,"column":null}},"type":"binary-expr","locations":[{"start":{"line":249,"column":21},"end":{"line":249,"column":62}},{"start":{"line":249,"column":66},"end":{"line":249,"column":null}}],"line":249},"22":{"loc":{"start":{"line":250,"column":8},"end":{"line":251,"column":null}},"type":"if","locations":[{"start":{"line":250,"column":8},"end":{"line":251,"column":null}},{"start":{},"end":{}}],"line":250},"23":{"loc":{"start":{"line":250,"column":12},"end":{"line":250,"column":42}},"type":"binary-expr","locations":[{"start":{"line":250,"column":12},"end":{"line":250,"column":20}},{"start":{"line":250,"column":20},"end":{"line":250,"column":42}}],"line":250},"24":{"loc":{"start":{"line":255,"column":6},"end":{"line":264,"column":null}},"type":"if","locations":[{"start":{"line":255,"column":6},"end":{"line":264,"column":null}},{"start":{},"end":{}}],"line":255},"25":{"loc":{"start":{"line":255,"column":6},"end":{"line":255,"column":68}},"type":"binary-expr","locations":[{"start":{"line":255,"column":11},"end":{"line":255,"column":24}},{"start":{"line":255,"column":24},"end":{"line":255,"column":38}},{"start":{"line":255,"column":38},"end":{"line":255,"column":53}},{"start":{"line":255,"column":53},"end":{"line":255,"column":68}}],"line":255},"26":{"loc":{"start":{"line":257,"column":21},"end":{"line":257,"column":null}},"type":"binary-expr","locations":[{"start":{"line":257,"column":21},"end":{"line":257,"column":62}},{"start":{"line":257,"column":66},"end":{"line":257,"column":null}}],"line":257},"27":{"loc":{"start":{"line":258,"column":29},"end":{"line":258,"column":90}},"type":"binary-expr","locations":[{"start":{"line":258,"column":29},"end":{"line":258,"column":84}},{"start":{"line":258,"column":88},"end":{"line":258,"column":90}}],"line":258},"28":{"loc":{"start":{"line":259,"column":8},"end":{"line":264,"column":null}},"type":"if","locations":[{"start":{"line":259,"column":8},"end":{"line":264,"column":null}},{"start":{},"end":{}}],"line":259},"29":{"loc":{"start":{"line":259,"column":12},"end":{"line":259,"column":46}},"type":"binary-expr","locations":[{"start":{"line":259,"column":12},"end":{"line":259,"column":20}},{"start":{"line":259,"column":20},"end":{"line":259,"column":46}}],"line":259},"30":{"loc":{"start":{"line":260,"column":10},"end":{"line":264,"column":
[...]
20196,"178":3,"179":3,"180":20193,"181":20193,"182":20196,"183":20196,"184":20196,"185":20196,"186":37,"187":43,"188":50,"189":19,"190":50,"191":50,"192":50,"193":88,"194":18,"195":18,"196":70,"197":70,"198":50,"199":3,"200":3,"201":5,"202":0,"203":5,"204":0,"205":5,"206":3},"f":{"0":6,"1":27,"2":31,"3":14,"4":6,"5":6,"6":8,"7":46,"8":5,"9":2,"10":4,"11":6,"12":6,"13":3,"14":49,"15":32,"16":36,"17":26,"18":8,"19":7,"20":44,"21":43,"22":50,"23":19,"24":88,"25":3},"b":{"0":[27,0],"1":[3,24],"2":[2,22],"3":[24,23],"4":[1,21],"5":[1,20],"6":[15,5],"7":[5,0],"8":[5,5],"9":[1,4],"10":[1,3],"11":[4,4],"12":[1,2],"13":[31],"14":[14],"15":[1,9],"16":[0,9],"17":[9,9],"18":[1,11],"19":[1,10],"20":[6],"21":[0,5],"22":[5,5,5],"23":[0,9],"24":[9,9],"25":[1,8],"26":[6],"27":[0,6],"28":[6,6,5],"29":[5,1],"30":[1,10],"31":[1,0],"32":[1,1],"33":[10,0],"34":[11,0],"35":[0,11],"36":[8],"37":[4,10],"38":[14,11],"39":[1,9],"40":[8,0],"41":[9,0],"42":[4,0],"43":[0,5],"44":[0,5],"45":[2,1,1,1,44],"46":[32],"47":[4,0,0,0,28],"48":[25,13],"49":[3,10],"50":[5,3],"51":[1,2],"52":[2,1],"53":[1,1],"54":[8,20202],"55":[5,20197],"56":[1,20196],"57":[3,20193],"58":[3,0],"59":[18,70],"60":[18,0],"61":[0,5],"62":[0,5]},"meta":{"lastBranch":63,"lastFunction":26,"lastStatement":207,"seen":{"f:9:2:9:14":0,"s:10:4:10:Infinity":0,"s:11:4:11:Infinity":1,"f:17:16:17:29":1,"s:18:14:18:Infinity":2,"b:18:14:18:54:18:58:18:Infinity":0,"b:21:2:21:Infinity:undefined:undefined:undefined:undefined":1,"s:21:2:21:Infinity":3,"s:21:22:21:Infinity":4,"b:22:2:22:Infinity:undefined:undefined:undefined:undefined":2,"s:22:2:22:Infinity":5,"b:22:6:22:24:22:24:22:39":3,"s:22:39:22:Infinity":6,"b:23:2:23:Infinity:undefined:undefined:undefined:undefined":4,"s:23:2:23:Infinity":7,"s:23:21:23:Infinity":8,"b:24:2:24:Infinity:undefined:undefined:undefined:undefined":5,"s:24:2:24:Infinity":9,"s:24:20:24:Infinity":10,"b:25:2:25:Infinity:undefined:undefined:undefined:undefined":6,"s:25:2:25:Infinity":11,"s:25:21:25:Infinity":12,"b:28:2:32:Infinity:undefined:undefined:undefined:undefined":7,"s:28:2:32:Infinity":13,"b:28:6:28:20:28:20:28:78":8,"s:29:20:29:34":14,"b:30:4:30:Infinity:undefined:undefined:undefined:undefined":9,"s:30:4:30:Infinity":15,"s:30:33:30:Infinity":16,"b:31:4:31:Infinity:undefined:undefined:undefined:undefined":10,"s:31:4:31:Infinity":17,"b:31:8:31:33:31:37:31:80":11,"s:31:82:31:Infinity":18,"b:32:4:32:Infinity:undefined:undefined:undefined:undefined":12,"s:32:4:32:Infinity":19,"s:32:39:32:Infinity":20,"s:35:2:35:Infinity":21,"f:45:16:45:29":2,"b:45:58:45:75":13,"s:46:2:46:Infinity":22,"f:49:16:49:26":3,"b:49:55:49:72":14,"s:51:2:54:Infinity":23,"s:52:4:52:Infinity":24,"s:54:4:54:Infinity":25,"b:57:2:58:Infinity:undefined:undefined:undefined:undefined":15,"s:57:2:58:Infinity":26,"s:58:4:58:Infinity":27,"b:60:2:61:Infinity:undefined:undefined:undefined:undefined":16,"s:60:2:61:Infinity":28,"b:60:6:60:36:60:36:60:53":17,"s:61:4:61:Infinity":29,"s:64:14:64:Infinity":30,"s:65:25:65:27":31,"s:66:29:66:31":32,"s:68:2:83:Infinity":33,"b:69:4:71:Infinity:undefined:undefined:undefined:undefined":18,"s:69:4:71:Infinity":34,"s:70:6:70:Infinity":35,"s:71:6:71:Infinity":36,"b:73:4:75:Infinity:undefined:undefined:undefined:undefined":19,"s:73:4:75:Infinity":37,"s:74:6:74:Infinity":38,"s:75:6:75:Infinity":39,"s:77:4:83:Infinity":40,"s:86:2:86:Infinity":41,"f:89:16:89:26":4,"b:89:55:89:72":20,"s:91:2:94:Infinity":42,"s:92:4:92:Infinity":43,"s:94:4:94:Infinity":44,"b:97:2:98:Infinity:undefined:undefined:undefined:undefined":21,"s:97:2:98:Infinity":45,"b:97:6:97:36:97:36:97:55:97:55:97:76":22,"s:98:4:98:Infinity":46,"s:101:14:101:Infinity":47,"s:102:25:102:27":48,"s:103:29:103:31":49,"s:105:2:120:Infinity":50,"b:106:4:108:Infinity:undefined:undefined:undefined:undefined":23,"s:106:4:108:Infinity":51,"b:106:8:106:26:106:26:106:47":24,"s:107:6:107:Infinity":52,"s:108:6:108:Infinity":53,"b:110:4:112:Infinity:undefined:undefined:undefined:undefined":25,"s:110:4:112:Infinity":54,"s:111:6:111:Infinity":55,"s:112:6:112:Infinity":56,"s:114:4:120:Infinity":57,"s:123:2:123:Infinity":58,"f:126:16:126:25":5,"b:126:54:126:71":26,"s:127:17:127:72":59,"s:128:15:128:Infinity":60,"b:130:2:130:Infinity:undefined:undefined:undefined:undefined":27,"s:130:2:130:Infinity":61,"s:130:25:130:Infinity":62,"s:132:25:132:27":63,"s:133:29:133:31":64,"s:136:19:136:Infinity":65,"s:138:4:140:Infinity":66,"b:138:4:138:Infinity:139:4:139:Infinity:140:4:140:Infinity":28,"s:141:19:141:Infinity":67,"b:141:32:141:45:141:48:141:Infinity":29,"s:143:2:159:Infinity":68,"b:144:4:148:Infinity:undefined:undefined:undefined:undefined":30,"s:144:4:148:Infinity":69,"b:145:6:146:Infinity:undefined:undefined:undefined:undefined":31,"s:145:6:146:Infinity":70,"b:145:10:145:30:145:30:145:44":32,"s:146:8:146:Infinity":71,"s:148:6:148:Infinity":72,"s:150:16:150:Infinity":73,"b:150:16:150:30:150:34:150:Infinity":33,"s:151:16:151:Infinity":74,"b:151:16:151:26:151:26:151:Infinity":34,"b:152:4:152:Infinity:undefined:undefined:undefined:undefined":35,"s:152:4:152:Infinity":75,"s:152:14:152:Infinity":76,"s:153:4:159:Infinity":77,"s:162:2:162:Infinity":78,"f:165:16:165:33":6,"b:165:62:165:79":36,"s:166:29:166:31":79,"s:168:2:172:Infinity":80,"s:169:20:169:31":81,"b:170:4:170:Infinity:undefined:undefined:undefined:undefined":37,"s:170:4:170:Infinity":82,"b:170:8:170:20:170:20:170:43":38,"s:170:45:170:Infinity":83,"b:171:4:171:Infinity:undefined:undefined:undefined:undefined":39,"s:171:4:171:Infinity":84,"s:171:40:171:Infinity":85,"s:172:4:172:Infinity":86,"s:175:15:175:89":87,"b:175:33:175:84:175:87:175:89":40,"s:176:2:176:Infinity":88,"f:181:16:181:32":7,"s:182:2:182:Infinity":89,"f:185:16:185:30":8,"s:186:38:186:40":90,"s:187:2:188:Infinity":91,"b:188:4:188:Infinity:undefined:undefined:undefined:undefined":41,"s:188:4:188:Infinity":92,"s:188:22:188:Infinity":93,"s:190:2:190:Infinity":94,"f:193:16:193:30":9,"s:194:38:194:40":95,"s:195:2:196:Infinity":96,"b:196:4:196:Infinity:undefined:undefined:undefined:undefined":42,"s:196:4:196:Infinity":97,"s:196:22:196:Infinity":98,"s:198:2:198:Infinity":99,"f:201:16:201:29":10,"s:202:19:202:49":100,"f:202:24:202:31":11,"s:202:36:202:48":101,"s:203:27:203:83":102,"f:203:58:203:62":12,"s:203:67:203:81":103,"s:204:2:204:Infinity":104,"f:207:16:207:37":13,"s:208:29:208:31":105,"s:209:26:209:28":106,"s:211:2:217:Infinity":107,"b:212:4:212:Infinity:undefined:undefined:undefined:undefined":43,"s:212:4:212:Infinity":108,"s:212:23:212:Infinity":109,"b:213:4:215:Infinity:undefined:undefined:undefined:undefined":44,"s:213:4:215:Infinity":110,"s:214:6:214:Infinity":111,"s:215:6:215:Infinity":112,"s:217:4:217:Infinity":113,"s:220:2:220:Infinity":114,"f:225:16:225:34":14,"b:227:4:227:Infinity:228:4:228:Infinity:229:4:229:Infinity:230:4:230:Infinity:231:4:231:Infinity":45,"s:226:2:231:Infinity":115,"s:227:18:227:Infinity":116,"s:228:18:228:Infinity":117,"s:229:18:229:Infinity":118,"s:230:18:230:Infinity":119,"s:231:18:231:Infinity":120,"f:235:16:235:30":15,"b:235:81:235:98":46,"b:237:4:237:Infinity:238:4:238:Infinity:239:4:239:Infinity:240:4:240:Infinity:241:4:241:Infinity":47,"s:236:2:241:Infinity":121,"s:237:18:237:Infinity":122,"s:238:18:238:Infinity":123,"s:239:18:239:Infinity":124,"s:240:18:240:Infinity":125,"s:241:18:241:Infinity":126,"f:247:16:247:Infinity":16,"s:252:22:252:47":127,"s:253:2:254:Infinity":128,"s:254:4:254:Infinity":129,"s:257:22:257:80":130,"f:257:55:257:59":17,"s:257:64:257:78":131,"s:258:28:258:30":132,"s:259:33:259:35":133,"s:260:65:260:67":134,"s:262:2:268:Infinity":135,"b:263:4:268:Infinity:265:15:268:Infinity":48,"s:263:4:268:Infinity":136,"s:264:6:264:Infinity":137,"b:265:15:268:Infinity:267:11:268:Infinity":49,"s:265:15:268:Infinity":138,"s:266:6:266:Infinity":139,"s:268:6:268:Infinity":140,"s:272:2:272:Infinity":141,"f:277:16:277:Infinity":18,"s:284:22:284:47":142,"s:285:2:286:Infinity":143,"s:286:4:286:Infinity":144,"s:289:17:289:78":145,"f:289:50:289:54":19,"s:289:59:289:76":146,"s:291:2:301:Infinity":147,"b:292:4:301:Infinity:295:15:301:Infinity":50,"s:292:4:301:Infinity":148,"s:294:6:294:Infinity":149,"b:295:15:301:Infinity:297:11:301:Infinity":51,"s:295:15:301:Infinity":150,"s:299:23:299:Infinity":151,"b:299:23:299:41:299:45:299:Infinity":52,"b:300:6:301:Infinity:undefined:undefined:undefined:undefined":53,"s:300:6:301:Infinity":152,"s:301:8:301:Infinity":153,"s:307:2:307:Infinity":154,"f:317:16:317:39":20,"s:319:21:319:72":155,"s:320:16:320:38":156,"s:322:39:322:41":157,"s:323:38:323:Infinity":158,"s:324:33:324:35":159,"s:326:2:371:Infinity":160,"s:327:20:327:31":161,"b:329:4:333:Infinity:undefined:undefined:undefined:undefined":54,"s:329:4:333:Infinity":162,"s:331:6:331:Infinity":163,"s:332:6:332:Infinity":164,"s:333:6:333:Infinity":165,"b:336:4:341:Infinity:undefined:undefined:undefined:undefined":55,"s:336:4:341:Infinity":166,"s:338:26:338:49":167,"s:339:6:339:Infinity":168,"s:340:6:340:Infinity":169,"s:341:6:341:Infinity":170,"s:345:20:345:37":171,"b:346:4:346:Infinity:undefined:undefined:undefined:undefined":56,"s:346:4:346:Infinity":172,"s:346:24:346:Infinity":173,"s:348:19:348:48":174,"s:349:23:349:46":175,"s:353:27:353:50":176,"b:358:4:363:Infinity:361:11:363:Infinity":57,"s:358:4:363:Infinity":177,"s:359:6:359:Infinity":178,"s:360:6:360:Infinity":179,"b:360:22:360:65:360:69:360:Infinity":58,"s:362:6:362:Infinity":180,"s:363:6:363:Infinity":181,"s:367:27:367:Infinity":182,"s:368:4:368:Infinity":183,"s:369:4:369:Infinity":184,"s:371:4:371:Infinity":185,"s:374:2:378:Infinity":186,"f:377:26:377:31":21,"s:377:36:377:Infinity":187,"f:387:16:387:Infinity":22,"s:391:22:391:84":188,"f:391:59:391:63":23,"s:391:68:391:82":189,"s:393:17:393:Infinity":190,"s:394:20:394:Infinity":191,"s:396:39:418:Infinity":192,"f:396:56:396:60":24,"b:397:4:416:Infinity:407:11:416:Infinity":59,"s:397:4:416:Infinity":193,"s:398:6:398:Infinity":194,"s:399:6:406:Infinity":195,"b:405:21:405:47:405:51:405:Infinity":60,"s:408:6:408:Infinity":196,"s:409:6:416:Infinity":197,"s:420:2:420:Infinity":198,"f:429:16:429:Infinity":25,"s:435:28:435:30":199,"s:437:2:449:Infinity":200,"b:439:4:439:Infinity:undefined:undefined:undefined:undefined":61,"s:439:4:439:Infinity":201,"s:439:30:439:Infinity":202,"b:441:4:441:Infinity:undefined:undefined:undefined:undefined":62,"s:441:4:441:Infinity":203,"s:441:43:441:Infinity":204,"s:443:4:449:Infinity":205,"s:452:2:452:Infinity":206}}}
,"/Users/darshanaswathappa/Desktop/env-manager/src/lib/projectTree.ts": {"path":"/Users/darshanaswathappa/Desktop/env-manager/src/lib/projectTree.ts","statementMap":{"0":{"start":{"line":4,"column":21},"end":{"line":4,"column":53}},"1":{"start":{"line":4,"column":47},"end":{"line":4,"column":52}},"2":{"start":{"line":7,"column":21},"end":{"line":10,"column":77}},"3":{"start":{"line":8,"column":19},"end":{"line":8,"column":45}},"4":{"start":{"line":9,"column":22},"end":{"line":9,"column":48}},"5":{"start":{"line":10,"column":20},"end":{"line":10,"column":76}},"6":{"start":{"line":11,"column":4},"end":{"line":11,"column":null}},"7":{"start":{"line":15,"column":2},"end":{"line":18,"column":null}},"8":{"start":{"line":16,"column":17},"end":{"line":16,"column":67}},"9":{"start":{"line":17,"column":20},"end":{"line":17,"column":46}},"10":{"start":{"line":18,"column":14},"end":{"line":18,"column":33}},"11":{"start":{"line":22,"column":15},"end":{"line":22,"column":52}},"12":{"start":{"line":22,"column":41},"end":{"line":22,"column":50}},"13":{"start":{"line":23,"column":27},"end":{"line":23,"column":29}},"14":{"start":{"line":24,"column":16},"end":{"line":24,"column":35}},"15":{"start":{"line":25,"column":2},"end":{"line":29,"column":null}},"16":{"start":{"line":26,"column":19},"end":{"line":26,"column":45}},"17":{"start":{"line":27,"column":4},"end":{"line":27,"column":null}},"18":{"start":{"line":27,"column":17},"end":{"line":27,"column":null}},"19":{"start":{"line":28,"column":4},"end":{"line":28,"column":null}},"20":{"start":{"line":29,"column":4},"end":{"line":29,"column":null}},"21":{"start":{"line":31,"column":2},"end":{"line":31,"column":null}},"22":{"start":{"line":35,"column":2},"end":{"line":35,"column":null}},"23":{"start":{"line":35,"column":40},"end":{"line":35,"column":71}},"24":{"start":{"line":39,"column":15},"end":{"line":39,"column":52}},"25":{"start":{"line":39,"column":41},"end":{"line":39,"column":50}},"26":{"start":{"line":40,"column":18},"end":{"line":40,"column":37}},"27":{"start":{"line":41,"column":2},"end":{"line":41,"column":null}},"28":{"start":{"line":41,"column":16},"end":{"line":41,"column":null}},"29":{"start":{"line":43,"column":2},"end":{"line":43,"column":null}},"30":{"start":{"line":43,"column":46},"end":{"line":43,"column":null}},"31":{"start":{"line":45,"column":20},"end":{"line":45,"column":57}},"32":{"start":{"line":46,"column":17},"end":{"line":46,"column":68}},"33":{"start":{"line":46,"column":36},"end":{"line":46,"column":50}},"34":{"start":{"line":48,"column":2},"end":{"line":61,"column":null}},"35":{"start":{"line":50,"column":19},"end":{"line":50,"column":44}},"36":{"start":{"line":51,"column":4},"end":{"line":52,"column":null}},"37":{"start":{"line":52,"column":6},"end":{"line":52,"column":null}},"38":{"start":{"line":52,"column":34},"end":{"line":52,"column":null}},"39":{"start":{"line":54,"column":4},"end":{"line":54,"column":null}},"40":{"start":{"line":57,"column":19},"end":{"line":57,"column":44}},"41":{"start":{"line":58,"column":4},"end":{"line":59,"column":null}},"42":{"start":{"line":59,"column":6},"end":{"line":59,"column":null}},"43":{"start":{"line":59,"column":34},"end":{"line":59,"column":null}},"44":{"start":{"line":61,"column":4},"end":{"line":61,"column":null}}},"fnMap":{"0":{"name":"buildProjectTree","decl":{"start":{"line":3,"column":16},"end":{"line":3,"column":33}},"loc":{"start":{"line":3,"column":73},"end":{"line":18,"column":null}},"line":3},"1":{"name":"(anonymous_1)","decl":{"start":{"line":4,"column":38},"end":{"line":4,"column":42}},"loc":{"start":{"line":4,"column":47},"end":{"line":4,"column":52}},"line":4},"2":{"name":"buildNode","decl":{"start":{"line":6,"column":11},"end":{"line":6,"column":21}},"loc":{"start":{"line":6,"column":97},"end":{"line":11,"column":null}},"line":6},"3":{"name":"(anonymous_3)","decl":{"start":{"line":8,"column":7},"end":{"line":8,"column":14}},"loc":{"start":{"line":8,"column":19},"end":{"line":8,"column":45}},"line":8},"4":{"name":"(anonymous_4)","decl":{"start":{"line":9,"column":7},"end":{"line":9,"column":13}},"loc":{"start":{"line":9,"column":22},"end":{"line":9,"column":48}},"line":9},"5":{"name":"(anonymous_5)","decl":{"start":{"line":10,"column":7},"end":{"line":10,"column":11}},"loc":{"start":{"line":10,"column":20},"end":{"line":10,"column":76}},"line":10},"6":{"name":"(anonymous_6)","decl":{"start":{"line":16,"column":5},"end":{"line":16,"column":12}},"loc":{"start":{"line":16,"column":17},"end":{"line":16,"column":67}},"line":16},"7":{"name":"(anonymous_7)","decl":{"start":{"line":17,"column":5},"end":{"line":17,"column":11}},"loc":{"start":{"line":17,"column":20},"end":{"line":17,"column":46}},"line":17},"8":{"name":"(anonymous_8)","decl":{"start":{"line":18,"column":5},"end":{"line":18,"column":9}},"loc":{"start":{"line":18,"column":14},"end":{"line":18,"column":33}},"line":18},"9":{"name":"getAncestorChain","decl":{"start":{"line":21,"column":16},"end":{"line":21,"column":33}},"loc":{"start":{"line":21,"column":84},"end":{"line":31,"column":null}},"line":21},"10":{"name":"(anonymous_10)","decl":{"start":{"line":22,"column":32},"end":{"line":22,"column":36}},"loc":{"start":{"line":22,"column":41},"end":{"line":22,"column":50}},"line":22},"11":{"name":"getActiveVars","decl":{"start":{"line":34,"column":16},"end":{"line":34,"column":30}},"loc":{"start":{"line":34,"column":58},"end":{"line":35,"column":null}},"line":34},"12":{"name":"(anonymous_12)","decl":{"start":{"line":35,"column":30},"end":{"line":35,"column":35}},"loc":{"start":{"line":35,"column":40},"end":{"line":35,"column":71}},"line":35},"13":{"name":"computeEffectiveVars","decl":{"start":{"line":38,"column":16},"end":{"line":38,"column":37}},"loc":{"start":{"line":38,"column":87},"end":{"line":61,"column":null}},"line":38},"14":{"name":"(anonymous_14)","decl":{"start":{"line":39,"column":32},"end":{"line":39,"column":36}},"loc":{"start":{"line":39,"column":41},"end":{"line":39,"column":50}},"line":39},"15":{"name":"(anonymous_15)","decl":{"start":{"line":46,"column":27},"end":{"line":46,"column":31}},"loc":{"start":{"line":46,"column":36},"end":{"line":46,"column":50}},"line":46}},"branchMap":{"0":{"loc":{"start":{"line":16,"column":17},"end":{"line":16,"column":67}},"type":"binary-expr","locations":[{"start":{"line":16,"column":17},"end":{"line":16,"column":40}},{"start":{"line":16,"column":40},"end":{"line":16,"column":67}}],"line":16},"1":{"loc":{"start":{"line":27,"column":4},"end":{"line":27,"column":null}},"type":"if","locations":[{"start":{"line":27,"column":4},"end":{"line":27,"column":null}},{"start":{},"end":{}}],"line":27},"2":{"loc":{"start":{"line":35,"column":9},"end":{"line":35,"column":83}},"type":"binary-expr","locations":[{"start":{"line":35,"column":9},"end":{"line":35,"column":81}},{"start":{"line":35,"column":81},"end":{"line":35,"column":83}}],"line":35},"3":{"loc":{"start":{"line":41,"column":2},"end":{"line":41,"column":null}},"type":"if","locations":[{"start":{"line":41,"column":2},"end":{"line":41,"column":null}},{"start":{},"end":{}}],"line":41},"4":{"loc":{"start":{"line":43,"column":2},"end":{"line":43,"column":null}},"type":"if","locations":[{"start":{"line":43,"column":2},"end":{"line":43,"column":null}},{"start":{},"end":{}}],"line":43},"5":{"loc":{"start":{"line":48,"column":2},"end":{"line":61,"column":null}},"type":"if","locations":[{"start":{"line":48,"column":2},"end":{"line":61,"column":null}},{"start":{"line":55,"column":9},"end":{"line":61,"column":null}}],"line":48}},"s":{"0":465,"1":398,"2":398,"3":450,"4":0,"5":8,"6":398,"7":465,"8":398,"9":17,"10":390,"11":4,"12":8,"13":4,"14":4,"15":4,"16":4,"17":4,"18":0,"19":4,"20":4,"21":4,"22":3,"23":4,"24":4,"25":7,"26":4,"27":4,"28":1,"29":3,"30":1,"31":2,"32":2,"33":2,"34":2,"35":1,"36":1,"37":2,"38":3,"39":1,"40":1,"41":1,"42":2,"43":2,"44":1},"f":{"0":465,"1":398,"2":398,"3":450,"4":0,"5":8,"6":398,"7":17,"8":390,"9":4,"10":8,"11":3,"12":4,"13":4,"14":7,"15":2},"b":{"0":[398,9],"1":[0,4],"2":[3,1],"3":[1,3],"4":[1,2],"5":[1,1]},"meta":{"lastBranch":6,"lastFunction":16,"lastStatement":45,"seen":{"f:3:16:3:33":0,"s:4:21:4:53":0,"f:4:38:4:42":1,"s:4:47:4:52":1,"f:6:11:6:21":2,"s:7:21:10:77":2,"f:8:7:8:14":3,"s:8:19:8:45":3,"f:9:7:9:13":4,"s:9:22:9:48":4,"f:10:7:10:11":5,"s:10:20:10:76":5,"s:11:4:11:Infinity":6,"s:15:2:18:Infinity":7,"f:16:5:16:12":6,"s:16:17:16:67":8,"b:16:17:16:40:16:40:16:67":0,"f:17:5:17:11":7,"s:17:20:17:46":9,"f:18:5:18:9":8,"s:18:14:18:33":10,"f:21:16:21:33":9,"s:22:15:22:52":11,"f:22:32:22:36":10,"s:22:41:22:50":12,"s:23:27:23:29":13,"s:24:16:24:35":14,"s:25:2:29:Infinity":15,"s:26:19:26:45":16,"b:27:4:27:Infinity:undefined:undefined:undefined:undefined":1,"s:27:4:27:Infinity":17,"s:27:17:27:Infinity":18,"s:28:4:28:Infinity":19,"s:29:4:29:Infinity":20,"s:31:2:31:Infinity":21,"f:34:16:34:30":11,"s:35:2:35:Infinity":22,"b:35:9:35:81:35:81:35:83":2,"f:35:30:35:35":12,"s:35:40:35:71":23,"f:38:16:38:37":13,"s:39:15:39:52":24,"f:39:32:39:36":14,"s:39:41:39:50":25,"s:40:18:40:37":26,"b:41:2:41:Infinity:undefined:undefined:undefined:undefined":3,"s:41:2:41:Infinity":27,"s:41:16:41:Infinity":28,"b:43:2:43:Infinity:undefined:undefined:undefined:undefined":4,"s:43:2:43:Infinity":29,"s:43:46:43:Infinity":30,"s:45:20:45:57":31,"s:46:17:46:68":32,"f:46:27:46:31":15,"s:46:36:46:50":33,"b:48:2:61:Infinity:55:9:61:Infinity":5,"s:48:2:61:Infinity":34,"s:50:19:50:44":35,"s:51:4:52:Infinity":36,"s:52:6:52:Infinity":37,"s:52:34:52:Infinity":38,"s:54:4:54:Infinity":39,"s:57:19:57:44":40,"s:58:4:59:Infinity":41,"s:59:6:59:Infinity":42,"s:59:34:59:Infinity":43,"s:61:4:61:Infinity":44}}}
}
