{"/Users/darshanaswathappa/Desktop/env-manager/src/App.tsx": {"path":"/Users/darshanaswathappa/Desktop/env-manager/src/App.tsx","statementMap":{"0":{"start":{"line":37,"column":4},"end":{"line":37,"column":null}},"1":{"start":{"line":38,"column":4},"end":{"line":38,"column":null}},"2":{"start":{"line":41,"column":4},"end":{"line":41,"column":null}},"3":{"start":{"line":44,"column":4},"end":{"line":58,"column":null}},"4":{"start":{"line":45,"column":6},"end":{"line":58,"column":null}},"5":{"start":{"line":53,"column":61},"end":{"line":53,"column":85}},"6":{"start":{"line":61,"column":4},"end":{"line":61,"column":null}},"7":{"start":{"line":65,"column":20},"end":{"line":65,"column":null}},"8":{"start":{"line":66,"column":23},"end":{"line":66,"column":null}},"9":{"start":{"line":67,"column":21},"end":{"line":67,"column":null}},"10":{"start":{"line":69,"column":38},"end":{"line":74,"column":null}},"11":{"start":{"line":77,"column":2},"end":{"line":82,"column":null}},"12":{"start":{"line":78,"column":16},"end":{"line":78,"column":50}},"13":{"start":{"line":79,"column":4},"end":{"line":79,"column":null}},"14":{"start":{"line":79,"column":14},"end":{"line":79,"column":null}},"15":{"start":{"line":80,"column":4},"end":{"line":80,"column":null}},"16":{"start":{"line":82,"column":4},"end":{"line":82,"column":null}},"17":{"start":{"line":87,"column":2},"end":{"line":87,"column":null}},"18":{"start":{"line":92,"column":19},"end":{"line":92,"column":29}},"19":{"start":{"line":93,"column":2},"end":{"line":98,"column":null}},"20":{"start":{"line":94,"column":18},"end":{"line":94,"column":59}},"21":{"start":{"line":94,"column":39},"end":{"line":94,"column":59}},"22":{"start":{"line":95,"column":4},"end":{"line":95,"column":null}},"23":{"start":{"line":95,"column":15},"end":{"line":95,"column":null}},"24":{"start":{"line":97,"column":4},"end":{"line":97,"column":null}},"25":{"start":{"line":102,"column":2},"end":{"line":122,"column":null}},"26":{"start":{"line":103,"column":16},"end":{"line":103,"column":49}},"27":{"start":{"line":104,"column":4},"end":{"line":104,"column":null}},"28":{"start":{"line":104,"column":14},"end":{"line":104,"column":null}},"29":{"start":{"line":105,"column":19},"end":{"line":105,"column":34}},"30":{"start":{"line":107,"column":4},"end":{"line":120,"column":null}},"31":{"start":{"line":107,"column":30},"end":{"line":120,"column":7}},"32":{"start":{"line":112,"column":39},"end":{"line":117,"column":9}},"33":{"start":{"line":122,"column":4},"end":{"line":122,"column":null}},"34":{"start":{"line":128,"column":20},"end":{"line":135,"column":5}},"35":{"start":{"line":128,"column":41},"end":{"line":135,"column":5}},"36":{"start":{"line":130,"column":29},"end":{"line":130,"column":65}},"37":{"start":{"line":131,"column":47},"end":{"line":134,"column":null}},"38":{"start":{"line":133,"column":33},"end":{"line":133,"column":null}},"39":{"start":{"line":136,"column":2},"end":{"line":136,"column":null}},"40":{"start":{"line":140,"column":29},"end":{"line":140,"column":84}},"41":{"start":{"line":141,"column":19},"end":{"line":141,"column":67}},"42":{"start":{"line":142,"column":21},"end":{"line":143,"column":null}},"43":{"start":{"line":143,"column":10},"end":{"line":143,"column":null}},"44":{"start":{"line":145,"column":24},"end":{"line":145,"column":73}},"45":{"start":{"line":146,"column":21},"end":{"line":146,"column":66}},"46":{"start":{"line":147,"column":22},"end":{"line":147,"column":52}},"47":{"start":{"line":148,"column":26},"end":{"line":148,"column":89}},"48":{"start":{"line":149,"column":31},"end":{"line":149,"column":73}},"49":{"start":{"line":150,"column":22},"end":{"line":150,"column":85}},"50":{"start":{"line":151,"column":23},"end":{"line":151,"column":57}},"51":{"start":{"line":152,"column":22},"end":{"line":152,"column":75}},"52":{"start":{"line":153,"column":24},"end":{"line":153,"column":59}},"53":{"start":{"line":154,"column":24},"end":{"line":154,"column":59}},"54":{"start":{"line":155,"column":27},"end":{"line":155,"column":65}},"55":{"start":{"line":156,"column":26},"end":{"line":156,"column":63}},"56":{"start":{"line":157,"column":28},"end":{"line":161,"column":17}},"57":{"start":{"line":162,"column":8},"end":{"line":162,"column":48}},"58":{"start":{"line":163,"column":8},"end":{"line":163,"column":56}},"59":{"start":{"line":164,"column":8},"end":{"line":164,"column":77}},"60":{"start":{"line":167,"column":2},"end":{"line":169,"column":null}},"61":{"start":{"line":168,"column":4},"end":{"line":168,"column":null}},"62":{"start":{"line":168,"column":30},"end":{"line":168,"column":null}},"63":{"start":{"line":171,"column":2},"end":{"line":173,"column":null}},"64":{"start":{"line":172,"column":4},"end":{"line":172,"column":null}},"65":{"start":{"line":172,"column":22},"end":{"line":172,"column":null}},"66":{"start":{"line":176,"column":2},"end":{"line":178,"column":null}},"67":{"start":{"line":177,"column":4},"end":{"line":177,"column":null}},"68":{"start":{"line":181,"column":2},"end":{"line":183,"column":null}},"69":{"start":{"line":182,"column":4},"end":{"line":182,"column":null}},"70":{"start":{"line":186,"column":2},"end":{"line":190,"column":null}},"71":{"start":{"line":187,"column":4},"end":{"line":189,"column":null}},"72":{"start":{"line":189,"column":19},"end":{"line":189,"column":46}},"73":{"start":{"line":193,"column":2},"end":{"line":222,"column":null}},"74":{"start":{"line":194,"column":4},"end":{"line":194,"column":null}},"75":{"start":{"line":194,"column":38},"end":{"line":194,"column":null}},"76":{"start":{"line":195,"column":18},"end":{"line":195,"column":null}},"77":{"start":{"line":198,"column":6},"end":{"line":198,"column":null}},"78":{"start":{"line":198,"column":36},"end":{"line":198,"column":null}},"79":{"start":{"line":199,"column":6},"end":{"line":210,"column":null}},"80":{"start":{"line":200,"column":8},"end":{"line":209,"column":null}},"81":{"start":{"line":201,"column":10},"end":{"line":208,"column":13}},"82":{"start":{"line":201,"column":27},"end":{"line":208,"column":13}},"83":{"start":{"line":203,"column":37},"end":{"line":203,"column":64}},"84":{"start":{"line":204,"column":55},"end":{"line":207,"column":null}},"85":{"start":{"line":206,"column":41},"end":{"line":206,"column":null}},"86":{"start":{"line":213,"column":4},"end":{"line":213,"column":null}},"87":{"start":{"line":214,"column":4},"end":{"line":214,"column":null}},"88":{"start":{"line":215,"column":4},"end":{"line":215,"column":null}},"89":{"start":{"line":217,"column":4},"end":{"line":220,"column":null}},"90":{"start":{"line":218,"column":6},"end":{"line":218,"column":null}},"91":{"start":{"line":219,"column":6},"end":{"line":219,"column":null}},"92":{"start":{"line":220,"column":6},"end":{"line":220,"column":null}},"93":{"start":{"line":220,"column":36},"end":{"line":220,"column":null}},"94":{"start":{"line":225,"column":2},"end":{"line":274,"column":null}},"95":{"start":{"line":227,"column":6},"end":{"line":231,"column":null}},"96":{"start":{"line":228,"column":8},"end":{"line":228,"column":null}},"97":{"start":{"line":229,"column":21},"end":{"line":229,"column":null}},"98":{"start":{"line":229,"column":42},"end":{"line":229,"column":62}},"99":{"start":{"line":230,"column":8},"end":{"line":231,"column":null}},"100":{"start":{"line":231,"column":10},"end":{"line":231,"column":null}},"101":{"start":{"line":235,"column":6},"end":{"line":244,"column":null}},"102":{"start":{"line":236,"column":8},"end":{"line":236,"column":null}},"103":{"start":{"line":237,"column":21},"end":{"line":237,"column":null}},"104":{"start":{"line":237,"column":42},"end":{"line":237,"column":62}},"105":{"start":{"line":238,"column":29},"end":{"line":238,"column":90}},"106":{"start":{"line":238,"column":64},"end":{"line":238,"column":84}},"107":{"start":{"line":239,"column":8},"end":{"line":244,"column":null}},"108":{"start":{"line":240,"column":10},"end":{"line":244,"column":null}},"109":{"start":{"line":241,"column":12},"end":{"line":241,"column":null}},"110":{"start":{"line":243,"column":12},"end":{"line":243,"column":null}},"111":{"start":{"line":244,"column":12},"end":{"line":244,"column":null}},"112":{"start":{"line":249,"column":6},"end":{"line":254,"column":null}},"113":{"start":{"line":250,"column":8},"end":{"line":250,"column":null}},"114":{"start":{"line":251,"column":21},"end":{"line":251,"column":null}},"115":{"start":{"line":251,"column":42},"end":{"line":251,"column":62}},"116":{"start":{"line":252,"column":8},"end":{"line":254,"column":null}},"117":{"start":{"line":253,"column":10},"end":{"line":253,"column":null}},"118":{"start":{"line":254,"column":10},"end":{"line":254,"column":null}},"119":{"start":{"line":258,"column":6},"end":{"line":263,"column":null}},"120":{"start":{"line":259,"column":8},"end":{"line":259,"column":null}},"121":{"start":{"line":260,"column":21},"end":{"line":260,"column":null}},"122":{"start":{"line":260,"column":42},"end":{"line":260,"column":62}},"123":{"start":{"line":261,"column":8},"end":{"line":263,"column":null}},"124":{"start":{"line":262,"column":10},"end":{"line":262,"column":null}},"125":{"start":{"line":263,"column":10},"end":{"line":263,"column":null}},"126":{"start":{"line":267,"column":6},"end":{"line":269,"column":null}},"127":{"start":{"line":268,"column":8},"end":{"line":268,"column":null}},"128":{"start":{"line":268,"column":30},"end":{"line":268,"column":null}},"129":{"start":{"line":269,"column":8},"end":{"line":269,"column":null}},"130":{"start":{"line":269,"column":29},"end":{"line":269,"column":null}},"131":{"start":{"line":272,"column":4},"end":{"line":272,"column":null}},"132":{"start":{"line":273,"column":4},"end":{"line":273,"column":null}},"133":{"start":{"line":273,"column":17},"end":{"line":273,"column":71}},"134":{"start":{"line":277,"column":2},"end":{"line":301,"column":null}},"135":{"start":{"line":278,"column":20},"end":{"line":278,"column":null}},"136":{"start":{"line":280,"column":6},"end":{"line":293,"column":null}},"137":{"start":{"line":281,"column":8},"end":{"line":281,"column":null}},"138":{"start":{"line":281,"column":23},"end":{"line":281,"column":null}},"139":{"start":{"line":282,"column":8},"end":{"line":293,"column":null}},"140":{"start":{"line":283,"column":45},"end":{"line":283,"column":47}},"141":{"start":{"line":284,"column":10},"end":{"line":286,"column":null}},"142":{"start":{"line":285,"column":25},"end":{"line":285,"column":69}},"143":{"start":{"line":286,"column":12},"end":{"line":286,"column":null}},"144":{"start":{"line":288,"column":10},"end":{"line":288,"column":null}},"145":{"start":{"line":288,"column":25},"end":{"line":288,"column":null}},"146":{"start":{"line":289,"column":29},"end":{"line":289,"column":94}},"147":{"start":{"line":289,"column":51},"end":{"line":289,"column":82}},"148":{"start":{"line":290,"column":10},"end":{"line":292,"column":null}},"149":{"start":{"line":291,"column":12},"end":{"line":291,"column":110}},"150":{"start":{"line":291,"column":29},"end":{"line":291,"column":110}},"151":{"start":{"line":298,"column":4},"end":{"line":298,"column":null}},"152":{"start":{"line":299,"column":4},"end":{"line":299,"column":null}},"153":{"start":{"line":299,"column":19},"end":{"line":299,"column":null}},"154":{"start":{"line":304,"column":2},"end":{"line":317,"column":null}},"155":{"start":{"line":305,"column":4},"end":{"line":305,"column":null}},"156":{"start":{"line":306,"column":4},"end":{"line":306,"column":null}},"157":{"start":{"line":307,"column":4},"end":{"line":307,"column":null}},"158":{"start":{"line":308,"column":20},"end":{"line":308,"column":61}},"159":{"start":{"line":308,"column":41},"end":{"line":308,"column":61}},"160":{"start":{"line":309,"column":4},"end":{"line":311,"column":null}},"161":{"start":{"line":310,"column":6},"end":{"line":310,"column":null}},"162":{"start":{"line":311,"column":6},"end":{"line":311,"column":null}},"163":{"start":{"line":313,"column":4},"end":{"line":315,"column":null}},"164":{"start":{"line":315,"column":19},"end":{"line":315,"column":53}},"165":{"start":{"line":320,"column":8},"end":{"line":368,"column":8}},"166":{"start":{"line":321,"column":4},"end":{"line":365,"column":null}},"167":{"start":{"line":322,"column":23},"end":{"line":326,"column":8}},"168":{"start":{"line":327,"column":6},"end":{"line":327,"column":null}},"169":{"start":{"line":327,"column":21},"end":{"line":327,"column":null}},"170":{"start":{"line":328,"column":22},"end":{"line":328,"column":null}},"171":{"start":{"line":329,"column":23},"end":{"line":329,"column":61}},"172":{"start":{"line":330,"column":19},"end":{"line":330,"column":null}},"173":{"start":{"line":332,"column":23},"end":{"line":332,"column":78}},"174":{"start":{"line":332,"column":75},"end":{"line":332,"column":77}},"175":{"start":{"line":333,"column":42},"end":{"line":336,"column":null}},"176":{"start":{"line":334,"column":22},"end":{"line":334,"column":63}},"177":{"start":{"line":334,"column":43},"end":{"line":334,"column":63}},"178":{"start":{"line":335,"column":8},"end":{"line":335,"column":null}},"179":{"start":{"line":337,"column":25},"end":{"line":337,"column":52}},"180":{"start":{"line":338,"column":34},"end":{"line":348,"column":null}},"181":{"start":{"line":350,"column":6},"end":{"line":356,"column":null}},"182":{"start":{"line":358,"column":6},"end":{"line":360,"column":null}},"183":{"start":{"line":359,"column":8},"end":{"line":360,"column":null}},"184":{"start":{"line":360,"column":10},"end":{"line":360,"column":null}},"185":{"start":{"line":363,"column":6},"end":{"line":363,"column":null}},"186":{"start":{"line":363,"column":28},"end":{"line":363,"column":49}},"187":{"start":{"line":364,"column":6},"end":{"line":364,"column":null}},"188":{"start":{"line":370,"column":8},"end":{"line":420,"column":null}},"189":{"start":{"line":372,"column":6},"end":{"line":416,"column":null}},"190":{"start":{"line":373,"column":25},"end":{"line":377,"column":10}},"191":{"start":{"line":378,"column":8},"end":{"line":378,"column":null}},"192":{"start":{"line":378,"column":23},"end":{"line":378,"column":null}},"193":{"start":{"line":379,"column":24},"end":{"line":379,"column":null}},"194":{"start":{"line":380,"column":25},"end":{"line":380,"column":63}},"195":{"start":{"line":381,"column":21},"end":{"line":381,"column":null}},"196":{"start":{"line":382,"column":23},"end":{"line":382,"column":62}},"197":{"start":{"line":382,"column":44},"end":{"line":382,"column":62}},"198":{"start":{"line":384,"column":25},"end":{"line":384,"column":80}},"199":{"start":{"line":384,"column":77},"end":{"line":384,"column":79}},"200":{"start":{"line":385,"column":44},"end":{"line":388,"column":null}},"201":{"start":{"line":386,"column":24},"end":{"line":386,"column":65}},"202":{"start":{"line":386,"column":45},"end":{"line":386,"column":65}},"203":{"start":{"line":387,"column":10},"end":{"line":387,"column":null}},"204":{"start":{"line":389,"column":27},"end":{"line":389,"column":54}},"205":{"start":{"line":390,"column":36},"end":{"line":400,"column":null}},"206":{"start":{"line":401,"column":8},"end":{"line":407,"column":null}},"207":{"start":{"line":409,"column":8},"end":{"line":411,"column":null}},"208":{"start":{"line":410,"column":10},"end":{"line":411,"column":null}},"209":{"start":{"line":411,"column":12},"end":{"line":411,"column":null}},"210":{"start":{"line":414,"column":8},"end":{"line":414,"column":null}},"211":{"start":{"line":414,"column":30},"end":{"line":414,"column":51}},"212":{"start":{"line":415,"column":8},"end":{"line":415,"column":null}},"213":{"start":{"line":423,"column":8},"end":{"line":425,"column":8}},"214":{"start":{"line":424,"column":4},"end":{"line":424,"column":null}},"215":{"start":{"line":427,"column":8},"end":{"line":437,"column":8}},"216":{"start":{"line":428,"column":4},"end":{"line":428,"column":null}},"217":{"start":{"line":429,"column":4},"end":{"line":436,"column":null}},"218":{"start":{"line":430,"column":22},"end":{"line":430,"column":53}},"219":{"start":{"line":430,"column":41},"end":{"line":430,"column":53}},"220":{"start":{"line":431,"column":6},"end":{"line":434,"column":null}},"221":{"start":{"line":432,"column":8},"end":{"line":432,"column":null}},"222":{"start":{"line":432,"column":24},"end":{"line":432,"column":null}},"223":{"start":{"line":433,"column":8},"end":{"line":433,"column":null}},"224":{"start":{"line":435,"column":6},"end":{"line":435,"column":null}},"225":{"start":{"line":440,"column":8},"end":{"line":459,"column":null}},"226":{"start":{"line":442,"column":6},"end":{"line":442,"column":null}},"227":{"start":{"line":442,"column":23},"end":{"line":442,"column":null}},"228":{"start":{"line":443,"column":6},"end":{"line":457,"column":null}},"229":{"start":{"line":444,"column":8},"end":{"line":456,"column":null}},"230":{"start":{"line":445,"column":10},"end":{"line":445,"column":null}},"231":{"start":{"line":445,"column":35},"end":{"line":445,"column":null}},"232":{"start":{"line":446,"column":26},"end":{"line":447,"column":null}},"233":{"start":{"line":447,"column":12},"end":{"line":447,"column":null}},"234":{"start":{"line":449,"column":10},"end":{"line":455,"column":null}},"235":{"start":{"line":453,"column":14},"end":{"line":453,"column":null}},"236":{"start":{"line":462,"column":8},"end":{"line":485,"column":18}},"237":{"start":{"line":463,"column":4},"end":{"line":463,"column":null}},"238":{"start":{"line":463,"column":21},"end":{"line":463,"column":null}},"239":{"start":{"line":464,"column":27},"end":{"line":470,"column":null}},"240":{"start":{"line":471,"column":4},"end":{"line":483,"column":null}},"241":{"start":{"line":472,"column":6},"end":{"line":482,"column":null}},"242":{"start":{"line":473,"column":8},"end":{"line":473,"column":null}},"243":{"start":{"line":473,"column":33},"end":{"line":473,"column":null}},"244":{"start":{"line":474,"column":24},"end":{"line":474,"column":43}},"245":{"start":{"line":475,"column":8},"end":{"line":481,"column":null}},"246":{"start":{"line":479,"column":12},"end":{"line":479,"column":null}},"247":{"start":{"line":484,"column":4},"end":{"line":484,"column":null}},"248":{"start":{"line":487,"column":8},"end":{"line":511,"column":null}},"249":{"start":{"line":489,"column":6},"end":{"line":489,"column":null}},"250":{"start":{"line":489,"column":23},"end":{"line":489,"column":null}},"251":{"start":{"line":490,"column":6},"end":{"line":508,"column":null}},"252":{"start":{"line":491,"column":24},"end":{"line":501,"column":null}},"253":{"start":{"line":492,"column":10},"end":{"line":492,"column":null}},"254":{"start":{"line":492,"column":35},"end":{"line":492,"column":null}},"255":{"start":{"line":493,"column":26},"end":{"line":493,"column":62}},"256":{"start":{"line":493,"column":47},"end":{"line":493,"column":62}},"257":{"start":{"line":494,"column":10},"end":{"line":500,"column":null}},"258":{"start":{"line":498,"column":14},"end":{"line":498,"column":null}},"259":{"start":{"line":502,"column":24},"end":{"line":502,"column":64}},"260":{"start":{"line":502,"column":44},"end":{"line":502,"column":64}},"261":{"start":{"line":503,"column":8},"end":{"line":505,"column":null}},"262":{"start":{"line":504,"column":28},"end":{"line":504,"column":75}},"263":{"start":{"line":504,"column":55},"end":{"line":504,"column":75}},"264":{"start":{"line":505,"column":10},"end":{"line":505,"column":null}},"265":{"start":{"line":507,"column":8},"end":{"line":507,"column":null}},"266":{"start":{"line":509,"column":6},"end":{"line":509,"column":null}},"267":{"start":{"line":509,"column":33},"end":{"line":509,"column":61}},"268":{"start":{"line":514,"column":8},"end":{"line":533,"column":null}},"269":{"start":{"line":516,"column":6},"end":{"line":516,"column":null}},"270":{"start":{"line":516,"column":23},"end":{"line":516,"column":null}},"271":{"start":{"line":517,"column":6},"end":{"line":531,"column":null}},"272":{"start":{"line":518,"column":8},"end":{"line":530,"column":null}},"273":{"start":{"line":519,"column":10},"end":{"line":519,"column":null}},"274":{"start":{"line":519,"column":35},"end":{"line":519,"column":null}},"275":{"start":{"line":520,"column":26},"end":{"line":521,"column":null}},"276":{"start":{"line":521,"column":12},"end":{"line":521,"column":null}},"277":{"start":{"line":523,"column":10},"end":{"line":529,"column":null}},"278":{"start":{"line":527,"column":14},"end":{"line":527,"column":null}},"279":{"start":{"line":536,"column":8},"end":{"line":568,"column":28}},"280":{"start":{"line":537,"column":20},"end":{"line":537,"column":61}},"281":{"start":{"line":537,"column":41},"end":{"line":537,"column":61}},"282":{"start":{"line":538,"column":4},"end":{"line":538,"column":null}},"283":{"start":{"line":538,"column":50},"end":{"line":538,"column":null}},"284":{"start":{"line":540,"column":4},"end":{"line":540,"column":null}},"285":{"start":{"line":541,"column":22},"end":{"line":541,"column":69}},"286":{"start":{"line":541,"column":49},"end":{"line":541,"column":69}},"287":{"start":{"line":542,"column":4},"end":{"line":542,"column":null}},"288":{"start":{"line":544,"column":20},"end":{"line":544,"column":76}},"289":{"start":{"line":544,"column":73},"end":{"line":544,"column":75}},"290":{"start":{"line":546,"column":4},"end":{"line":557,"column":null}},"291":{"start":{"line":547,"column":6},"end":{"line":555,"column":null}},"292":{"start":{"line":548,"column":8},"end":{"line":555,"column":null}},"293":{"start":{"line":553,"column":12},"end":{"line":553,"column":null}},"294":{"start":{"line":559,"column":4},"end":{"line":562,"column":null}},"295":{"start":{"line":560,"column":6},"end":{"line":562,"column":null}},"296":{"start":{"line":565,"column":4},"end":{"line":565,"column":null}},"297":{"start":{"line":566,"column":4},"end":{"line":566,"column":null}},"298":{"start":{"line":567,"column":4},"end":{"line":567,"column":null}},"299":{"start":{"line":571,"column":8},"end":{"line":574,"column":8}},"300":{"start":{"line":572,"column":4},"end":{"line":572,"column":null}},"301":{"start":{"line":573,"column":4},"end":{"line":573,"column":null}},"302":{"start":{"line":576,"column":8},"end":{"line":581,"column":16}},"303":{"start":{"line":577,"column":4},"end":{"line":577,"column":null}},"304":{"start":{"line":577,"column":22},"end":{"line":577,"column":67}},"305":{"start":{"line":578,"column":4},"end":{"line":578,"column":null}},"306":{"start":{"line":579,"column":4},"end":{"line":579,"column":null}},"307":{"start":{"line":580,"column":4},"end":{"line":580,"column":null}},"308":{"start":{"line":584,"column":8},"end":{"line":598,"column":28}},"309":{"start":{"line":585,"column":20},"end":{"line":585,"column":61}},"310":{"start":{"line":585,"column":41},"end":{"line":585,"column":61}},"311":{"start":{"line":586,"column":4},"end":{"line":586,"column":null}},"312":{"start":{"line":586,"column":18},"end":{"line":586,"column":null}},"313":{"start":{"line":587,"column":4},"end":{"line":587,"column":null}},"314":{"start":{"line":588,"column":4},"end":{"line":596,"column":null}},"315":{"start":{"line":589,"column":25},"end":{"line":589,"column":72}},"316":{"start":{"line":589,"column":52},"end":{"line":589,"column":72}},"317":{"start":{"line":590,"column":6},"end":{"line":590,"column":null}},"318":{"start":{"line":591,"column":6},"end":{"line":591,"column":null}},"319":{"start":{"line":592,"column":6},"end":{"line":592,"column":null}},"320":{"start":{"line":592,"column":23},"end":{"line":592,"column":44}},"321":{"start":{"line":595,"column":6},"end":{"line":595,"column":null}},"322":{"start":{"line":596,"column":6},"end":{"line":596,"column":null}},"323":{"start":{"line":596,"column":23},"end":{"line":596,"column":44}},"324":{"start":{"line":601,"column":8},"end":{"line":615,"column":null}},"325":{"start":{"line":603,"column":6},"end":{"line":603,"column":null}},"326":{"start":{"line":603,"column":23},"end":{"line":603,"column":null}},"327":{"start":{"line":604,"column":6},"end":{"line":609,"column":null}},"328":{"start":{"line":605,"column":8},"end":{"line":608,"column":null}},"329":{"start":{"line":606,"column":10},"end":{"line":606,"column":null}},"330":{"start":{"line":606,"column":35},"end":{"line":606,"column":null}},"331":{"start":{"line":607,"column":10},"end":{"line":607,"column":null}},"332":{"start":{"line":610,"column":6},"end":{"line":610,"column":null}},"333":{"start":{"line":611,"column":6},"end":{"line":612,"column":null}},"334":{"start":{"line":612,"column":8},"end":{"line":612,"column":null}},"335":{"start":{"line":619,"column":8},"end":{"line":632,"column":null}},"336":{"start":{"line":621,"column":6},"end":{"line":621,"column":null}},"337":{"start":{"line":621,"column":23},"end":{"line":621,"column":null}},"338":{"start":{"line":622,"column":6},"end":{"line":627,"column":null}},"339":{"start":{"line":623,"column":8},"end":{"line":626,"column":null}},"340":{"start":{"line":624,"column":10},"end":{"line":624,"column":null}},"341":{"start":{"line":624,"column":35},"end":{"line":624,"column":null}},"342":{"start":{"line":625,"column":10},"end":{"line":625,"column":null}},"343":{"start":{"line":628,"column":6},"end":{"line":629,"column":null}},"344":{"start":{"line":629,"column":8},"end":{"line":629,"column":null}},"345":{"start":{"line":636,"column":8},"end":{"line":651,"column":18}},"346":{"start":{"line":637,"column":4},"end":{"line":637,"column":null}},"347":{"start":{"line":637,"column":21},"end":{"line":637,"column":null}},"348":{"start":{"line":638,"column":4},"end":{"line":649,"column":null}},"349":{"start":{"line":639,"column":6},"end":{"line":648,"column":null}},"350":{"start":{"line":640,"column":8},"end":{"line":640,"column":null}},"351":{"start":{"line":640,"column":33},"end":{"line":640,"column":null}},"352":{"start":{"line":641,"column":8},"end":{"line":647,"column":null}},"353":{"start":{"line":645,"column":12},"end":{"line":645,"column":null}},"354":{"start":{"line":650,"column":4},"end":{"line":650,"column":null}},"355":{"start":{"line":654,"column":26},"end":{"line":654,"column":null}},"356":{"start":{"line":654,"column":47},"end":{"line":654,"column":67}},"357":{"start":{"line":656,"column":4},"end":{"line":656,"column":null}},"358":{"start":{"line":656,"column":38},"end":{"line":656,"column":61}},"359":{"start":{"line":657,"column":8},"end":{"line":657,"column":67}},"360":{"start":{"line":660,"column":2},"end":{"line":664,"column":null}},"361":{"start":{"line":661,"column":4},"end":{"line":664,"column":null}},"362":{"start":{"line":663,"column":38},"end":{"line":663,"column":65}},"363":{"start":{"line":668,"column":2},"end":{"line":889,"column":null}},"364":{"start":{"line":678,"column":38},"end":{"line":678,"column":67}},"365":{"start":{"line":679,"column":30},"end":{"line":679,"column":null}},"366":{"start":{"line":707,"column":40},"end":{"line":707,"column":69}},"367":{"start":{"line":708,"column":62},"end":{"line":708,"column":84}},"368":{"start":{"line":710,"column":56},"end":{"line":710,"column":74}},"369":{"start":{"line":711,"column":24},"end":{"line":711,"column":49}},"370":{"start":{"line":711,"column":49},"end":{"line":711,"column":null}},"371":{"start":{"line":735,"column":25},"end":{"line":735,"column":55}},"372":{"start":{"line":736,"column":30},"end":{"line":736,"column":null}},"373":{"start":{"line":736,"column":54},"end":{"line":736,"column":null}},"374":{"start":{"line":747,"column":28},"end":{"line":747,"column":47}},"375":{"start":{"line":750,"column":29},"end":{"line":750,"column":59}},"376":{"start":{"line":764,"column":25},"end":{"line":764,"column":47}},"377":{"start":{"line":765,"column":30},"end":{"line":765,"column":null}},"378":{"start":{"line":765,"column":54},"end":{"line":765,"column":null}},"379":{"start":{"line":776,"column":28},"end":{"line":776,"column":47}},"380":{"start":{"line":779,"column":29},"end":{"line":779,"column":51}},"381":{"start":{"line":803,"column":25},"end":{"line":803,"column":48}},"382":{"start":{"line":804,"column":30},"end":{"line":804,"column":null}},"383":{"start":{"line":804,"column":54},"end":{"line":804,"column":null}},"384":{"start":{"line":809,"column":31},"end":{"line":809,"column":50}},"385":{"start":{"line":813,"column":29},"end":{"line":813,"column":52}},"386":{"start":{"line":828,"column":25},"end":{"line":828,"column":48}},"387":{"start":{"line":829,"column":30},"end":{"line":829,"column":null}},"388":{"start":{"line":829,"column":54},"end":{"line":829,"column":null}},"389":{"start":{"line":834,"column":31},"end":{"line":834,"column":50}},"390":{"start":{"line":838,"column":29},"end":{"line":838,"column":52}},"391":{"start":{"line":853,"column":25},"end":{"line":853,"column":51}},"392":{"start":{"line":857,"column":31},"end":{"line":857,"column":50}},"393":{"start":{"line":860,"column":29},"end":{"line":860,"column":55}},"394":{"start":{"line":875,"column":25},"end":{"line":875,"column":50}},"395":{"start":{"line":879,"column":31},"end":{"line":879,"column":50}},"396":{"start":{"line":882,"column":29},"end":{"line":882,"column":54}},"397":{"start":{"line":883,"column":36},"end":{"line":883,"column":null}}},"fnMap":{"0":{"name":"(anonymous_0)","decl":{"start":{"line":36,"column":2},"end":{"line":36,"column":14}},"loc":{"start":{"line":36,"column":46},"end":{"line":38,"column":null}},"line":36},"1":{"name":"(anonymous_1)","decl":{"start":{"line":40,"column":9},"end":{"line":40,"column":59}},"loc":{"start":{"line":40,"column":59},"end":{"line":41,"column":null}},"line":40},"2":{"name":"(anonymous_2)","decl":{"start":{"line":43,"column":2},"end":{"line":43,"column":11}},"loc":{"start":{"line":43,"column":11},"end":{"line":61,"column":null}},"line":43},"3":{"name":"(anonymous_3)","decl":{"start":{"line":53,"column":46},"end":{"line":53,"column":61}},"loc":{"start":{"line":53,"column":61},"end":{"line":53,"column":85}},"line":53},"4":{"name":"loadSettings","decl":{"start":{"line":76,"column":9},"end":{"line":76,"column":37}},"loc":{"start":{"line":76,"column":37},"end":{"line":82,"column":null}},"line":76},"5":{"name":"isOnboardingComplete","decl":{"start":{"line":86,"column":9},"end":{"line":86,"column":41}},"loc":{"start":{"line":86,"column":41},"end":{"line":87,"column":null}},"line":86},"6":{"name":"ensureAllEnvironments","decl":{"start":{"line":91,"column":9},"end":{"line":91,"column":31}},"loc":{"start":{"line":91,"column":103},"end":{"line":98,"column":null}},"line":91},"7":{"name":"(anonymous_7)","decl":{"start":{"line":93,"column":22},"end":{"line":93,"column":27}},"loc":{"start":{"line":93,"column":38},"end":{"line":98,"column":null}},"line":93},"8":{"name":"(anonymous_8)","decl":{"start":{"line":94,"column":27},"end":{"line":94,"column":33}},"loc":{"start":{"line":94,"column":39},"end":{"line":94,"column":59}},"line":94},"9":{"name":"loadProjects","decl":{"start":{"line":101,"column":9},"end":{"line":101,"column":35}},"loc":{"start":{"line":101,"column":35},"end":{"line":122,"column":null}},"line":101},"10":{"name":"(anonymous_10)","decl":{"start":{"line":107,"column":18},"end":{"line":107,"column":23}},"loc":{"start":{"line":107,"column":30},"end":{"line":120,"column":7}},"line":107},"11":{"name":"(anonymous_11)","decl":{"start":{"line":112,"column":27},"end":{"line":112,"column":32}},"loc":{"start":{"line":112,"column":39},"end":{"line":117,"column":9}},"line":112},"12":{"name":"persistProjects","decl":{"start":{"line":126,"column":9},"end":{"line":126,"column":25}},"loc":{"start":{"line":126,"column":52},"end":{"line":136,"column":null}},"line":126},"13":{"name":"(anonymous_13)","decl":{"start":{"line":128,"column":29},"end":{"line":128,"column":34}},"loc":{"start":{"line":128,"column":41},"end":{"line":135,"column":5}},"line":128},"14":{"name":"(anonymous_14)","decl":{"start":{"line":130,"column":17},"end":{"line":130,"column":22}},"loc":{"start":{"line":130,"column":29},"end":{"line":130,"column":65}},"line":130},"15":{"name":"(anonymous_15)","decl":{"start":{"line":131,"column":33},"end":{"line":131,"column":38}},"loc":{"start":{"line":131,"column":47},"end":{"line":134,"column":null}},"line":131},"16":{"name":"(anonymous_16)","decl":{"start":{"line":133,"column":21},"end":{"line":133,"column":26}},"loc":{"start":{"line":133,"column":33},"end":{"line":133,"column":null}},"line":133},"17":{"name":"App","decl":{"start":{"line":139,"column":24},"end":{"line":139,"column":30}},"loc":{"start":{"line":139,"column":30},"end":{"line":889,"column":null}},"line":139},"18":{"name":"(anonymous_18)","decl":{"start":{"line":142,"column":38},"end":{"line":142,"column":null}},"loc":{"start":{"line":143,"column":10},"end":{"line":143,"column":null}},"line":143},"19":{"name":"(anonymous_19)","decl":{"start":{"line":167,"column":2},"end":{"line":167,"column":18}},"loc":{"start":{"line":167,"column":18},"end":{"line":169,"column":6}},"line":167},"20":{"name":"(anonymous_20)","decl":{"start":{"line":171,"column":2},"end":{"line":171,"column":18}},"loc":{"start":{"line":171,"column":18},"end":{"line":173,"column":6}},"line":171},"21":{"name":"(anonymous_21)","decl":{"start":{"line":176,"column":2},"end":{"line":176,"column":18}},"loc":{"start":{"line":176,"column":18},"end":{"line":178,"column":6}},"line":176},"22":{"name":"(anonymous_22)","decl":{"start":{"line":181,"column":2},"end":{"line":181,"column":18}},"loc":{"start":{"line":181,"column":18},"end":{"line":183,"column":6}},"line":181},"23":{"name":"(anonymous_23)","decl":{"start":{"line":186,"column":2},"end":{"line":186,"column":18}},"loc":{"start":{"line":186,"column":18},"end":{"line":190,"column":6}},"line":186},"24":{"name":"(anonymous_24)","decl":{"start":{"line":189,"column":7},"end":{"line":189,"column":19}},"loc":{"start":{"line":189,"column":19},"end":{"line":189,"column":46}},"line":189},"25":{"name":"(anonymous_25)","decl":{"start":{"line":193,"column":2},"end":{"line":193,"column":18}},"loc":{"start":{"line":193,"column":18},"end":{"line":222,"column":6}},"line":193},"26":{"name":"resetTimer","decl":{"start":{"line":197,"column":13},"end":{"line":197,"column":26}},"loc":{"start":{"line":197,"column":26},"end":{"line":210,"column":null}},"line":197},"27":{"name":"(anonymous_27)","decl":{"start":{"line":199,"column":33},"end":{"line":199,"column":50}},"loc":{"start":{"line":199,"column":50},"end":{"line":210,"column":15}},"line":199},"28":{"name":"(anonymous_28)","decl":{"start":{"line":200,"column":8},"end":{"line":200,"column":21}},"loc":{"start":{"line":201,"column":10},"end":{"line":208,"column":13}},"line":201},"29":{"name":"(anonymous_29)","decl":{"start":{"line":201,"column":15},"end":{"line":201,"column":20}},"loc":{"start":{"line":201,"column":27},"end":{"line":208,"column":13}},"line":201},"30":{"name":"(anonymous_30)","decl":{"start":{"line":203,"column":25},"end":{"line":203,"column":30}},"loc":{"start":{"line":203,"column":37},"end":{"line":203,"column":64}},"line":203},"31":{"name":"(anonymous_31)","decl":{"start":{"line":204,"column":41},"end":{"line":204,"column":46}},"loc":{"start":{"line":204,"column":55},"end":{"line":207,"column":null}},"line":204},"32":{"name":"(anonymous_32)","decl":{"start":{"line":206,"column":29},"end":{"line":206,"column":34}},"loc":{"start":{"line":206,"column":41},"end":{"line":206,"column":null}},"line":206},"33":{"name":"(anonymous_33)","decl":{"start":{"line":217,"column":4},"end":{"line":217,"column":17}},"loc":{"start":{"line":217,"column":17},"end":{"line":220,"column":null}},"line":217},"34":{"name":"(anonymous_34)","decl":{"start":{"line":225,"column":2},"end":{"line":225,"column":18}},"loc":{"start":{"line":225,"column":18},"end":{"line":274,"column":6}},"line":225},"35":{"name":"handleKeyDown","decl":{"start":{"line":226,"column":13},"end":{"line":226,"column":27}},"loc":{"start":{"line":226,"column":45},"end":{"line":269,"column":null}},"line":226},"36":{"name":"(anonymous_36)","decl":{"start":{"line":229,"column":30},"end":{"line":229,"column":36}},"loc":{"start":{"line":229,"column":42},"end":{"line":229,"column":62}},"line":229},"37":{"name":"(anonymous_37)","decl":{"start":{"line":237,"column":30},"end":{"line":237,"column":36}},"loc":{"start":{"line":237,"column":42},"end":{"line":237,"column":62}},"line":237},"38":{"name":"(anonymous_38)","decl":{"start":{"line":238,"column":48},"end":{"line":238,"column":56}},"loc":{"start":{"line":238,"column":64},"end":{"line":238,"column":84}},"line":238},"39":{"name":"(anonymous_39)","decl":{"start":{"line":251,"column":30},"end":{"line":251,"column":36}},"loc":{"start":{"line":251,"column":42},"end":{"line":251,"column":62}},"line":251},"40":{"name":"(anonymous_40)","decl":{"start":{"line":260,"column":30},"end":{"line":260,"column":36}},"loc":{"start":{"line":260,"column":42},"end":{"line":260,"column":62}},"line":260},"41":{"name":"(anonymous_41)","decl":{"start":{"line":273,"column":4},"end":{"line":273,"column":17}},"loc":{"start":{"line":273,"column":17},"end":{"line":273,"column":71}},"line":273},"42":{"name":"(anonymous_42)","decl":{"start":{"line":277,"column":2},"end":{"line":277,"column":18}},"loc":{"start":{"line":277,"column":18},"end":{"line":301,"column":7}},"line":277},"43":{"name":"loadAllVars","decl":{"start":{"line":279,"column":19},"end":{"line":279,"column":33}},"loc":{"start":{"line":279,"column":33},"end":{"line":293,"column":null}},"line":279},"44":{"name":"(anonymous_44)","decl":{"start":{"line":289,"column":41},"end":{"line":289,"column":46}},"loc":{"start":{"line":289,"column":51},"end":{"line":289,"column":82}},"line":289},"45":{"name":"(anonymous_45)","decl":{"start":{"line":290,"column":10},"end":{"line":290,"column":23}},"loc":{"start":{"line":291,"column":12},"end":{"line":291,"column":110}},"line":291},"46":{"name":"(anonymous_46)","decl":{"start":{"line":291,"column":17},"end":{"line":291,"column":22}},"loc":{"start":{"line":291,"column":29},"end":{"line":291,"column":110}},"line":291},"47":{"name":"(anonymous_47)","decl":{"start":{"line":299,"column":4},"end":{"line":299,"column":17}},"loc":{"start":{"line":299,"column":17},"end":{"line":299,"column":null}},"line":299},"48":{"name":"(anonymous_48)","decl":{"start":{"line":304,"column":2},"end":{"line":304,"column":18}},"loc":{"start":{"line":304,"column":18},"end":{"line":317,"column":6}},"line":304},"49":{"name":"(anonymous_49)","decl":{"start":{"line":308,"column":29},"end":{"line":308,"column":35}},"loc":{"start":{"line":308,"column":41},"end":{"line":308,"column":61}},"line":308},"50":{"name":"(anonymous_50)","decl":{"start":{"line":315,"column":7},"end":{"line":315,"column":19}},"loc":{"start":{"line":315,"column":19},"end":{"line":315,"column":53}},"line":315},"51":{"name":"(anonymous_51)","decl":{"start":{"line":320,"column":33},"end":{"line":320,"column":45}},"loc":{"start":{"line":320,"column":45},"end":{"line":368,"column":7}},"line":320},"52":{"name":"(anonymous_52)","decl":{"start":{"line":332,"column":63},"end":{"line":332,"column":75}},"loc":{"start":{"line":332,"column":75},"end":{"line":332,"column":77}},"line":332},"53":{"name":"(anonymous_53)","decl":{"start":{"line":333,"column":55},"end":{"line":333,"column":60}},"loc":{"start":{"line":333,"column":71},"end":{"line":336,"column":null}},"line":333},"54":{"name":"(anonymous_54)","decl":{"start":{"line":334,"column":31},"end":{"line":334,"column":37}},"loc":{"start":{"line":334,"column":43},"end":{"line":334,"column":63}},"line":334},"55":{"name":"(anonymous_55)","decl":{"start":{"line":356,"column":9},"end":{"line":356,"column":21}},"loc":{"start":{"line":356,"column":21},"end":{"line":356,"column":24}},"line":356},"56":{"name":"(anonymous_56)","decl":{"start":{"line":360,"column":68},"end":{"line":360,"column":80}},"loc":{"start":{"line":360,"column":80},"end":{"line":360,"column":83}},"line":360},"57":{"name":"(anonymous_57)","decl":{"start":{"line":363,"column":6},"end":{"line":363,"column":19}},"loc":{"start":{"line":363,"column":28},"end":{"line":363,"column":49}},"line":363},"58":{"name":"(anonymous_58)","decl":{"start":{"line":371,"column":4},"end":{"line":371,"column":11}},"loc":{"start":{"line":371,"column":32},"end":{"line":420,"column":5}},"line":371},"59":{"name":"(anonymous_59)","decl":{"start":{"line":382,"column":32},"end":{"line":382,"column":38}},"loc":{"start":{"line":382,"column":44},"end":{"line":382,"column":62}},"line":382},"60":{"name":"(anonymous_60)","decl":{"start":{"line":384,"column":65},"end":{"line":384,"column":77}},"loc":{"start":{"line":384,"column":77},"end":{"line":384,"column":79}},"line":384},"61":{"name":"(anonymous_61)","decl":{"start":{"line":385,"column":57},"end":{"line":385,"column":62}},"loc":{"start":{"line":385,"column":73},"end":{"line":388,"column":null}},"line":385},"62":{"name":"(anonymous_62)","decl":{"start":{"line":386,"column":33},"end":{"line":386,"column":39}},"loc":{"start":{"line":386,"column":45},"end":{"line":386,"column":65}},"line":386},"63":{"name":"(anonymous_63)","decl":{"start":{"line":407,"column":11},"end":{"line":407,"column":23}},"loc":{"start":{"line":407,"column":23},"end":{"line":407,"column":26}},"line":407},"64":{"name":"(anonymous_64)","decl":{"start":{"line":411,"column":70},"end":{"line":411,"column":82}},"loc":{"start":{"line":411,"column":82},"end":{"line":411,"column":85}},"line":411},"65":{"name":"(anonymous_65)","decl":{"start":{"line":414,"column":8},"end":{"line":414,"column":21}},"loc":{"start":{"line":414,"column":30},"end":{"line":414,"column":51}},"line":414},"66":{"name":"(anonymous_66)","decl":{"start":{"line":423,"column":24},"end":{"line":423,"column":37}},"loc":{"start":{"line":423,"column":52},"end":{"line":425,"column":7}},"line":423},"67":{"name":"(anonymous_67)","decl":{"start":{"line":427,"column":24},"end":{"line":427,"column":37}},"loc":{"start":{"line":427,"column":52},"end":{"line":437,"column":7}},"line":427},"68":{"name":"(anonymous_68)","decl":{"start":{"line":428,"column":26},"end":{"line":428,"column":38}},"loc":{"start":{"line":428,"column":38},"end":{"line":428,"column":41}},"line":428},"69":{"name":"(anonymous_69)","decl":{"start":{"line":429,"column":4},"end":{"line":429,"column":17}},"loc":{"start":{"line":429,"column":26},"end":{"line":436,"column":null}},"line":429},"70":{"name":"(anonymous_70)","decl":{"start":{"line":430,"column":27},"end":{"line":430,"column":35}},"loc":{"start":{"line":430,"column":41},"end":{"line":430,"column":53}},"line":430},"71":{"name":"(anonymous_71)","decl":{"start":{"line":431,"column":6},"end":{"line":431,"column":21}},"loc":{"start":{"line":431,"column":29},"end":{"line":434,"column":null}},"line":431},"72":{"name":"(anonymous_72)","decl":{"start":{"line":440,"column":20},"end":{"line":440,"column":null}},"loc":{"start":{"line":441,"column":69},"end":{"line":459,"column":5}},"line":441},"73":{"name":"(anonymous_73)","decl":{"start":{"line":443,"column":6},"end":{"line":443,"column":19}},"loc":{"start":{"line":444,"column":8},"end":{"line":456,"column":null}},"line":444},"74":{"name":"(anonymous_74)","decl":{"start":{"line":444,"column":13},"end":{"line":444,"column":18}},"loc":{"start":{"line":444,"column":24},"end":{"line":456,"column":null}},"line":444},"75":{"name":"(anonymous_75)","decl":{"start":{"line":446,"column":33},"end":{"line":446,"column":38}},"loc":{"start":{"line":447,"column":12},"end":{"line":447,"column":null}},"line":447},"76":{"name":"(anonymous_76)","decl":{"start":{"line":452,"column":41},"end":{"line":452,"column":46}},"loc":{"start":{"line":453,"column":14},"end":{"line":453,"column":null}},"line":453},"77":{"name":"(anonymous_77)","decl":{"start":{"line":462,"column":17},"end":{"line":462,"column":35}},"loc":{"start":{"line":462,"column":35},"end":{"line":485,"column":6}},"line":462},"78":{"name":"(anonymous_78)","decl":{"start":{"line":471,"column":4},"end":{"line":471,"column":17}},"loc":{"start":{"line":472,"column":6},"end":{"line":482,"column":null}},"line":472},"79":{"name":"(anonymous_79)","decl":{"start":{"line":472,"column":11},"end":{"line":472,"column":16}},"loc":{"start":{"line":472,"column":22},"end":{"line":482,"column":null}},"line":472},"80":{"name":"(anonymous_80)","decl":{"start":{"line":478,"column":39},"end":{"line":478,"column":44}},"loc":{"start":{"line":479,"column":12},"end":{"line":479,"column":null}},"line":479},"81":{"name":"(anonymous_81)","decl":{"start":{"line":487,"column":20},"end":{"line":487,"column":null}},"loc":{"start":{"line":488,"column":23},"end":{"line":511,"column":5}},"line":488},"82":{"name":"(anonymous_82)","decl":{"start":{"line":490,"column":6},"end":{"line":490,"column":19}},"loc":{"start":{"line":490,"column":28},"end":{"line":508,"column":null}},"line":490},"83":{"name":"(anonymous_83)","decl":{"start":{"line":491,"column":29},"end":{"line":491,"column":34}},"loc":{"start":{"line":491,"column":40},"end":{"line":501,"column":null}},"line":491},"84":{"name":"(anonymous_84)","decl":{"start":{"line":493,"column":33},"end":{"line":493,"column":41}},"loc":{"start":{"line":493,"column":47},"end":{"line":493,"column":62}},"line":493},"85":{"name":"(anonymous_85)","decl":{"start":{"line":497,"column":41},"end":{"line":497,"column":46}},"loc":{"start":{"line":498,"column":14},"end":{"line":498,"column":null}},"line":498},"86":{"name":"(anonymous_86)","decl":{"start":{"line":502,"column":32},"end":{"line":502,"column":38}},"loc":{"start":{"line":502,"column":44},"end":{"line":502,"column":64}},"line":502},"87":{"name":"(anonymous_87)","decl":{"start":{"line":504,"column":41},"end":{"line":504,"column":49}},"loc":{"start":{"line":504,"column":55},"end":{"line":504,"column":75}},"line":504},"88":{"name":"(anonymous_88)","decl":{"start":{"line":505,"column":67},"end":{"line":505,"column":79}},"loc":{"start":{"line":505,"column":79},"end":{"line":505,"column":82}},"line":505},"89":{"name":"(anonymous_89)","decl":{"start":{"line":509,"column":6},"end":{"line":509,"column":24}},"loc":{"start":{"line":509,"column":33},"end":{"line":509,"column":61}},"line":509},"90":{"name":"(anonymous_90)","decl":{"start":{"line":514,"column":23},"end":{"line":514,"column":null}},"loc":{"start":{"line":515,"column":23},"end":{"line":533,"column":5}},"line":515},"91":{"name":"(anonymous_91)","decl":{"start":{"line":517,"column":6},"end":{"line":517,"column":19}},"loc":{"start":{"line":518,"column":8},"end":{"line":530,"column":null}},"line":518},"92":{"name":"(anonymous_92)","decl":{"start":{"line":518,"column":13},"end":{"line":518,"column":18}},"loc":{"start":{"line":518,"column":24},"end":{"line":530,"column":null}},"line":518},"93":{"name":"(anonymous_93)","decl":{"start":{"line":520,"column":33},"end":{"line":520,"column":38}},"loc":{"start":{"line":521,"column":12},"end":{"line":521,"column":null}},"line":521},"94":{"name":"(anonymous_94)","decl":{"start":{"line":526,"column":41},"end":{"line":526,"column":46}},"loc":{"start":{"line":527,"column":14},"end":{"line":527,"column":null}},"line":527},"95":{"name":"(anonymous_95)","decl":{"start":{"line":536,"column":40},"end":{"line":536,"column":47}},"loc":{"start":{"line":536,"column":66},"end":{"line":568,"column":6}},"line":536},"96":{"name":"(anonymous_96)","decl":{"start":{"line":537,"column":29},"end":{"line":537,"column":35}},"loc":{"start":{"line":537,"column":41},"end":{"line":537,"column":61}},"line":537},"97":{"name":"(anonymous_97)","decl":{"start":{"line":541,"column":35},"end":{"line":541,"column":43}},"loc":{"start":{"line":541,"column":49},"end":{"line":541,"column":69}},"line":541},"98":{"name":"(anonymous_98)","decl":{"start":{"line":542,"column":67},"end":{"line":542,"column":79}},"loc":{"start":{"line":542,"column":79},"end":{"line":542,"column":82}},"line":542},"99":{"name":"(anonymous_99)","decl":{"start":{"line":544,"column":61},"end":{"line":544,"column":73}},"loc":{"start":{"line":544,"column":73},"end":{"line":544,"column":75}},"line":544},"100":{"name":"(anonymous_100)","decl":{"start":{"line":546,"column":4},"end":{"line":546,"column":17}},"loc":{"start":{"line":547,"column":6},"end":{"line":555,"column":null}},"line":547},"101":{"name":"(anonymous_101)","decl":{"start":{"line":547,"column":11},"end":{"line":547,"column":16}},"loc":{"start":{"line":548,"column":8},"end":{"line":555,"column":null}},"line":548},"102":{"name":"(anonymous_102)","decl":{"start":{"line":552,"column":39},"end":{"line":552,"column":44}},"loc":{"start":{"line":553,"column":12},"end":{"line":553,"column":null}},"line":553},"103":{"name":"(anonymous_103)","decl":{"start":{"line":562,"column":9},"end":{"line":562,"column":21}},"loc":{"start":{"line":562,"column":21},"end":{"line":562,"column":24}},"line":562},"104":{"name":"(anonymous_104)","decl":{"start":{"line":565,"column":27},"end":{"line":565,"column":39}},"loc":{"start":{"line":565,"column":39},"end":{"line":565,"column":42}},"line":565},"105":{"name":"(anonymous_105)","decl":{"start":{"line":571,"column":26},"end":{"line":571,"column":44}},"loc":{"start":{"line":571,"column":44},"end":{"line":574,"column":7}},"line":571},"106":{"name":"(anonymous_106)","decl":{"start":{"line":576,"column":23},"end":{"line":576,"column":41}},"loc":{"start":{"line":576,"column":41},"end":{"line":581,"column":6}},"line":576},"107":{"name":"(anonymous_107)","decl":{"start":{"line":577,"column":13},"end":{"line":577,"column":22}},"loc":{"start":{"line":577,"column":22},"end":{"line":577,"column":67}},"line":577},"108":{"name":"(anonymous_108)","decl":{"start":{"line":577,"column":52},"end":{"line":577,"column":64}},"loc":{"start":{"line":577,"column":64},"end":{"line":577,"column":67}},"line":577},"109":{"name":"(anonymous_109)","decl":{"start":{"line":584,"column":33},"end":{"line":584,"column":45}},"loc":{"start":{"line":584,"column":45},"end":{"line":598,"column":6}},"line":584},"110":{"name":"(anonymous_110)","decl":{"start":{"line":585,"column":29},"end":{"line":585,"column":35}},"loc":{"start":{"line":585,"column":41},"end":{"line":585,"column":61}},"line":585},"111":{"name":"(anonymous_111)","decl":{"start":{"line":589,"column":38},"end":{"line":589,"column":46}},"loc":{"start":{"line":589,"column":52},"end":{"line":589,"column":72}},"line":589},"112":{"name":"(anonymous_112)","decl":{"start":{"line":592,"column":6},"end":{"line":592,"column":23}},"loc":{"start":{"line":592,"column":23},"end":{"line":592,"column":44}},"line":592},"113":{"name":"(anonymous_113)","decl":{"start":{"line":596,"column":6},"end":{"line":596,"column":23}},"loc":{"start":{"line":596,"column":23},"end":{"line":596,"column":44}},"line":596},"114":{"name":"(anonymous_114)","decl":{"start":{"line":601,"column":29},"end":{"line":601,"column":null}},"loc":{"start":{"line":602,"column":78},"end":{"line":615,"column":5}},"line":602},"115":{"name":"(anonymous_115)","decl":{"start":{"line":604,"column":6},"end":{"line":604,"column":19}},"loc":{"start":{"line":605,"column":8},"end":{"line":608,"column":null}},"line":605},"116":{"name":"(anonymous_116)","decl":{"start":{"line":605,"column":13},"end":{"line":605,"column":18}},"loc":{"start":{"line":605,"column":24},"end":{"line":608,"column":null}},"line":605},"117":{"name":"(anonymous_117)","decl":{"start":{"line":619,"column":33},"end":{"line":619,"column":null}},"loc":{"start":{"line":620,"column":78},"end":{"line":632,"column":5}},"line":620},"118":{"name":"(anonymous_118)","decl":{"start":{"line":622,"column":6},"end":{"line":622,"column":19}},"loc":{"start":{"line":623,"column":8},"end":{"line":626,"column":null}},"line":623},"119":{"name":"(anonymous_119)","decl":{"start":{"line":623,"column":13},"end":{"line":623,"column":18}},"loc":{"start":{"line":623,"column":24},"end":{"line":626,"column":null}},"line":623},"120":{"name":"(anonymous_120)","decl":{"start":{"line":636,"column":31},"end":{"line":636,"column":44}},"loc":{"start":{"line":636,"column":69},"end":{"line":651,"column":6}},"line":636},"121":{"name":"(anonymous_121)","decl":{"start":{"line":638,"column":4},"end":{"line":638,"column":17}},"loc":{"start":{"line":639,"column":6},"end":{"line":648,"column":null}},"line":639},"122":{"name":"(anonymous_122)","decl":{"start":{"line":639,"column":11},"end":{"line":639,"column":16}},"loc":{"start":{"line":639,"column":22},"end":{"line":648,"column":null}},"line":639},"123":{"name":"(anonymous_123)","decl":{"start":{"line":644,"column":39},"end":{"line":644,"column":44}},"loc":{"start":{"line":645,"column":12},"end":{"line":645,"column":null}},"line":645},"124":{"name":"(anonymous_124)","decl":{"start":{"line":654,"column":35},"end":{"line":654,"column":41}},"loc":{"start":{"line":654,"column":47},"end":{"line":654,"column":67}},"line":654},"125":{"name":"(anonymous_125)","decl":{"start":{"line":656,"column":26},"end":{"line":656,"column":32}},"loc":{"start":{"line":656,"column":38},"end":{"line":656,"column":61}},"line":656},"126":{"name":"(anonymous_126)","decl":{"start":{"line":663,"column":20},"end":{"line":663,"column":38}},"loc":{"start":{"line":663,"column":38},"end":{"line":663,"column":65}},"line":663},"127":{"name":"(anonymous_127)","decl":{"start":{"line":678,"column":8},"end":{"line":678,"column":38}},"loc":{"start":{"line":678,"column":38},"end":{"line":678,"column":67}},"line":678},"128":{"name":"(anonymous_128)","decl":{"start":{"line":679,"column":8},"end":{"line":679,"column":30}},"loc":{"start":{"line":679,"column":30},"end":{"line":679,"column":null}},"line":679},"129":{"name":"(anonymous_129)","decl":{"start":{"line":707,"column":10},"end":{"line":707,"column":40}},"loc":{"start":{"line":707,"column":40},"end":{"line":707,"column":69}},"line":707},"130":{"name":"(anonymous_130)","decl":{"start":{"line":708,"column":52},"end":{"line":708,"column":62}},"loc":{"start":{"line":708,"column":62},"end":{"line":708,"column":84}},"line":708},"131":{"name":"(anonymous_131)","decl":{"start":{"line":710,"column":42},"end":{"line":710,"column":50}},"loc":{"start":{"line":710,"column":56},"end":{"line":710,"column":74}},"line":710},"132":{"name":"(anonymous_132)","decl":{"start":{"line":710,"column":85},"end":{"line":710,"column":null}},"loc":{"start":{"line":711,"column":22},"end":{"line":712,"column":null}},"line":711},"133":{"name":"(anonymous_133)","decl":{"start":{"line":735,"column":10},"end":{"line":735,"column":25}},"loc":{"start":{"line":735,"column":25},"end":{"line":735,"column":55}},"line":735},"134":{"name":"(anonymous_134)","decl":{"start":{"line":736,"column":10},"end":{"line":736,"column":22}},"loc":{"start":{"line":736,"column":28},"end":{"line":736,"column":null}},"line":736},"135":{"name":"(anonymous_135)","decl":{"start":{"line":747,"column":12},"end":{"line":747,"column":22}},"loc":{"start":{"line":747,"column":28},"end":{"line":747,"column":47}},"line":747},"136":{"name":"(anonymous_136)","decl":{"start":{"line":750,"column":14},"end":{"line":750,"column":29}},"loc":{"start":{"line":750,"column":29},"end":{"line":750,"column":59}},"line":750},"137":{"name":"(anonymous_137)","decl":{"start":{"line":764,"column":10},"end":{"line":764,"column":25}},"loc":{"start":{"line":764,"column":25},"end":{"line":764,"column":47}},"line":764},"138":{"name":"(anonymous_138)","decl":{"start":{"line":765,"column":10},"end":{"line":765,"column":22}},"loc":{"start":{"line":765,"column":28},"end":{"line":765,"column":null}},"line":765},"139":{"name":"(anonymous_139)","decl":{"start":{"line":776,"column":12},"end":{"line":776,"column":22}},"loc":{"start":{"line":776,"column":28},"end":{"line":776,"column":47}},"line":776},"140":{"name":"(anonymous_140)","decl":{"start":{"line":779,"column":14},"end":{"line":779,"column":29}},"loc":{"start":{"line":779,"column":29},"end":{"line":779,"column":51}},"line":779},"141":{"name":"(anonymous_141)","decl":{"start":{"line":803,"column":10},"end":{"line":803,"column":25}},"loc":{"start":{"line":803,"column":25},"end":{"line":803,"column":48}},"line":803},"142":{"name":"(anonymous_142)","decl":{"start":{"line":804,"column":10},"end":{"line":804,"column":22}},"loc":{"start":{"line":804,"column":28},"end":{"line":804,"column":null}},"line":804},"143":{"name":"(anonymous_143)","decl":{"start":{"line":809,"column":15},"end":{"line":809,"column":25}},"loc":{"start":{"line":809,"column":31},"end":{"line":809,"column":50}},"line":809},"144":{"name":"(anonymous_144)","decl":{"start":{"line":813,"column":14},"end":{"line":813,"column":29}},"loc":{"start":{"line":813,"column":29},"end":{"line":813,"column":52}},"line":813},"145":{"name":"(anonymous_145)","decl":{"start":{"line":828,"column":10},"end":{"line":828,"column":25}},"loc":{"start":{"line":828,"column":25},"end":{"line":828,"column":48}},"line":828},"146":{"name":"(anonymous_146)","decl":{"start":{"line":829,"column":10},"end":{"line":829,"column":22}},"loc":{"start":{"line":829,"column":28},"end":{"line":829,"column":null}},"line":829},"147":{"name":"(anonymous_147)","decl":{"start":{"line":834,"column":15},"end":{"line":834,"column":25}},"loc":{"start":{"line":834,"column":31},"end":{"line":834,"column":50}},"line":834},"148":{"name":"(anonymous_148)","decl":{"start":{"line":838,"column":14},"end":{"line":838,"column":29}},"loc":{"start":{"line":838,"column":29},"end":{"line":838,"column":52}},"line":838},"149":{"name":"(anonymous_149)","decl":{"start":{"line":853,"column":10},"end":{"line":853,"column":25}},"loc":{"start":{"line":853,"column":25},"end":{"line":853,"column":51}},"line":853},"150":{"name":"(anonymous_150)","decl":{"start":{"line":857,"column":15},"end":{"line":857,"column":25}},"loc":{"start":{"line":857,"column":31},"end":{"line":857,"column":50}},"line":857},"151":{"name":"(anonymous_151)","decl":{"start":{"line":860,"column":14},"end":{"line":860,"column":29}},"loc":{"start":{"line":860,"column":29},"end":{"line":860,"column":55}},"line":860},"152":{"name":"(anonymous_152)","decl":{"start":{"line":875,"column":10},"end":{"line":875,"column":25}},"loc":{"start":{"line":875,"column":25},"end":{"line":875,"column":50}},"line":875},"153":{"name":"(anonymous_153)","decl":{"start":{"line":879,"column":15},"end":{"line":879,"column":25}},"loc":{"start":{"line":879,"column":31},"end":{"line":879,"column":50}},"line":879},"154":{"name":"(anonymous_154)","decl":{"start":{"line":882,"column":14},"end":{"line":882,"column":29}},"loc":{"start":{"line":882,"column":29},"end":{"line":882,"column":54}},"line":882},"155":{"name":"(anonymous_155)","decl":{"start":{"line":883,"column":14},"end":{"line":883,"column":36}},"loc":{"start":{"line":883,"column":36},"end":{"line":883,"column":null}},"line":883}},"branchMap":{"0":{"loc":{"start":{"line":44,"column":4},"end":{"line":58,"column":null}},"type":"if","locations":[{"start":{"line":44,"column":4},"end":{"line":58,"column":null}},{"start":{},"end":{}}],"line":44},"1":{"loc":{"start":{"line":79,"column":4},"end":{"line":79,"column":null}},"type":"if","locations":[{"start":{"line":79,"column":4},"end":{"line":79,"column":null}},{"start":{},"end":{}}],"line":79},"2":{"loc":{"start":{"line":92,"column":19},"end":{"line":92,"column":29}},"type":"binary-expr","locations":[{"start":{"line":92,"column":19},"end":{"line":92,"column":27}},{"start":{"line":92,"column":27},"end":{"line":92,"column":29}}],"line":92},"3":{"loc":{"start":{"line":95,"column":4},"end":{"line":95,"column":null}},"type":"if","locations":[{"start":{"line":95,"column":4},"end":{"line":95,"column":null}},{"start":{},"end":{}}],"line":95},"4":{"loc":{"start":{"line":97,"column":27},"end":{"line":97,"column":62}},"type":"cond-expr","locations":[{"start":{"line":97,"column":43},"end":{"line":97,"column":58}},{"start":{"line":97,"column":58},"end":{"line":97,"column":62}}],"line":97},"5":{"loc":{"start":{"line":104,"column":4},"end":{"line":104,"column":null}},"type":"if","locations":[{"start":{"line":104,"column":4},"end":{"line":104,"column":null}},{"start":{},"end":{}}],"line":104},"6":{"loc":{"start":{"line":109,"column":16},"end":{"line":109,"column":null}},"type":"binary-expr","locations":[{"start":{"line":109,"column":16},"end":{"line":109,"column":30}},{"start":{"line":109,"column":30},"end":{"line":109,"column":null}}],"line":109},"7":{"loc":{"start":{"line":110,"column":23},"end":{"line":110,"column":null}},"type":"binary-expr","locations":[{"start":{"line":110,"column":23},"end":{"line":110,"column":45}},{"start":{"line":110,"column":45},"end":{"line":110,"column":null}}],"line":110},"8":{"loc":{"start":{"line":111,"column":17},"end":{"line":111,"column":null}},"type":"binary-expr","locations":[{"start":{"line":111,"column":17},"end":{"line":111,"column":32}},{"start":{"line":111,"column":32},"end":{"line":111,"column":null}}],"line":111},"9":{"loc":{"start":{"line":112,"column":13},"end":{"line":112,"column":25}},"type":"binary-expr","locations":[{"start":{"line":112,"column":13},"end":{"line":112,"column":23}},{"start":{"line":112,"column":23},"end":{"line":112,"column":25}}],"line":112},"10":{"loc":{"start":{"line":114,"column":25},"end":{"line":114,"column":null}},"type":"binary-expr","locations":[{"start":{"line":114,"column":25},"end":{"line":114,"column":46}},{"start":{"line":114,"column":46},"end":{"line":114,"column":null}}],"line":114},"11":{"loc":{"start":{"line":118,"column":58},"end":{"line":118,"column":70}},"type":"binary-expr","locations":[{"start":{"line":118,"column":58},"end":{"line":118,"column":68}},{"start":{"line":118,"column":68},"end":{"line":118,"column":70}}],"line":118},"12":{"loc":{"start":{"line":119,"column":17},"end":{"line":119,"column":null}},"type":"binary-expr","locations":[{"start":{"line":119,"column":17},"end":{"line":119,"column":32}},{"start":{"line":119,"column":32},"end":{"line":119,"column":null}}],"line":119},"13":{"loc":{"start":{"line":143,"column":10},"end":{"line":143,"column":null}},"type":"binary-expr","locations":[{"start":{"line":143,"column":10},"end":{"line":143,"column":35}},{"start":{"line":143,"column":35},"end":{"line":143,"column":null}}],"line":143},"14":{"loc":{"start":{"line":168,"column":4},"end":{"line":168,"column":null}},"type":"if","locations":[{"start":{"line":168,"column":4},"end":{"line":168,"column":null}},{"start":{},"end":{}}],"line":168},"15":{"loc":{"start":{"line":172,"column":4},"end":{"line":172,"column":null}},"type":"if","locations":[{"start":{"line":172,"column":4},"end":{"line":172,"column":null}},{"start":{},"end":{}}],"line":172},"16":{"loc":{"start":{"line":194,"column":4},"end":{"line":194,"column":null}},"type":"if","locations":[{"start":{"line":194,"column":4},"end":{"line":194,"column":null}},{"start":{},"end":{}}],"line":194},"17":{"loc":{"start":{"line":198,"column":6},"end":{"line":198,"column":null}},"type":"if","locations":[{"start":{"line":198,"column":6},"end":{"line":198,"column":null}},{"start":{},"end":{}}],"line":198},"18":{"loc":{"start":{"line":220,"column":6},"end":{"line":220,"column":null}},"type":"if","locations":[{"start":{"line":220,"column":6},"end":{"line":220,"column":null}},{"start":{},"end":{}}],"line":220},"19":{"loc":{"start":{"line":227,"column":6},"end":{"line":231,"column":null}},"type":"if","locations":[{"start":{"line":227,"column":6},"end":{"line":231,"column":null}},{"start":{},"end":{}}],"line":227},"20":{"loc":{"start":{"line":227,"column":6},"end":{"line":227,"column":67}},"type":"binary-expr","locations":[{"start":{"line":227,"column":11},"end":{"line":227,"column":24}},{"start":{"line":227,"column":24},"end":{"line":227,"column":38}},{"start":{"line":227,"column":38},"end":{"line":227,"column":52}},{"start":{"line":227,"column":52},"end":{"line":227,"column":67}}],"line":227},"21":{"loc":{"start":{"line":229,"column":21},"end":{"line":229,"column":null}},"type":"binary-expr","locations":[{"start":{"line":229,"column":21},"end":{"line":229,"column":62}},{"start":{"line":229,"column":66},"end":{"line":229,"column":null}}],"line":229},"22":{"loc":{"start":{"line":230,"column":8},"end":{"line":231,"column":null}},"type":"if","locations":[{"start":{"line":230,"column":8},"end":{"line":231,"column":null}},{"start":{},"end":{}}],"line":230},"23":{"loc":{"start":{"line":230,"column":12},"end":{"line":230,"column":42}},"type":"binary-expr","locations":[{"start":{"line":230,"column":12},"end":{"line":230,"column":20}},{"start":{"line":230,"column":20},"end":{"line":230,"column":42}}],"line":230},"24":{"loc":{"start":{"line":235,"column":6},"end":{"line":244,"column":null}},"type":"if","locations":[{"start":{"line":235,"column":6},"end":{"line":244,"column":null}},{"start":{},"end":{}}],"line":235},"25":{"loc":{"start":{"line":235,"column":6},"end":{"line":235,"column":68}},"type":"binary-expr","locations":[{"start":{"line":235,"column":11},"end":{"line":235,"column":24}},{"start":{"line":235,"column":24},"end":{"line":235,"column":38}},{"start":{"line":235,"column":38},"end":{"line":235,"column":53}},{"start":{"line":235,"column":53},"end":{"line":235,"column":68}}],"line":235},"26":{"loc":{"start":{"line":237,"column":21},"end":{"line":237,"column":null}},"type":"binary-expr","locations":[{"start":{"line":237,"column":21},"end":{"line":237,"column":62}},{"start":{"line":237,"column":66},"end":{"line":237,"column":null}}],"line":237},"27":{"loc":{"start":{"line":238,"column":29},"end":{"line":238,"column":90}},"type":"binary-expr","locations":[{"start":{"line":238,"column":29},"end":{"line":238,"column":84}},{"start":{"line":238,"column":88},"end":{"line":238,"column":90}}],"line":238},"28":{"loc":{"start":{"line":239,"column":8},"end":{"line":244,"column":null}},"type":"if","locations":[{"start":{"line":239,"column":8},"end":{"line":244,"column":null}},{"start":{},"end":{}}],"line":239},"29":{"loc":{"start":{"line":239,"column":12},"end":{"line":239,"column":46}},"type":"binary-expr","locations":[{"start":{"line":239,"column":12},"end":{"line":239,"column":20}},{"start":{"line":239,"column":20},"end":{"line":239,"column":46}}],"line":239},"30":{"loc":{"start":{"line":240,"column":10},"end":{"line":244,"column":null}},"type":"if","locations":[{"start":{"line":240,"column":10},"end":{"line":244,"column":null}},{"start":{"line":242,"column":17},"end":{"line":244,"column":null}}],"line":240},"31":{"loc":{"start":{"line":249,"column":6},"end":{"line":254,"column":null}},"type":"if","locations":[{"start":{"line":249,"column":6},"end":{"line":254,"column":null}},{"start":{},"end":{}}],"line":249},"32":{"loc":{"start":{"line":249,"column":6},"end":{"line":249,"column":68}},"type":"binary-expr","locations":[{"start":{"line":249,"column":11},"end":{"line":249,"column":24}},{"start":{"line":249,"column":24},"end":{"line":249,"column":38}},{"start":{"line":249,"column":38},"end":{"line":249,"column":53}},{"start":{"line":249,"column":53},"end":{"line":249,"column":68}}],"line":249},"33":{"loc":{"start":{"line":251,"column":21},"end":{"line":251,"column":null}},"type":"binary-expr","locations":[{"start":{"line":251,"column":21},"end":{"line":251,"column":62}},{"start":{"line":251,"column":66},"end":{"line":251,"column":null}}],"line":251},"34":{"loc":{"start":{"line":252,"column":8},"end":{"line":254,"column":null}},"type":"if","locations":[{"start":{"line":252,"column":8},"end":{"line":254,"column":null}},{"start":{},"end":{}}],"line":252},"35":{"loc":{"start":{"line":258,"column":6},"end":{"line":263,"column":null}},"type":"if","locations":[{"start":{"line":258,"column":6},"end":{"line":263,"column":null}},{"start":{},"end":{}}],"line":258},"36":{"loc":{"start":{"line":258,"column":6},"end":{"line":258,"column":68}},"type":"binary-expr","locations":[{"start":{"line":258,"column":11},"end":{"line":258,"column":24}},{"start":{"line":258,"column":24},"end":{"line":258,"column":38}},{"start":{"line":258,"column":38},"end":{"line":258,"column":53}},{"start":{"line":258,"column":53},"end":{"line":258,"column":68}}],"line":258},"37":{"loc":{"start":{"line":260,"column":21},"end":{"line":260,"column":null}},"type":"binary-expr","locations":[{"start":{"line":260,"column":21},"end":{"line":260,"column":62}},{"start":{"line":260,"column":66},"end":{"line":260,"column":null}}],"line":260},"38":{"loc":{"start":{"line":261,"column":8},"end":{"line":263,"column":null}},"type":"if","locations":[{"start":{"line":261,"column":8},"end":{"line":263,"column":null}},{"start":{},"end":{}}],"line":261},"39":{"loc":{"start":{"line":261,"column":12},"end":{"line":261,"column":42}},"type":"binary-expr","locations":[{"start":{"line":261,"column":12},"end":{"line":261,"column":20}},{"start":{"line":261,"column":20},"end":{"line":261,"column":42}}],"line":261},"40":{"loc":{"start":{"line":267,"column":6},"end":{"line":269,"column":null}},"type":"if","locations":[{"start":{"line":267,"column":6},"end":{"line":269,"column":null}},{"start":{},"end":{}}],"line":267},"41":{"loc":{"start":{"line":268,"column":8},"end":{"line":268,"column":null}},"type":"if","locations":[{"start":{"line":268,"column":8},"end":{"line":268,"column":null}},{"start":{},"end":{}}],"line":268},"42":{"loc":{"start":{"line":269,"column":8},"end":{"line":269,"column":null}},"type":"if","locations":[{"start":{"line":269,"column":8},"end":{"line":269,"column":null}},{"start":{},"end":{}}],"line":269},"43":{"loc":{"start":{"line":281,"column":8},"end":{"line":281,"column":null}},"type":"if","locations":[{"start":{"line":281,"column":8},"end":{"line":281,"column":null}},{"start":{},"end":{}}],"line":281},"44":{"loc":{"start":{"line":286,"column":57},"end":{"line":286,"column":92}},"type":"cond-expr","locations":[{"start":{"line":286,"column":75},"end":{"line":286,"column":82}},{"start":{"line":286,"column":82},"end":{"line":286,"column":92}}],"line":286},"45":{"loc":{"start":{"line":288,"column":10},"end":{"line":288,"column":null}},"type":"if","locations":[{"start":{"line":288,"column":10},"end":{"line":288,"column":null}},{"start":{},"end":{}}],"line":288},"46":{"loc":{"start":{"line":289,"column":29},"end":{"line":289,"column":94}},"type":"binary-expr","locations":[{"start":{"line":289,"column":29},"end":{"line":289,"column":92}},{"start":{"line":289,"column":92},"end":{"line":289,"column":94}}],"line":289},"47":{"loc":{"start":{"line":291,"column":29},"end":{"line":291,"column":110}},"type":"cond-expr","locations":[{"start":{"line":291,"column":51},"end":{"line":291,"column":107}},{"start":{"line":291,"column":107},"end":{"line":291,"column":110}}],"line":291},"48":{"loc":{"start":{"line":309,"column":4},"end":{"line":311,"column":null}},"type":"if","locations":[{"start":{"line":309,"column":4},"end":{"line":311,"column":null}},{"start":{},"end":{}}],"line":309},"49":{"loc":{"start":{"line":327,"column":6},"end":{"line":327,"column":null}},"type":"if","locations":[{"start":{"line":327,"column":6},"end":{"line":327,"column":null}},{"start":{},"end":{}}],"line":327},"50":{"loc":{"start":{"line":330,"column":19},"end":{"line":330,"column":null}},"type":"binary-expr","locations":[{"start":{"line":330,"column":19},"end":{"line":330,"column":52}},{"start":{"line":330,"column":52},"end":{"line":330,"column":null}}],"line":330},"51":{"loc":{"start":{"line":335,"column":31},"end":{"line":335,"column":50}},"type":"binary-expr","locations":[{"start":{"line":335,"column":31},"end":{"line":335,"column":46}},{"start":{"line":335,"column":46},"end":{"line":335,"column":50}}],"line":335},"52":{"loc":{"start":{"line":337,"column":25},"end":{"line":337,"column":52}},"type":"binary-expr","locations":[{"start":{"line":337,"column":25},"end":{"line":337,"column":50}},{"start":{"line":337,"column":50},"end":{"line":337,"column":52}}],"line":337},"53":{"loc":{"start":{"line":359,"column":8},"end":{"line":360,"column":null}},"type":"if","locations":[{"start":{"line":359,"column":8},"end":{"line":360,"column":null}},{"start":{},"end":{}}],"line":359},"54":{"loc":{"start":{"line":378,"column":8},"end":{"line":378,"column":null}},"type":"if","locations":[{"start":{"line":378,"column":8},"end":{"line":378,"column":null}},{"start":{},"end":{}}],"line":378},"55":{"loc":{"start":{"line":381,"column":21},"end":{"line":381,"column":null}},"type":"binary-expr","locations":[{"start":{"line":381,"column":21},"end":{"line":381,"column":54}},{"start":{"line":381,"column":54},"end":{"line":381,"column":null}}],"line":381},"56":{"loc":{"start":{"line":387,"column":33},"end":{"line":387,"column":52}},"type":"binary-expr","locations":[{"start":{"line":387,"column":33},"end":{"line":387,"column":48}},{"start":{"line":387,"column":48},"end":{"line":387,"column":52}}],"line":387},"57":{"loc":{"start":{"line":389,"column":27},"end":{"line":389,"column":54}},"type":"binary-expr","locations":[{"start":{"line":389,"column":27},"end":{"line":389,"column":52}},{"start":{"line":389,"column":52},"end":{"line":389,"column":54}}],"line":389},"58":{"loc":{"start":{"line":399,"column":22},"end":{"line":399,"column":null}},"type":"binary-expr","locations":[{"start":{"line":399,"column":22},"end":{"line":399,"column":46}},{"start":{"line":399,"column":46},"end":{"line":399,"column":null}}],"line":399},"59":{"loc":{"start":{"line":410,"column":10},"end":{"line":411,"column":null}},"type":"if","locations":[{"start":{"line":410,"column":10},"end":{"line":411,"column":null}},{"start":{},"end":{}}],"line":410},"60":{"loc":{"start":{"line":432,"column":8},"end":{"line":432,"column":null}},"type":"if","locations":[{"start":{"line":432,"column":8},"end":{"line":432,"column":null}},{"start":{},"end":{}}],"line":432},"61":{"loc":{"start":{"line":433,"column":15},"end":{"line":433,"column":null}},"type":"binary-expr","locations":[{"start":{"line":433,"column":15},"end":{"line":433,"column":33}},{"start":{"line":433,"column":33},"end":{"line":433,"column":null}}],"line":433},"62":{"loc":{"start":{"line":442,"column":6},"end":{"line":442,"column":null}},"type":"if","locations":[{"start":{"line":442,"column":6},"end":{"line":442,"column":null}},{"start":{},"end":{}}],"line":442},"63":{"loc":{"start":{"line":445,"column":10},"end":{"line":445,"column":null}},"type":"if","locations":[{"start":{"line":445,"column":10},"end":{"line":445,"column":null}},{"start":{},"end":{}}],"line":445},"64":{"loc":{"start":{"line":447,"column":12},"end":{"line":447,"column":null}},"type":"cond-expr","locations":[{"start":{"line":447,"column":29},"end":{"line":447,"column":33}},{"start":{"line":447,"column":33},"end":{"line":447,"column":null}}],"line":447},"65":{"loc":{"start":{"line":453,"column":14},"end":{"line":453,"column":null}},"type":"cond-expr","locations":[{"start":{"line":453,"column":43},"end":{"line":453,"column":71}},{"start":{"line":453,"column":71},"end":{"line":453,"column":null}}],"line":453},"66":{"loc":{"start":{"line":463,"column":4},"end":{"line":463,"column":null}},"type":"if","locations":[{"start":{"line":463,"column":4},"end":{"line":463,"column":null}},{"start":{},"end":{}}],"line":463},"67":{"loc":{"start":{"line":473,"column":8},"end":{"line":473,"column":null}},"type":"if","locations":[{"start":{"line":473,"column":8},"end":{"line":473,"column":null}},{"start":{},"end":{}}],"line":473},"68":{"loc":{"start":{"line":479,"column":12},"end":{"line":479,"column":null}},"type":"cond-expr","locations":[{"start":{"line":479,"column":41},"end":{"line":479,"column":69}},{"start":{"line":479,"column":69},"end":{"line":479,"column":null}}],"line":479},"69":{"loc":{"start":{"line":489,"column":6},"end":{"line":489,"column":null}},"type":"if","locations":[{"start":{"line":489,"column":6},"end":{"line":489,"column":null}},{"start":{},"end":{}}],"line":489},"70":{"loc":{"start":{"line":492,"column":10},"end":{"line":492,"column":null}},"type":"if","locations":[{"start":{"line":492,"column":10},"end":{"line":492,"column":null}},{"start":{},"end":{}}],"line":492},"71":{"loc":{"start":{"line":498,"column":14},"end":{"line":498,"column":null}},"type":"cond-expr","locations":[{"start":{"line":498,"column":43},"end":{"line":498,"column":71}},{"start":{"line":498,"column":71},"end":{"line":498,"column":null}}],"line":498},"72":{"loc":{"start":{"line":503,"column":8},"end":{"line":505,"column":null}},"type":"if","locations":[{"start":{"line":503,"column":8},"end":{"line":505,"column":null}},{"start":{},"end":{}}],"line":503},"73":{"loc":{"start":{"line":509,"column":33},"end":{"line":509,"column":61}},"type":"cond-expr","locations":[{"start":{"line":509,"column":49},"end":{"line":509,"column":56}},{"start":{"line":509,"column":56},"end":{"line":509,"column":61}}],"line":509},"74":{"loc":{"start":{"line":516,"column":6},"end":{"line":516,"column":null}},"type":"if","locations":[{"start":{"line":516,"column":6},"end":{"line":516,"column":null}},{"start":{},"end":{}}],"line":516},"75":{"loc":{"start":{"line":519,"column":10},"end":{"line":519,"column":null}},"type":"if","locations":[{"start":{"line":519,"column":10},"end":{"line":519,"column":null}},{"start":{},"end":{}}],"line":519},"76":{"loc":{"start":{"line":521,"column":12},"end":{"line":521,"column":null}},"type":"cond-expr","locations":[{"start":{"line":521,"column":29},"end":{"line":521,"column":33}},{"start":{"line":521,"column":33},"end":{"line":521,"column":null}}],"line":521},"77":{"loc":{"start":{"line":527,"column":14},"end":{"line":527,"column":null}},"type":"cond-expr","locations":[{"start":{"line":527,"column":43},"end":{"line":527,"column":71}},{"start":{"line":527,"column":71},"end":{"line":527,"column":null}}],"line":527},"78":{"loc":{"start":{"line":538,"column":4},"end":{"line":538,"column":null}},"type":"if","locations":[{"start":{"line":538,"column":4},"end":{"line":538,"column":null}},{"start":{},"end":{}}],"line":538},"79":{"loc":{"start":{"line":538,"column":8},"end":{"line":538,"column":50}},"type":"binary-expr","locations":[{"start":{"line":538,"column":8},"end":{"line":538,"column":20}},{"start":{"line":538,"column":20},"end":{"line":538,"column":50}}],"line":538},"80":{"loc":{"start":{"line":548,"column":8},"end":{"line":555,"column":null}},"type":"cond-expr","locations":[{"start":{"line":548,"column":30},"end":{"line":548,"column":34}},{"start":{"line":548,"column":34},"end":{"line":555,"column":null}}],"line":548},"81":{"loc":{"start":{"line":553,"column":12},"end":{"line":553,"column":null}},"type":"cond-expr","locations":[{"start":{"line":553,"column":41},"end":{"line":553,"column":68}},{"start":{"line":553,"column":68},"end":{"line":553,"column":null}}],"line":553},"82":{"loc":{"start":{"line":559,"column":4},"end":{"line":562,"column":null}},"type":"if","locations":[{"start":{"line":559,"column":4},"end":{"line":562,"column":null}},{"start":{},"end":{}}],"line":559},"83":{"loc":{"start":{"line":586,"column":4},"end":{"line":586,"column":null}},"type":"if","locations":[{"start":{"line":586,"column":4},"end":{"line":586,"column":null}},{"start":{},"end":{}}],"line":586},"84":{"loc":{"start":{"line":603,"column":6},"end":{"line":603,"column":null}},"type":"if","locations":[{"start":{"line":603,"column":6},"end":{"line":603,"column":null}},{"start":{},"end":{}}],"line":603},"85":{"loc":{"start":{"line":606,"column":10},"end":{"line":606,"column":null}},"type":"if","locations":[{"start":{"line":606,"column":10},"end":{"line":606,"column":null}},{"start":{},"end":{}}],"line":606},"86":{"loc":{"start":{"line":611,"column":6},"end":{"line":612,"column":null}},"type":"if","locations":[{"start":{"line":611,"column":6},"end":{"line":612,"column":null}},{"start":{},"end":{}}],"line":611},"87":{"loc":{"start":{"line":621,"column":6},"end":{"line":621,"column":null}},"type":"if","locations":[{"start":{"line":621,"column":6},"end":{"line":621,"column":null}},{"start":{},"end":{}}],"line":621},"88":{"loc":{"start":{"line":624,"column":10},"end":{"line":624,"column":null}},"type":"if","locations":[{"start":{"line":624,"column":10},"end":{"line":624,"column":null}},{"start":{},"end":{}}],"line":624},"89":{"loc":{"start":{"line":628,"column":6},"end":{"line":629,"column":null}},"type":"if","locations":[{"start":{"line":628,"column":6},"end":{"line":629,"column":null}},{"start":{},"end":{}}],"line":628},"90":{"loc":{"start":{"line":637,"column":4},"end":{"line":637,"column":null}},"type":"if","locations":[{"start":{"line":637,"column":4},"end":{"line":637,"column":null}},{"start":{},"end":{}}],"line":637},"91":{"loc":{"start":{"line":640,"column":8},"end":{"line":640,"column":null}},"type":"if","locations":[{"start":{"line":640,"column":8},"end":{"line":640,"column"
[...]
lumn":null}}],"line":263},"49":{"loc":{"start":{"line":265,"column":15},"end":{"line":268,"column":null}},"type":"if","locations":[{"start":{"line":265,"column":15},"end":{"line":268,"column":null}},{"start":{"line":267,"column":11},"end":{"line":268,"column":null}}],"line":265},"50":{"loc":{"start":{"line":292,"column":4},"end":{"line":301,"column":null}},"type":"if","locations":[{"start":{"line":292,"column":4},"end":{"line":301,"column":null}},{"start":{"line":295,"column":15},"end":{"line":301,"column":null}}],"line":292},"51":{"loc":{"start":{"line":295,"column":15},"end":{"line":301,"column":null}},"type":"if","locations":[{"start":{"line":295,"column":15},"end":{"line":301,"column":null}},{"start":{"line":297,"column":11},"end":{"line":301,"column":null}}],"line":295},"52":{"loc":{"start":{"line":299,"column":23},"end":{"line":299,"column":null}},"type":"binary-expr","locations":[{"start":{"line":299,"column":23},"end":{"line":299,"column":41}},{"start":{"line":299,"column":45},"end":{"line":299,"column":null}}],"line":299},"53":{"loc":{"start":{"line":300,"column":6},"end":{"line":301,"column":null}},"type":"if","locations":[{"start":{"line":300,"column":6},"end":{"line":301,"column":null}},{"start":{},"end":{}}],"line":300}},"s":{"0":6,"1":6,"2":27,"3":27,"4":3,"5":24,"6":2,"7":22,"8":1,"9":21,"10":1,"11":20,"12":15,"13":5,"14":5,"15":5,"16":1,"17":4,"18":1,"19":3,"20":1,"21":2,"22":31,"23":14,"24":14,"25":4,"26":10,"27":1,"28":9,"29":0,"30":9,"31":9,"32":9,"33":9,"34":12,"35":1,"36":1,"37":11,"38":1,"39":1,"40":10,"41":9,"42":6,"43":6,"44":1,"45":5,"46":0,"47":5,"48":5,"49":5,"50":5,"51":9,"52":0,"53":0,"54":9,"55":1,"56":1,"57":8,"58":5,"59":6,"60":6,"61":6,"62":0,"63":6,"64":6,"65":6,"66":6,"67":6,"68":6,"69":11,"70":1,"71":1,"72":1,"73":10,"74":11,"75":11,"76":0,"77":10,"78":6,"79":8,"80":8,"81":14,"82":14,"83":4,"84":10,"85":1,"86":9,"87":8,"88":8,"89":44,"90":5,"91":5,"92":9,"93":9,"94":5,"95":2,"96":2,"97":4,"98":4,"99":2,"100":4,"101":6,"102":4,"103":6,"104":4,"105":3,"106":3,"107":3,"108":5,"109":0,"110":5,"111":0,"112":0,"113":5,"114":3,"115":47,"116":2,"117":1,"118":1,"119":1,"120":42,"121":32,"122":4,"123":0,"124":0,"125":0,"126":28,"127":36,"128":36,"129":39,"130":36,"131":26,"132":36,"133":36,"134":36,"135":36,"136":38,"137":25,"138":13,"139":3,"140":10,"141":36,"142":8,"143":8,"144":8,"145":8,"146":7,"147":8,"148":8,"149":5,"150":3,"151":2,"152":2,"153":1,"154":8},"f":{"0":6,"1":27,"2":31,"3":14,"4":6,"5":6,"6":8,"7":44,"8":5,"9":2,"10":4,"11":6,"12":6,"13":3,"14":47,"15":32,"16":36,"17":26,"18":8,"19":7},"b":{"0":[27,0],"1":[3,24],"2":[2,22],"3":[24,23],"4":[1,21],"5":[1,20],"6":[15,5],"7":[5,0],"8":[5,5],"9":[1,4],"10":[1,3],"11":[4,4],"12":[1,2],"13":[31],"14":[14],"15":[1,9],"16":[0,9],"17":[9,9],"18":[1,11],"19":[1,10],"20":[6],"21":[0,5],"22":[5,5,5],"23":[0,9],"24":[9,9],"25":[1,8],"26":[6],"27":[0,6],"28":[6,6,5],"29":[5,1],"30":[1,10],"31":[1,0],"32":[1,1],"33":[10,0],"34":[11,0],"35":[0,11],"36":[8],"37":[4,10],"38":[14,11],"39":[1,9],"40":[8,0],"41":[9,0],"42":[4,0],"43":[0,5],"44":[0,5],"45":[2,1,1,1,42],"46":[32],"47":[4,0,0,0,28],"48":[25,13],"49":[3,10],"50":[5,3],"51":[1,2],"52":[2,1],"53":[1,1]},"meta":{"lastBranch":54,"lastFunction":20,"lastStatement":155,"seen":{"f:9:2:9:14":0,"s:10:4:10:Infinity":0,"s:11:4:11:Infinity":1,"f:17:16:17:29":1,"s:18:14:18:Infinity":2,"b:18:14:18:54:18:58:18:Infinity":0,"b:21:2:21:Infinity:undefined:undefined:undefined:undefined":1,"s:21:2:21:Infinity":3,"s:21:22:21:Infinity":4,"b:22:2:22:Infinity:undefined:undefined:undefined:undefined":2,"s:22:2:22:Infinity":5,"b:22:6:22:24:22:24:22:39":3,"s:22:39:22:Infinity":6,"b:23:2:23:Infinity:undefined:undefined:undefined:undefined":4,"s:23:2:23:Infinity":7,"s:23:21:23:Infinity":8,"b:24:2:24:Infinity:undefined:undefined:undefined:undefined":5,"s:24:2:24:Infinity":9,"s:24:20:24:Infinity":10,"b:25:2:25:Infinity:undefined:undefined:undefined:undefined":6,"s:25:2:25:Infinity":11,"s:25:21:25:Infinity":12,"b:28:2:32:Infinity:undefined:undefined:undefined:undefined":7,"s:28:2:32:Infinity":13,"b:28:6:28:20:28:20:28:78":8,"s:29:20:29:34":14,"b:30:4:30:Infinity:undefined:undefined:undefined:undefined":9,"s:30:4:30:Infinity":15,"s:30:33:30:Infinity":16,"b:31:4:31:Infinity:undefined:undefined:undefined:undefined":10,"s:31:4:31:Infinity":17,"b:31:8:31:33:31:37:31:80":11,"s:31:82:31:Infinity":18,"b:32:4:32:Infinity:undefined:undefined:undefined:undefined":12,"s:32:4:32:Infinity":19,"s:32:39:32:Infinity":20,"s:35:2:35:Infinity":21,"f:45:16:45:29":2,"b:45:58:45:75":13,"s:46:2:46:Infinity":22,"f:49:16:49:26":3,"b:49:55:49:72":14,"s:51:2:54:Infinity":23,"s:52:4:52:Infinity":24,"s:54:4:54:Infinity":25,"b:57:2:58:Infinity:undefined:undefined:undefined:undefined":15,"s:57:2:58:Infinity":26,"s:58:4:58:Infinity":27,"b:60:2:61:Infinity:undefined:undefined:undefined:undefined":16,"s:60:2:61:Infinity":28,"b:60:6:60:36:60:36:60:53":17,"s:61:4:61:Infinity":29,"s:64:14:64:Infinity":30,"s:65:25:65:27":31,"s:66:29:66:31":32,"s:68:2:83:Infinity":33,"b:69:4:71:Infinity:undefined:undefined:undefined:undefined":18,"s:69:4:71:Infinity":34,"s:70:6:70:Infinity":35,"s:71:6:71:Infinity":36,"b:73:4:75:Infinity:undefined:undefined:undefined:undefined":19,"s:73:4:75:Infinity":37,"s:74:6:74:Infinity":38,"s:75:6:75:Infinity":39,"s:77:4:83:Infinity":40,"s:86:2:86:Infinity":41,"f:89:16:89:26":4,"b:89:55:89:72":20,"s:91:2:94:Infinity":42,"s:92:4:92:Infinity":43,"s:94:4:94:Infinity":44,"b:97:2:98:Infinity:undefined:undefined:undefined:undefined":21,"s:97:2:98:Infinity":45,"b:97:6:97:36:97:36:97:55:97:55:97:76":22,"s:98:4:98:Infinity":46,"s:101:14:101:Infinity":47,"s:102:25:102:27":48,"s:103:29:103:31":49,"s:105:2:120:Infinity":50,"b:106:4:108:Infinity:undefined:undefined:undefined:undefined":23,"s:106:4:108:Infinity":51,"b:106:8:106:26:106:26:106:47":24,"s:107:6:107:Infinity":52,"s:108:6:108:Infinity":53,"b:110:4:112:Infinity:undefined:undefined:undefined:undefined":25,"s:110:4:112:Infinity":54,"s:111:6:111:Infinity":55,"s:112:6:112:Infinity":56,"s:114:4:120:Infinity":57,"s:123:2:123:Infinity":58,"f:126:16:126:25":5,"b:126:54:126:71":26,"s:127:17:127:72":59,"s:128:15:128:Infinity":60,"b:130:2:130:Infinity:undefined:undefined:undefined:undefined":27,"s:130:2:130:Infinity":61,"s:130:25:130:Infinity":62,"s:132:25:132:27":63,"s:133:29:133:31":64,"s:136:19:136:Infinity":65,"s:138:4:140:Infinity":66,"b:138:4:138:Infinity:139:4:139:Infinity:140:4:140:Infinity":28,"s:141:19:141:Infinity":67,"b:141:32:141:45:141:48:141:Infinity":29,"s:143:2:159:Infinity":68,"b:144:4:148:Infinity:undefined:undefined:undefined:undefined":30,"s:144:4:148:Infinity":69,"b:145:6:146:Infinity:undefined:undefined:undefined:undefined":31,"s:145:6:146:Infinity":70,"b:145:10:145:30:145:30:145:44":32,"s:146:8:146:Infinity":71,"s:148:6:148:Infinity":72,"s:150:16:150:Infinity":73,"b:150:16:150:30:150:34:150:Infinity":33,"s:151:16:151:Infinity":74,"b:151:16:151:26:151:26:151:Infinity":34,"b:152:4:152:Infinity:undefined:undefined:undefined:undefined":35,"s:152:4:152:Infinity":75,"s:152:14:152:Infinity":76,"s:153:4:159:Infinity":77,"s:162:2:162:Infinity":78,"f:165:16:165:33":6,"b:165:62:165:79":36,"s:166:29:166:31":79,"s:168:2:172:Infinity":80,"s:169:20:169:31":81,"b:170:4:170:Infinity:undefined:undefined:undefined:undefined":37,"s:170:4:170:Infinity":82,"b:170:8:170:20:170:20:170:43":38,"s:170:45:170:Infinity":83,"b:171:4:171:Infinity:undefined:undefined:undefined:undefined":39,"s:171:4:171:Infinity":84,"s:171:40:171:Infinity":85,"s:172:4:172:Infinity":86,"s:175:15:175:89":87,"b:175:33:175:84:175:87:175:89":40,"s:176:2:176:Infinity":88,"f:181:16:181:32":7,"s:182:2:182:Infinity":89,"f:185:16:185:30":8,"s:186:38:186:40":90,"s:187:2:188:Infinity":91,"b:188:4:188:Infinity:undefined:undefined:undefined:undefined":41,"s:188:4:188:Infinity":92,"s:188:22:188:Infinity":93,"s:190:2:190:Infinity":94,"f:193:16:193:30":9,"s:194:38:194:40":95,"s:195:2:196:Infinity":96,"b:196:4:196:Infinity:undefined:undefined:undefined:undefined":42,"s:196:4:196:Infinity":97,"s:196:22:196:Infinity":98,"s:198:2:198:Infinity":99,"f:201:16:201:29":10,"s:202:19:202:49":100,"f:202:24:202:31":11,"s:202:36:202:48":101,"s:203:27:203:83":102,"f:203:58:203:62":12,"s:203:67:203:81":103,"s:204:2:204:Infinity":104,"f:207:16:207:37":13,"s:208:29:208:31":105,"s:209:26:209:28":106,"s:211:2:217:Infinity":107,"b:212:4:212:Infinity:undefined:undefined:undefined:undefined":43,"s:212:4:212:Infinity":108,"s:212:23:212:Infinity":109,"b:213:4:215:Infinity:undefined:undefined:undefined:undefined":44,"s:213:4:215:Infinity":110,"s:214:6:214:Infinity":111,"s:215:6:215:Infinity":112,"s:217:4:217:Infinity":113,"s:220:2:220:Infinity":114,"f:225:16:225:34":14,"b:227:4:227:Infinity:228:4:228:Infinity:229:4:229:Infinity:230:4:230:Infinity:231:4:231:Infinity":45,"s:226:2:231:Infinity":115,"s:227:18:227:Infinity":116,"s:228:18:228:Infinity":117,"s:229:18:229:Infinity":118,"s:230:18:230:Infinity":119,"s:231:18:231:Infinity":120,"f:235:16:235:30":15,"b:235:81:235:98":46,"b:237:4:237:Infinity:238:4:238:Infinity:239:4:239:Infinity:240:4:240:Infinity:241:4:241:Infinity":47,"s:236:2:241:Infinity":121,"s:237:18:237:Infinity":122,"s:238:18:238:Infinity":123,"s:239:18:239:Infinity":124,"s:240:18:240:Infinity":125,"s:241:18:241:Infinity":126,"f:247:16:247:Infinity":16,"s:252:22:252:47":127,"s:253:2:254:Infinity":128,"s:254:4:254:Infinity":129,"s:257:22:257:80":130,"f:257:55:257:59":17,"s:257:64:257:78":131,"s:258:28:258:30":132,"s:259:33:259:35":133,"s:260:65:260:67":134,"s:262:2:268:Infinity":135,"b:263:4:268:Infinity:265:15:268:Infinity":48,"s:263:4:268:Infinity":136,"s:264:6:264:Infinity":137,"b:265:15:268:Infinity:267:11:268:Infinity":49,"s:265:15:268:Infinity":138,"s:266:6:266:Infinity":139,"s:268:6:268:Infinity":140,"s:272:2:272:Infinity":141,"f:277:16:277:Infinity":18,"s:284:22:284:47":142,"s:285:2:286:Infinity":143,"s:286:4:286:Infinity":144,"s:289:17:289:78":145,"f:289:50:289:54":19,"s:289:59:289:76":146,"s:291:2:301:Infinity":147,"b:292:4:301:Infinity:295:15:301:Infinity":50,"s:292:4:301:Infinity":148,"s:294:6:294:Infinity":149,"b:295:15:301:Infinity:297:11:301:Infinity":51,"s:295:15:301:Infinity":150,"s:299:23:299:Infinity":151,"b:299:23:299:41:299:45:299:Infinity":52,"b:300:6:301:Infinity:undefined:undefined:undefined:undefined":53,"s:300:6:301:Infinity":152,"s:301:8:301:Infinity":153,"s:307:2:307:Infinity":154}}}
,"/Users/darshanaswathappa/Desktop/env-manager/src/lib/projectTree.ts": {"path":"/Users/darshanaswathappa/Desktop/env-manager/src/lib/projectTree.ts","statementMap":{"0":{"start":{"line":4,"column":21},"end":{"line":4,"column":53}},"1":{"start":{"line":4,"column":47},"end":{"line":4,"column":52}},"2":{"start":{"line":7,"column":21},"end":{"line":10,"column":77}},"3":{"start":{"line":8,"column":19},"end":{"line":8,"column":45}},"4":{"start":{"line":9,"column":22},"end":{"line":9,"column":48}},"5":{"start":{"line":10,"column":20},"end":{"line":10,"column":76}},"6":{"start":{"line":11,"column":4},"end":{"line":11,"column":null}},"7":{"start":{"line":15,"column":2},"end":{"line":18,"column":null}},"8":{"start":{"line":16,"column":17},"end":{"line":16,"column":67}},"9":{"start":{"line":17,"column":20},"end":{"line":17,"column":46}},"10":{"start":{"line":18,"column":14},"end":{"line":18,"column":33}},"11":{"start":{"line":22,"column":15},"end":{"line":22,"column":52}},"12":{"start":{"line":22,"column":41},"end":{"line":22,"column":50}},"13":{"start":{"line":23,"column":27},"end":{"line":23,"column":29}},"14":{"start":{"line":24,"column":16},"end":{"line":24,"column":35}},"15":{"start":{"line":25,"column":2},"end":{"line":29,"column":null}},"16":{"start":{"line":26,"column":19},"end":{"line":26,"column":45}},"17":{"start":{"line":27,"column":4},"end":{"line":27,"column":null}},"18":{"start":{"line":27,"column":17},"end":{"line":27,"column":null}},"19":{"start":{"line":28,"column":4},"end":{"line":28,"column":null}},"20":{"start":{"line":29,"column":4},"end":{"line":29,"column":null}},"21":{"start":{"line":31,"column":2},"end":{"line":31,"column":null}},"22":{"start":{"line":35,"column":2},"end":{"line":35,"column":null}},"23":{"start":{"line":35,"column":40},"end":{"line":35,"column":71}},"24":{"start":{"line":39,"column":15},"end":{"line":39,"column":52}},"25":{"start":{"line":39,"column":41},"end":{"line":39,"column":50}},"26":{"start":{"line":40,"column":18},"end":{"line":40,"column":37}},"27":{"start":{"line":41,"column":2},"end":{"line":41,"column":null}},"28":{"start":{"line":41,"column":16},"end":{"line":41,"column":null}},"29":{"start":{"line":43,"column":2},"end":{"line":43,"column":null}},"30":{"start":{"line":43,"column":46},"end":{"line":43,"column":null}},"31":{"start":{"line":45,"column":20},"end":{"line":45,"column":57}},"32":{"start":{"line":46,"column":17},"end":{"line":46,"column":68}},"33":{"start":{"line":46,"column":36},"end":{"line":46,"column":50}},"34":{"start":{"line":48,"column":2},"end":{"line":61,"column":null}},"35":{"start":{"line":50,"column":19},"end":{"line":50,"column":44}},"36":{"start":{"line":51,"column":4},"end":{"line":52,"column":null}},"37":{"start":{"line":52,"column":6},"end":{"line":52,"column":null}},"38":{"start":{"line":52,"column":34},"end":{"line":52,"column":null}},"39":{"start":{"line":54,"column":4},"end":{"line":54,"column":null}},"40":{"start":{"line":57,"column":19},"end":{"line":57,"column":44}},"41":{"start":{"line":58,"column":4},"end":{"line":59,"column":null}},"42":{"start":{"line":59,"column":6},"end":{"line":59,"column":null}},"43":{"start":{"line":59,"column":34},"end":{"line":59,"column":null}},"44":{"start":{"line":61,"column":4},"end":{"line":61,"column":null}}},"fnMap":{"0":{"name":"buildProjectTree","decl":{"start":{"line":3,"column":16},"end":{"line":3,"column":33}},"loc":{"start":{"line":3,"column":73},"end":{"line":18,"column":null}},"line":3},"1":{"name":"(anonymous_1)","decl":{"start":{"line":4,"column":38},"end":{"line":4,"column":42}},"loc":{"start":{"line":4,"column":47},"end":{"line":4,"column":52}},"line":4},"2":{"name":"buildNode","decl":{"start":{"line":6,"column":11},"end":{"line":6,"column":21}},"loc":{"start":{"line":6,"column":97},"end":{"line":11,"column":null}},"line":6},"3":{"name":"(anonymous_3)","decl":{"start":{"line":8,"column":7},"end":{"line":8,"column":14}},"loc":{"start":{"line":8,"column":19},"end":{"line":8,"column":45}},"line":8},"4":{"name":"(anonymous_4)","decl":{"start":{"line":9,"column":7},"end":{"line":9,"column":13}},"loc":{"start":{"line":9,"column":22},"end":{"line":9,"column":48}},"line":9},"5":{"name":"(anonymous_5)","decl":{"start":{"line":10,"column":7},"end":{"line":10,"column":11}},"loc":{"start":{"line":10,"column":20},"end":{"line":10,"column":76}},"line":10},"6":{"name":"(anonymous_6)","decl":{"start":{"line":16,"column":5},"end":{"line":16,"column":12}},"loc":{"start":{"line":16,"column":17},"end":{"line":16,"column":67}},"line":16},"7":{"name":"(anonymous_7)","decl":{"start":{"line":17,"column":5},"end":{"line":17,"column":11}},"loc":{"start":{"line":17,"column":20},"end":{"line":17,"column":46}},"line":17},"8":{"name":"(anonymous_8)","decl":{"start":{"line":18,"column":5},"end":{"line":18,"column":9}},"loc":{"start":{"line":18,"column":14},"end":{"line":18,"column":33}},"line":18},"9":{"name":"getAncestorChain","decl":{"start":{"line":21,"column":16},"end":{"line":21,"column":33}},"loc":{"start":{"line":21,"column":84},"end":{"line":31,"column":null}},"line":21},"10":{"name":"(anonymous_10)","decl":{"start":{"line":22,"column":32},"end":{"line":22,"column":36}},"loc":{"start":{"line":22,"column":41},"end":{"line":22,"column":50}},"line":22},"11":{"name":"getActiveVars","decl":{"start":{"line":34,"column":16},"end":{"line":34,"column":30}},"loc":{"start":{"line":34,"column":58},"end":{"line":35,"column":null}},"line":34},"12":{"name":"(anonymous_12)","decl":{"start":{"line":35,"column":30},"end":{"line":35,"column":35}},"loc":{"start":{"line":35,"column":40},"end":{"line":35,"column":71}},"line":35},"13":{"name":"computeEffectiveVars","decl":{"start":{"line":38,"column":16},"end":{"line":38,"column":37}},"loc":{"start":{"line":38,"column":87},"end":{"line":61,"column":null}},"line":38},"14":{"name":"(anonymous_14)","decl":{"start":{"line":39,"column":32},"end":{"line":39,"column":36}},"loc":{"start":{"line":39,"column":41},"end":{"line":39,"column":50}},"line":39},"15":{"name":"(anonymous_15)","decl":{"start":{"line":46,"column":27},"end":{"line":46,"column":31}},"loc":{"start":{"line":46,"column":36},"end":{"line":46,"column":50}},"line":46}},"branchMap":{"0":{"loc":{"start":{"line":16,"column":17},"end":{"line":16,"column":67}},"type":"binary-expr","locations":[{"start":{"line":16,"column":17},"end":{"line":16,"column":40}},{"start":{"line":16,"column":40},"end":{"line":16,"column":67}}],"line":16},"1":{"loc":{"start":{"line":27,"column":4},"end":{"line":27,"column":null}},"type":"if","locations":[{"start":{"line":27,"column":4},"end":{"line":27,"column":null}},{"start":{},"end":{}}],"line":27},"2":{"loc":{"start":{"line":35,"column":9},"end":{"line":35,"column":83}},"type":"binary-expr","locations":[{"start":{"line":35,"column":9},"end":{"line":35,"column":81}},{"start":{"line":35,"column":81},"end":{"line":35,"column":83}}],"line":35},"3":{"loc":{"start":{"line":41,"column":2},"end":{"line":41,"column":null}},"type":"if","locations":[{"start":{"line":41,"column":2},"end":{"line":41,"column":null}},{"start":{},"end":{}}],"line":41},"4":{"loc":{"start":{"line":43,"column":2},"end":{"line":43,"column":null}},"type":"if","locations":[{"start":{"line":43,"column":2},"end":{"line":43,"column":null}},{"start":{},"end":{}}],"line":43},"5":{"loc":{"start":{"line":48,"column":2},"end":{"line":61,"column":null}},"type":"if","locations":[{"start":{"line":48,"column":2},"end":{"line":61,"column":null}},{"start":{"line":55,"column":9},"end":{"line":61,"column":null}}],"line":48}},"s":{"0":289,"1":226,"2":226,"3":270,"4":0,"5":8,"6":226,"7":289,"8":226,"9":13,"10":218,"11":4,"12":8,"13":4,"14":4,"15":4,"16":4,"17":4,"18":0,"19":4,"20":4,"21":4,"22":3,"23":4,"24":4,"25":7,"26":4,"27":4,"28":1,"29":3,"30":1,"31":2,"32":2,"33":2,"34":2,"35":1,"36":1,"37":2,"38":3,"39":1,"40":1,"41":1,"42":2,"43":2,"44":1},"f":{"0":289,"1":226,"2":226,"3":270,"4":0,"5":8,"6":226,"7":13,"8":218,"9":4,"10":8,"11":3,"12":4,"13":4,"14":7,"15":2},"b":{"0":[226,9],"1":[0,4],"2":[3,1],"3":[1,3],"4":[1,2],"5":[1,1]},"meta":{"lastBranch":6,"lastFunction":16,"lastStatement":45,"seen":{"f:3:16:3:33":0,"s:4:21:4:53":0,"f:4:38:4:42":1,"s:4:47:4:52":1,"f:6:11:6:21":2,"s:7:21:10:77":2,"f:8:7:8:14":3,"s:8:19:8:45":3,"f:9:7:9:13":4,"s:9:22:9:48":4,"f:10:7:10:11":5,"s:10:20:10:76":5,"s:11:4:11:Infinity":6,"s:15:2:18:Infinity":7,"f:16:5:16:12":6,"s:16:17:16:67":8,"b:16:17:16:40:16:40:16:67":0,"f:17:5:17:11":7,"s:17:20:17:46":9,"f:18:5:18:9":8,"s:18:14:18:33":10,"f:21:16:21:33":9,"s:22:15:22:52":11,"f:22:32:22:36":10,"s:22:41:22:50":12,"s:23:27:23:29":13,"s:24:16:24:35":14,"s:25:2:29:Infinity":15,"s:26:19:26:45":16,"b:27:4:27:Infinity:undefined:undefined:undefined:undefined":1,"s:27:4:27:Infinity":17,"s:27:17:27:Infinity":18,"s:28:4:28:Infinity":19,"s:29:4:29:Infinity":20,"s:31:2:31:Infinity":21,"f:34:16:34:30":11,"s:35:2:35:Infinity":22,"b:35:9:35:81:35:81:35:83":2,"f:35:30:35:35":12,"s:35:40:35:71":23,"f:38:16:38:37":13,"s:39:15:39:52":24,"f:39:32:39:36":14,"s:39:41:39:50":25,"s:40:18:40:37":26,"b:41:2:41:Infinity:undefined:undefined:undefined:undefined":3,"s:41:2:41:Infinity":27,"s:41:16:41:Infinity":28,"b:43:2:43:Infinity:undefined:undefined:undefined:undefined":4,"s:43:2:43:Infinity":29,"s:43:46:43:Infinity":30,"s:45:20:45:57":31,"s:46:17:46:68":32,"f:46:27:46:31":15,"s:46:36:46:50":33,"b:48:2:61:Infinity:55:9:61:Infinity":5,"s:48:2:61:Infinity":34,"s:50:19:50:44":35,"s:51:4:52:Infinity":36,"s:52:6:52:Infinity":37,"s:52:34:52:Infinity":38,"s:54:4:54:Infinity":39,"s:57:19:57:44":40,"s:58:4:59:Infinity":41,"s:59:6:59:Infinity":42,"s:59:34:59:Infinity":43,"s:61:4:61:Infinity":44}}}
}
